@32 trans (23,567,676)
@32 trans (94,337,1313)
@32 trans (44,891,1752)
@32 trans (100,490,868)
@32 trans (93,465,892)
@32 trans (8,454,157)
@32 trans (6,771,500)
@32 trans (60,789,183)
@32 trans (52,182,1875)
@32 trans (6,917,1299)
@32 trans (13,889,99)
@32 trans (11,311,2488)
@32 trans (31,778,1335)
@32 trans (49,856,2388)
@32 trans (7,29,2225)
@32 trans (80,616,989)
@32 trans (29,280,763)
@32 trans (16,905,1324)
@32 trans (42,266,195)
@32 trans (97,886,1413)
@32 trans (71,366,1955)
@32 trans (19,153,1689)
@32 trans (64,660,1776)
@32 trans (7,821,1571)
@32 trans (56,253,1219)
@32 trans (74,248,1505)
@32 trans (61,577,2034)
@32 trans (87,57,2255)
@32 trans (64,887,1591)
@32 trans (57,184,534)
@32 trans (24,842,124)
@32 trans (47,985,1372)
@32 trans (38,499,2016)
@32 trans (17,179,603)
@32 trans (17,810,498)
@32 trans (57,488,2384)
@32 trans (6,213,734)
@32 trans (80,235,1000)
@32 trans (18,47,1124)
@32 trans (74,45,229)
@32 trans (44,3,1605)
@32 trans (84,267,1959)
@32 trans (79,280,1659)
@32 trans (57,32,117)
@32 trans (37,776,1937)
@32 trans (85,439,1980)
@32 trans (66,796,2155)
@32 trans (36,578,1625)
@32 trans (7,579,2432)
@32 trans (33,76,1535)
@32 trans (28,60,1583)
@32 trans (9,868,2041)
@32 trans (6,170,2060)
@32 trans (42,326,2201)
@32 trans (28,332,406)
@32 trans (22,730,1692)
@32 trans (59,594,1014)
@32 trans (9,435,1771)
@32 trans (7,710,1686)
@32 trans (19,138,780)
@32 trans (66,556,2018)
@32 trans (85,827,72)
@32 trans (61,305,647)
@32 trans (56,828,1701)
@32 trans (6,939,540)
@32 trans (88,438,439)
@32 trans (78,47,532)
@32 trans (57,964,2080)
@32 trans (68,921,1668)
@32 trans (89,209,1350)
@32 trans (84,210,845)
@32 trans (31,339,865)
@32 trans (47,829,704)
@32 trans (73,726,336)
@32 trans (60,849,253)
@32 trans (3,415,1742)
@32 trans (81,661,702)
@32 trans (31,995,1049)
@32 trans (46,368,363)
@32 trans (52,664,797)
@32 trans (38,465,2264)
@32 trans (42,446,1267)
@32 trans (58,731,1510)
@32 trans (61,452,988)
@32 trans (37,378,2251)
@32 trans (86,332,404)
@32 trans (91,920,2228)
@32 trans (52,895,2442)
@32 trans (48,532,1370)
@32 trans (60,824,681)
@32 trans (49,180,1410)
@32 trans (32,944,104)
@32 trans (28,747,527)
@33 trans (3,559,75)
@33 trans (99,440,852)
@33 trans (35,765,771)
@33 trans (19,596,2282)
@33 trans (39,931,183)
@33 trans (44,335,487)
@33 trans (56,652,1356)
@33 trans (72,558,367)
@33 trans (42,778,918)
@33 trans (33,619,1526)
@33 trans (40,915,716)
@33 trans (70,289,2072)
@33 trans (100,971,456)
@33 trans (42,528,1646)
@33 trans (20,617,497)
@33 trans (65,285,317)
@33 trans (1,241,1925)
@33 trans (97,576,825)
@33 trans (83,51,1061)
@33 trans (7,237,1017)
@33 trans (25,622,2102)
@33 trans (12,119,176)
@33 trans (92,47,1056)
@33 report (326)
@33 trans (4,10,1650)
@33 trans (33,797,524)
@33 trans (32,809,2037)
@33 trans (26,545,1660)
@33 trans (56,196,320)
@33 trans (60,653,846)
@33 trans (66,488,997)
@33 trans (62,865,690)
@33 trans (97,805,609)
@33 trans (27,715,160)
@33 trans (84,148,1330)
@33 trans (74,403,1680)
@33 trans (20,773,855)
@33 trans (7,382,1250)
@33 trans (27,401,1413)
@33 trans (60,809,232)
@33 trans (91,626,10)
@33 trans (39,641,2490)
@33 trans (32,700,261)
@33 report (465)
@33 trans (69,179,134)
@33 trans (92,14,1730)
@33 trans (49,495,1925)
@33 trans (17,306,1028)
@33 trans (89,117,731)
@33 trans (62,290,100)
@33 trans (28,636,1731)
@33 trans (52,97,2298)
@33 trans (54,919,1165)
@33 trans (83,714,806)
@33 trans (24,371,605)
@33 trans (8,778,1108)
@33 trans (38,344,577)
@33 trans (10,344,581)
@33 trans (66,26,2498)
@33 trans (33,184,1032)
@33 trans (45,374,830)
@33 trans (75,244,1110)
@33 trans (49,21,1180)
@33 trans (16,303,322)
@33 trans (41,36,477)
@33 trans (15,316,1045)
@33 trans (11,514,1950)
@33 trans (8,477,740)
@33 trans (2,137,472)
@33 trans (5,76,2093)
@33 trans (92,74,793)
@33 trans (70,530,1488)
@33 trans (80,492,368)
@33 trans (81,243,2143)
@33 trans (11,444,1023)
@33 trans (10,440,853)
@33 report (29)
@33 trans (30,353,2316)
@33 trans (57,839,1919)
@33 trans (77,29,253)
@33 trans (57,595,1596)
@33 trans (68,577,883)
@33 trans (98,151,1854)
@33 trans (13,195,1647)
@33 trans (11,530,1412)
@33 trans (64,531,2318)
@33 trans (2,481,695)
@33 trans (83,335,1018)
@33 trans (66,759,615)
@33 trans (88,75,1009)
@33 trans (49,300,262)
@33 trans (13,366,539)
@33 trans (23,892,1849)
@33 trans (73,694,1267)
@33 trans (24,918,763)
@33 trans (87,285,1289)
@33 trans (66,953,2340)
@34 trans (93,258,1184)
@34 trans (19,785,1507)
@34 trans (19,909,1621)
@34 trans (67,325,392)
@34 trans (26,240,1289)
@34 trans (83,660,81)
@34 trans (70,74,542)
@34 trans (56,698,940)
@34 report (499)
@34 trans (73,193,2458)
@34 trans (93,381,630)
@34 trans (2,824,721)
@34 trans (88,60,774)
@34 trans (76,719,1484)
@34 trans (9,97,1201)
@34 trans (46,580,1894)
@34 trans (73,176,63)
@34 trans (46,140,497)
@34 trans (16,22,506)
@34 trans (5,262,1212)
@34 trans (54,873,1589)
@34 trans (96,316,1594)
@34 trans (10,770,406)
@34 trans (59,139,1861)
@34 trans (30,50,691)
@34 trans (20,730,999)
@34 trans (86,296,1088)
@34 trans (10,13,945)
@34 trans (12,990,1457)
@34 trans (99,939,105)
@34 trans (45,61,993)
@34 trans (65,433,367)
@34 trans (72,152,1555)
@34 trans (22,454,1149)
@34 trans (59,729,990)
@34 trans (6,745,1864)
@34 trans (46,514,1846)
@34 trans (36,400,1571)
@34 trans (45,96,491)
@34 trans (26,147,1331)
@34 trans (36,566,115)
@34 trans (24,205,1995)
@34 trans (9,586,775)
@34 trans (87,737,1795)
@34 trans (49,186,241)
@34 trans (92,179,129)
@34 trans (56,285,610)
@34 trans (35,979,1515)
@34 trans (38,438,2188)
@34 trans (48,466,1507)
@34 trans (11,155,1388)
@34 trans (22,24,326)
@34 trans (22,797,2250)
@34 trans (41,936,1998)
@34 trans (1,245,2380)
@34 trans (3,912,2378)
@34 trans (26,387,1089)
@34 trans (68,894,1107)
@34 trans (64,767,678)
@34 trans (10,801,223)
@34 trans (2,183,675)
@34 trans (16,919,1720)
@34 trans (58,829,1868)
@34 trans (96,256,1230)
@34 trans (20,686,1741)
@34 trans (86,425,21)
@34 trans (46,943,1893)
@34 report (170)
@34 trans (5,993,1505)
@34 trans (40,522,40)
@34 trans (56,652,437)
@34 trans (20,205,1488)
@34 trans (99,652,509)
@34 trans (39,314,736)
@34 trans (26,421,1011)
@34 trans (92,451,2321)
@34 trans (56,286,155)
@34 trans (40,585,83)
@34 trans (67,694,856)
@34 report (556)
@34 trans (11,431,610)
@34 trans (63,778,7)
@34 trans (12,74,2052)
@34 trans (17,812,1913)
@34 trans (45,143,863)
@34 trans (28,292,1778)
@34 trans (24,535,1658)
@34 trans (56,48,89)
@34 trans (54,112,2275)
@34 trans (11,443,725)
@34 trans (68,513,1005)
@35 trans (42,548,94)
@35 trans (63,743,2079)
@35 trans (34,855,2361)
@35 trans (11,453,652)
@35 trans (15,645,2312)
@35 trans (15,388,1370)
@35 trans (93,918,1420)
@35 trans (61,983,265)
@35 trans (10,171,1364)
@35 trans (14,667,710)
@35 trans (19,670,2386)
@35 trans (82,398,1774)
@35 trans (55,732,1442)
@35 trans (75,710,1869)
@35 trans (49,948,2139)
@35 report (579)
@35 trans (24,553,1983)
@35 trans (22,133,916)
@35 trans (80,809,1636)
@35 trans (25,714,80)
@35 trans (95,961,1000)
@35 trans (62,981,1327)
@35 trans (14,506,2144)
@35 trans (78,244,453)
@35 trans (74,964,2194)
@35 trans (91,244,833)
@35 trans (66,864,2006)
@35 trans (22,495,1909)
@35 trans (60,62,1205)
@35 trans (92,273,753)
@35 report (531)
@35 trans (92,559,2069)
@35 trans (69,39,1944)
@35 trans (52,348,460)
@35 trans (36,178,1095)
@35 trans (99,211,2165)
@35 trans (23,535,1228)
@35 trans (57,501,1261)
@35 trans (1,12,1313)
@35 trans (17,132,5)
@35 trans (78,153,581)
@35 trans (8,146,705)
@35 trans (66,274,1965)
@35 trans (7,848,1948)
@35 trans (72,745,251)
@35 trans (60,896,579)
@35 trans (9,280,1011)
@35 trans (10,228,2398)
@35 trans (43,898,1472)
@35 trans (85,757,2390)
@35 trans (16,242,781)
@35 trans (48,888,953)
@35 trans (22,748,2159)
@35 trans (12,587,684)
@35 trans (98,69,1995)
@35 trans (6,860,2172)
@35 trans (65,961,810)
@35 trans (77,772,2342)
@35 trans (68,42,544)
@35 trans (96,502,1801)
@35 trans (14,186,2238)
@35 report (57)
@35 trans (51,492,2339)
@35 trans (25,213,268)
@35 trans (21,630,1174)
@35 trans (27,698,1905)
@35 trans (66,238,158)
@35 trans (77,350,1321)
@35 trans (70,623,216)
@35 trans (64,894,2260)
@35 trans (24,536,806)
@35 trans (31,175,2236)
@35 trans (47,844,340)
@35 trans (39,590,1159)
@35 trans (22,353,903)
@35 trans (3,516,553)
@35 trans (67,479,2074)
@35 report (112)
@35 trans (81,843,419)
@35 trans (14,890,2279)
@35 trans (2,467,1517)
@35 trans (77,157,1159)
@35 trans (16,281,1774)
@35 report (74)
@35 trans (44,707,973)
@35 trans (10,899,164)
@35 trans (68,767,1118)
@35 trans (79,652,1820)
@35 trans (13,282,1630)
@35 trans (44,921,2135)
@35 trans (12,393,486)
@35 trans (20,485,2364)
@35 trans (51,757,712)
@35 trans (100,979,1620)
@35 trans (85,225,227)
@35 report (856)
@35 trans (4,172,2295)
@36 trans (99,949,1224)
@36 trans (56,105,949)
@36 trans (45,836,1523)
@36 trans (96,626,1661)
@36 trans (28,858,1029)
@36 trans (53,730,1561)
@36 trans (23,760,1842)
@36 report (797)
@36 trans (57,986,2191)
@36 trans (100,339,2056)
@36 trans (44,822,1245)
@36 trans (31,956,1719)
@36 trans (22,886,1034)
@36 trans (81,747,474)
@36 trans (73,626,1511)
@36 trans (95,39,1962)
@36 trans (81,468,28)
@36 trans (100,607,515)
@36 trans (62,242,1554)
@36 trans (35,935,110)
@36 report (488)
@36 trans (19,446,1513)
@36 trans (75,600,133)
@36 trans (61,150,647)
@36 trans (38,788,1767)
@36 trans (22,338,498)
@36 trans (55,258,782)
@36 trans (34,492,50)
@36 trans (44,98,634)
@36 trans (37,214,1466)
@36 trans (1,190,1180)
@36 report (596)
@36 trans (15,181,199)
@36 report (311)
@36 trans (3,330,1986)
@36 trans (24,240,330)
@36 trans (51,505,824)
@36 trans (59,224,1180)
@36 trans (48,920,1951)
@36 trans (49,710,1453)
@36 trans (45,447,2261)
@36 trans (31,763,2459)
@36 trans (49,364,453)
@36 trans (51,517,1993)
@36 trans (25,304,770)
@36 trans (12,647,909)
@36 trans (62,55,2231)
@36 trans (14,560,1989)
@36 trans (32,398,1068)
@36 trans (67,665,2494)
@36 trans (78,997,2458)
@36 trans (73,234,871)
@36 trans (1,164,1956)
@36 trans (6,117,392)
@36 trans (6,442,2087)
@36 report (895)
@36 trans (36,486,1756)
@36 trans (18,499,148)
@36 trans (46,76,1983)
@36 trans (38,479,819)
@36 trans (73,933,2478)
@36 trans (100,736,96)
@36 trans (66,153,2351)
@36 trans (92,743,1729)
@36 trans (86,758,1809)
@36 report (920)
@36 trans (75,345,1781)
@36 trans (46,884,582)
@36 trans (97,627,1666)
@36 trans (30,338,221)
@36 trans (39,349,160)
@36 trans (47,51,1168)
@36 trans (9,475,2223)
@36 trans (34,294,1083)
@36 trans (52,570,840)
@36 trans (15,777,1894)
@36 trans (66,891,475)
@36 trans (23,777,2211)
@36 trans (8,130,1204)
@36 trans (95,258,450)
@36 trans (28,280,2348)
@36 trans (42,594,95)
@36 report (868)
@36 trans (93,133,2441)
@36 report (76)
@36 trans (77,383,1736)
@36 trans (93,56,1821)
@36 trans (51,409,128)
@36 trans (4,888,1140)
@36 trans (51,250,1037)
@36 trans (93,506,20)
@36 trans (35,937,1633)
@36 trans (63,501,666)
@36 trans (35,859,2464)
@36 trans (42,494,306)
@37 trans (8,844,2491)
@37 trans (7,484,289)
@37 trans (38,805,1997)
@37 trans (95,684,1449)
@37 report (763)
@37 trans (87,225,1675)
@37 trans (32,206,1168)
@37 trans (73,339,398)
@37 report (353)
@37 trans (17,21,387)
@37 report (479)
@37 trans (68,710,1112)
@37 trans (47,617,497)
@37 trans (23,225,1464)
@37 trans (15,909,2331)
@37 trans (61,605,1012)
@37 trans (14,75,248)
@37 trans (4,223,542)
@37 report (953)
@37 trans (10,798,623)
@37 trans (82,515,2415)
@37 trans (36,894,1703)
@37 trans (46,728,641)
@37 trans (33,190,232)
@37 trans (46,918,2040)
@37 trans (45,572,1187)
@37 trans (40,534,316)
@37 trans (16,263,1768)
@37 report (339)
@37 trans (79,454,858)
@37 trans (40,437,392)
@37 trans (83,220,2315)
@37 trans (37,725,471)
@37 trans (13,887,1433)
@37 trans (29,297,2401)
@37 trans (7,462,2434)
@37 report (186)
@37 trans (24,777,1402)
@37 trans (69,6,1149)
@37 trans (12,851,295)
@37 trans (81,805,1996)
@37 trans (71,141,1697)
@37 report (964)
@37 report (796)
@37 trans (70,21,1002)
@37 trans (25,444,769)
@37 trans (88,194,2141)
@37 report (772)
@37 trans (38,574,971)
@37 trans (95,995,2487)
@37 report (665)
@37 trans (65,360,320)
@37 trans (29,588,770)
@37 trans (16,998,2172)
@37 trans (84,11,2389)
@37 report (506)
@37 trans (31,449,1051)
@37 trans (26,440,1562)
@37 trans (83,270,131)
@37 trans (57,95,1044)
@37 trans (41,727,2230)
@37 trans (70,165,674)
@37 trans (19,990,737)
@37 report (451)
@37 trans (99,803,2146)
@37 trans (8,83,173)
@37 trans (34,51,237)
@37 trans (40,992,1923)
@37 trans (42,702,2079)
@37 trans (45,480,60)
@37 trans (46,211,1202)
@37 trans (29,567,881)
@37 trans (70,479,1470)
@37 report (912)
@37 trans (37,50,1751)
@37 trans (77,726,1999)
@37 trans (5,561,854)
@37 report (442)
@37 trans (13,287,1251)
@37 trans (76,103,1946)
@37 trans (90,876,119)
@37 trans (18,608,1304)
@37 trans (14,22,1469)
@37 report (55)
@37 trans (48,489,2113)
@37 trans (66,857,1870)
@37 trans (15,502,1396)
@37 report (933)
@37 trans (75,519,2103)
@37 report (559)
@37 trans (7,524,1815)
@37 trans (7,988,153)
@37 trans (2,689,550)
@37 trans (72,961,304)
@37 trans (26,972,301)
@37 trans (3,843,2423)
@37 trans (31,435,1616)
@37 trans (5,603,1339)
@37 report (211)
@38 trans (86,818,2363)
@38 report (11)
@38 trans (66,626,968)
@38 trans (30,645,1129)
@38 report (998)
@38 trans (88,705,570)
@38 trans (35,369,1895)
@38 trans (8,923,1611)
@38 trans (40,864,383)
@38 trans (68,21,700)
@38 trans (96,985,252)
@38 trans (94,623,1042)
@38 trans (37,296,1754)
@38 trans (10,118,1764)
@38 trans (90,249,656)
@38 trans (10,820,1094)
@38 trans (12,446,2046)
@38 trans (96,344,1926)
@38 trans (92,949,308)
@38 trans (80,946,1127)
@38 trans (54,183,1355)
@38 trans (46,898,1425)
@38 trans (89,713,1993)
@38 trans (71,114,2085)
@38 trans (37,706,393)
@38 trans (63,266,1956)
@38 trans (66,926,499)
@38 trans (81,113,1003)
@38 trans (93,119,2098)
@38 report (894)
@38 trans (18,269,978)
@38 trans (19,19,875)
@38 trans (56,511,41)
@38 trans (61,809,2461)
@38 trans (58,220,2051)
@38 trans (42,641,72)
@38 trans (66,579,1713)
@38 trans (12,877,2350)
@38 trans (53,109,1342)
@38 trans (33,397,1113)
@38 trans (79,588,766)
@38 trans (63,409,541)
@38 trans (98,519,2346)
@38 trans (54,631,1906)
@38 trans (95,919,1207)
@38 trans (45,426,350)
@38 trans (16,34,1600)
@38 trans (25,385,413)
@38 trans (91,198,253)
@38 trans (66,897,2350)
@38 trans (9,999,301)
@38 trans (57,814,2413)
@38 trans (45,21,1120)
@38 trans (45,852,120)
@38 trans (61,661,1606)
@38 trans (59,78,335)
@38 trans (87,632,1011)
@38 trans (50,948,1046)
@38 trans (28,699,2446)
@38 report (948)
@38 trans (89,882,841)
@38 trans (63,155,189)
@38 trans (58,447,1359)
@38 trans (30,586,1439)
@38 trans (4,252,836)
@38 trans (5,787,327)
@38 trans (7,123,576)
@38 trans (60,956,2140)
@38 trans (82,43,1063)
@38 trans (69,702,231)
@38 trans (22,86,1889)
@38 trans (65,873,2290)
@38 trans (61,942,1913)
@38 trans (33,652,2256)
@38 trans (57,708,585)
@38 trans (66,260,934)
@38 trans (84,866,1841)
@38 trans (48,780,1887)
@38 trans (82,634,2407)
@38 report (438)
@38 trans (61,693,2497)
@38 trans (88,675,2052)
@38 trans (94,529,1295)
@38 report (743)
@38 trans (13,286,2289)
@38 trans (21,769,1862)
@38 trans (16,8,2424)
@38 report (515)
@38 trans (16,460,704)
@38 trans (74,569,1731)
@38 trans (73,358,333)
@38 trans (96,389,1492)
@38 trans (90,834,858)
@38 trans (48,367,89)
@38 trans (54,937,2496)
@38 trans (14,827,1289)
@38 trans (14,44,2071)
@38 trans (88,915,747)
@38 trans (70,335,2113)
@38 trans (32,2,688)
@39 trans (15,518,2425)
@39 trans (69,522,1942)
@39 trans (9,844,322)
@39 trans (55,618,2110)
@39 trans (97,154,2039)
@39 trans (18,361,2455)
@39 trans (54,862,2326)
@39 report (485)
@39 trans (79,622,173)
@39 trans (36,705,466)
@39 trans (14,396,2370)
@39 trans (14,267,1913)
@39 trans (87,371,634)
@39 trans (42,191,127)
@39 trans (25,891,2004)
@39 trans (90,564,618)
@39 trans (59,985,1159)
@39 trans (4,972,942)
@39 trans (27,418,10)
@39 trans (100,955,595)
@39 trans (85,21,2341)
@39 trans (62,537,2136)
@39 trans (13,797,1979)
@39 report (890)
@39 trans (51,499,37)
@39 trans (6,317,1101)
@39 trans (33,540,1306)
@39 trans (1,245,62)
@39 trans (38,896,1027)
@39 trans (33,187,1297)
@39 trans (67,328,1576)
@39 trans (15,836,788)
@39 trans (20,340,735)
@39 report (937)
@39 trans (97,314,775)
@39 trans (37,828,236)
@39 trans (85,395,1573)
@39 trans (49,692,943)
@39 trans (73,647,33)
@39 trans (95,467,362)
@39 report (44)
@39 report (860)
@39 trans (100,288,16)
@39 trans (12,120,2406)
@39 trans (91,833,375)
@39 trans (78,351,472)
@39 trans (14,805,1247)
@39 trans (17,96,830)
@39 report (228)
@39 trans (48,879,963)
@39 trans (37,563,32)
@39 trans (75,884,275)
@39 trans (64,801,1659)
@39 trans (32,565,1947)
@39 report (986)
@39 trans (63,229,1438)
@39 trans (57,65,1030)
@39 trans (1,396,1267)
@39 trans (35,309,70)
@39 trans (65,905,2216)
@39 trans (59,862,223)
@39 trans (30,881,2350)
@39 trans (6,277,745)
@39 trans (61,833,301)
@39 trans (45,735,2021)
@39 report (670)
@39 trans (19,449,1562)
@39 trans (6,71,308)
@39 report (995)
@39 trans (97,934,493)
@39 trans (59,312,128)
@39 trans (54,431,1410)
@39 report (777)
@39 trans (81,848,903)
@39 trans (51,989,1953)
@39 trans (91,276,1763)
@39 trans (56,565,1602)
@39 trans (95,166,2025)
@39 report (462)
@39 trans (76,942,1885)
@39 trans (55,393,1578)
@39 trans (24,263,2095)
@39 trans (83,604,1577)
@39 trans (59,907,812)
@39 trans (29,382,1683)
@39 trans (78,998,2062)
@39 trans (88,90,18)
@39 trans (73,994,1263)
@39 report (864)
@39 trans (90,348,1181)
@39 trans (39,56,1634)
@39 trans (47,222,1309)
@39 trans (25,456,896)
@39 trans (30,104,331)
@39 trans (2,13,1095)
@39 trans (78,841,2369)
@39 trans (94,695,1836)
@39 trans (86,144,770)
@39 trans (63,854,1424)
@39 trans (6,449,1118)
@39 trans (19,862,1291)
@39 trans (27,352,1027)
@40 report (921)
@40 trans (19,316,322)
@40 trans (84,175,1979)
@40 trans (33,602,1720)
@40 report (881)
@40 trans (30,851,1900)
@40 trans (36,504,512)
@40 trans (84,783,1946)
@40 report (172)
@40 report (873)
@40 trans (11,647,802)
@40 trans (70,35,1354)
@40 trans (32,452,615)
@40 trans (83,551,1858)
@40 trans (6,736,1103)
@40 trans (91,439,647)
@40 trans (15,54,272)
@40 trans (23,686,377)
@40 trans (79,751,2368)
@40 trans (83,911,1452)
@40 trans (12,93,489)
@40 trans (17,240,2195)
@40 report (897)
@40 trans (2,103,1007)
@40 trans (21,348,548)
@40 trans (61,12,1416)
@40 trans (84,551,1171)
@40 report (814)
@40 trans (68,297,73)
@40 trans (4,744,56)
@40 trans (90,448,154)
@40 trans (12,977,809)
@40 trans (71,75,52)
@40 trans (59,107,2368)
@40 report (748)
@40 trans (62,932,1708)
@40 trans (82,571,1921)
@40 trans (4,400,1156)
@40 trans (2,448,568)
@40 trans (10,479,415)
@40 trans (46,575,2005)
@40 trans (51,616,459)
@40 trans (12,656,1061)
@40 trans (15,703,1943)
@40 trans (58,533,1112)
@40 trans (81,993,2057)
@40 trans (20,782,651)
@40 trans (4,687,2264)
@40 trans (44,745,1479)
@40 report (634)
@40 trans (99,147,1897)
@40 trans (42,428,868)
@40 trans (34,762,712)
@40 trans (34,253,247)
@40 trans (21,230,269)
@40 trans (84,354,2020)
@40 report (280)
@40 trans (57,641,163)
@40 trans (86,330,1579)
@40 trans (76,120,92)
@40 trans (21,94,509)
@40 trans (6,887,650)
@40 report (194)
@40 trans (68,409,1984)
@40 trans (56,185,1844)
@40 trans (45,277,803)
@40 trans (17,844,741)
@40 trans (96,916,1947)
@40 trans (41,928,2205)
@40 trans (48,998,70)
@40 report (859)
@40 trans (98,561,965)
@40 trans (90,431,233)
@40 trans (15,431,1537)
@40 trans (47,820,1955)
@40 report (153)
@40 trans (22,299,925)
@40 trans (63,517,241)
@40 trans (55,469,60)
@40 trans (39,749,1538)
@40 trans (91,60,1171)
@40 trans (47,764,2192)
@40 report (818)
@40 trans (84,188,153)
@40 trans (63,657,2048)
@40 trans (22,464,1546)
@40 trans (32,297,772)
@40 trans (10,759,1520)
@40 trans (35,862,928)
@40 trans (32,89,209)
@40 trans (49,374,1754)
@40 trans (36,650,109)
@40 trans (30,52,727)
@40 report (396)
@40 trans (87,95,263)
@40 trans (56,259,2244)
@40 trans (82,967,1759)
@40 trans (66,153,982)
@40 report (997)
@40 trans (1,781,2314)
@40 trans (52,585,2098)
@40 trans (61,888,1016)
@41 trans (34,336,906)
@41 trans (32,931,488)
@41 trans (70,108,2461)
@41 trans (13,401,1671)
@41 trans (21,760,2285)
@41 trans (56,501,1234)
@41 trans (47,150,543)
@41 trans (50,584,1598)
@41 trans (39,235,2048)
@41 trans (88,994,639)
@41 trans (67,444,175)
@41 trans (63,734,2164)
@41 trans (31,759,2021)
@41 trans (67,286,474)
@41 trans (33,619,208)
@41 trans (17,723,2331)
@41 trans (55,988,1465)
@41 trans (52,1000,482)
@41 trans (93,43,16)
@41 report (702)
@41 trans (42,186,242)
@41 trans (16,814,1304)
@41 trans (34,78,1081)
@41 trans (7,179,1307)
@41 trans (71,774,131)
@41 trans (58,407,1276)
@41 trans (91,269,1708)
@41 trans (1,527,2432)
@41 trans (90,995,1722)
@41 trans (29,650,213)
@41 trans (71,271,694)
@41 trans (51,609,1025)
@41 trans (27,104,552)
@41 trans (34,40,325)
@41 trans (66,801,1740)
@41 trans (86,949,1534)
@41 trans (89,331,1771)
@41 trans (62,610,1437)
@41 trans (14,888,487)
@41 report (335)
@41 trans (92,168,2061)
@41 report (843)
@41 trans (6,757,398)
@41 trans (68,172,242)
@41 trans (15,174,73)
@41 trans (43,329,2020)
@41 trans (5,754,1982)
@41 trans (87,134,2102)
@41 trans (88,192,1039)
@41 trans (27,178,587)
@41 report (993)
@41 trans (28,177,836)
@41 trans (16,662,416)
@41 trans (52,513,1133)
@41 trans (27,813,1625)
@41 trans (45,340,2308)
@41 trans (100,170,1764)
@41 trans (35,620,1951)
@41 report (119)
@41 trans (56,371,1067)
@41 trans (75,242,1376)
@41 trans (94,149,370)
@41 trans (70,932,2237)
@41 trans (60,283,2325)
@41 trans (75,509,633)
@41 trans (37,189,334)
@41 report (475)
@41 report (107)
@41 trans (69,348,1876)
@41 trans (79,359,90)
@41 trans (39,74,1062)
@41 trans (25,869,671)
@41 trans (85,404,988)
@41 trans (79,498,388)
@41 trans (70,691,1027)
@41 report (21)
@41 trans (53,891,1499)
@41 report (618)
@41 trans (81,382,2005)
@41 trans (60,599,155)
@41 report (862)
@41 trans (34,707,2156)
@41 report (446)
@41 trans (22,385,1406)
@41 trans (50,523,2304)
@41 trans (28,600,760)
@41 trans (11,239,1692)
@41 trans (51,794,1798)
@41 trans (32,245,2438)
@41 trans (78,481,1498)
@41 trans (65,231,2374)
@41 trans (42,916,600)
@41 trans (63,552,1472)
@41 trans (7,463,28)
@41 trans (60,514,1972)
@41 trans (6,297,2258)
@41 trans (59,379,2478)
@41 trans (46,895,1326)
@41 trans (17,518,393)
@41 trans (50,2,657)
@41 trans (14,230,1900)
@41 trans (60,241,1120)
@42 trans (78,57,1134)
@42 trans (55,929,746)
@42 trans (19,457,653)
@42 trans (90,35,1626)
@42 trans (5,486,2024)
@42 trans (13,345,507)
@42 report (735)
@42 trans (45,874,1628)
@42 trans (41,652,1863)
@42 report (134)
@42 trans (19,72,204)
@42 trans (29,938,174)
@42 trans (72,796,164)
@42 trans (3,646,670)
@42 trans (66,573,93)
@42 report (803)
@42 trans (73,186,801)
@42 trans (42,653,20)
@42 trans (7,898,1604)
@42 trans (24,543,2113)
@42 trans (65,685,611)
@42 trans (11,757,1371)
@42 trans (42,110,878)
@42 trans (30,39,190)
@42 trans (70,146,45)
@42 report (231)
@42 report (297)
@42 trans (35,449,2060)
@42 trans (78,290,2489)
@42 trans (30,912,363)
@42 trans (99,940,240)
@42 trans (28,342,174)
@42 trans (29,237,1773)
@42 trans (85,925,936)
@42 trans (47,153,1559)
@42 trans (54,959,429)
@42 report (998)
@42 trans (86,783,542)
@42 report (585)
@42 trans (12,689,1520)
@42 trans (78,511,2248)
@42 trans (36,549,2480)
@42 trans (44,759,976)
@42 trans (14,654,2490)
@42 trans (62,833,726)
@42 trans (79,782,2160)
@42 trans (11,125,1818)
@42 trans (98,987,1873)
@42 report (675)
@42 trans (22,261,278)
@42 trans (93,52,913)
@42 trans (94,302,1419)
@42 trans (69,433,109)
@42 trans (60,614,617)
@42 trans (28,862,2023)
@42 trans (2,602,437)
@42 report (519)
@42 trans (56,20,392)
@42 trans (13,635,1964)
@42 trans (90,379,686)
@42 trans (84,270,1342)
@42 trans (15,224,1620)
@42 trans (18,666,373)
@42 trans (67,373,672)
@42 report (877)
@42 trans (25,515,866)
@42 trans (86,477,2072)
@42 trans (98,573,1514)
@42 trans (25,469,514)
@42 report (120)
@42 trans (18,352,1119)
@42 trans (65,876,94)
@42 trans (79,480,2500)
@42 trans (28,390,2432)
@42 trans (54,686,1246)
@42 trans (99,382,816)
@42 trans (67,927,1783)
@42 trans (91,456,2170)
@42 trans (34,907,2495)
@42 trans (19,115,1669)
@42 trans (23,622,464)
@42 trans (29,40,2004)
@42 trans (38,826,2456)
@42 trans (15,679,437)
@42 report (154)
@42 trans (20,342,448)
@42 trans (52,752,1206)
@42 trans (62,501,241)
@42 trans (20,889,1450)
@42 trans (24,938,315)
@42 trans (68,315,658)
@42 trans (20,116,1407)
@42 report (891)
@43 trans (79,908,1645)
@43 trans (32,133,1640)
@43 trans (20,71,1733)
@43 trans (81,324,1841)
@43 trans (53,222,420)
@43 report (657)
@43 trans (22,145,1477)
@43 trans (86,218,2408)
@43 report (764)
@43 trans (48,429,222)
@43 trans (64,165,1541)
@43 trans (77,71,1901)
@43 trans (59,902,1231)
@43 trans (21,829,1766)
@43 trans (29,617,725)
@43 trans (87,517,1336)
@43 trans (3,315,388)
@43 trans (29,998,2070)
@43 trans (93,33,563)
@43 report (826)
@43 report (781)
@43 report (382)
@43 report (286)
@43 trans (26,568,461)
@43 trans (88,277,1375)
@43 trans (5,954,460)
@43 trans (20,867,1120)
@43 trans (43,73,2311)
@43 trans (84,784,1024)
@43 trans (80,634,863)
@43 trans (5,582,2487)
@43 trans (62,568,282)
@43 trans (35,294,1134)
@43 trans (15,340,227)
@43 trans (58,10,660)
@43 trans (33,11,1982)
@43 trans (91,148,1479)
@43 report (932)
@43 trans (78,50,1396)
@43 trans (65,23,1684)
@43 trans (95,369,22)
@43 trans (41,323,1443)
@43 trans (60,982,1107)
@43 trans (70,822,1140)
@43 trans (13,204,1699)
@43 trans (99,211,1987)
@43 trans (33,496,893)
@43 trans (40,417,1265)
@43 trans (4,773,1856)
@43 trans (10,473,1560)
@43 trans (22,148,678)
@43 trans (10,595,2340)
@43 trans (93,463,1969)
@43 trans (87,857,1136)
@43 report (518)
@43 trans (80,911,1928)
@43 trans (11,325,1348)
@43 trans (100,390,967)
@43 trans (1,642,987)
@43 report (543)
@43 report (734)
@43 trans (2,906,1263)
@43 trans (15,673,1237)
@43 trans (90,871,829)
@43 trans (68,617,226)
@43 trans (71,296,2125)
@43 trans (88,172,94)
@43 trans (42,350,797)
@43 report (361)
@43 trans (99,763,2362)
@43 trans (7,141,1354)
@43 trans (51,527,718)
@43 trans (40,838,867)
@43 report (114)
@43 trans (76,310,1457)
@43 trans (35,769,258)
@43 trans (77,702,2471)
@43 trans (13,858,810)
@43 trans (12,650,333)
@43 trans (23,682,881)
@43 trans (35,315,1255)
@43 trans (98,519,1258)
@43 trans (32,353,2291)
@43 trans (29,758,1669)
@43 trans (91,480,580)
@43 trans (81,902,1470)
@43 trans (53,528,1548)
@43 trans (42,288,2076)
@43 trans (19,54,1953)
@43 trans (46,199,2282)
@43 trans (73,860,2297)
@43 trans (26,553,735)
@43 trans (5,599,572)
@43 trans (99,702,149)
@43 trans (4,954,214)
@44 trans (99,528,641)
@44 trans (76,624,2)
@44 trans (96,953,1106)
@44 trans (58,290,1125)
@44 trans (28,471,65)
@44 trans (55,22,1588)
@44 trans (74,546,844)
@44 trans (23,972,380)
@44 report (329)
@44 trans (43,270,505)
@44 trans (29,163,199)
@44 trans (55,508,1877)
@44 trans (19,109,1351)
@44 trans (39,903,1775)
@44 trans (41,971,1431)
@44 trans (62,96,737)
@44 trans (72,74,80)
@44 trans (40,751,1169)
@44 trans (74,362,864)
@44 trans (72,900,1690)
@44 report (575)
@44 trans (20,621,322)
@44 trans (74,600,1075)
@44 trans (44,700,539)
@44 trans (54,571,982)
@44 trans (17,747,1126)
@44 trans (84,106,413)
@44 trans (52,232,2107)
@44 trans (91,903,2018)
@44 report (582)
@44 trans (34,880,2438)
@44 trans (11,140,1871)
@44 trans (72,461,634)
@44 trans (55,229,249)
@44 trans (24,435,1298)
@44 trans (15,194,264)
@44 report (537)
@44 trans (43,776,154)
@44 trans (13,846,553)
@44 trans (57,338,856)
@44 trans (32,705,1626)
@44 trans (28,333,1320)
@44 trans (66,856,742)
@44 trans (15,450,2311)
@44 trans (54,814,154)
@44 trans (59,651,2138)
@44 trans (69,863,1222)
@44 trans (26,327,1429)
@44 trans (42,28,1551)
@44 trans (84,2,2367)
@44 trans (42,518,1542)
@44 trans (83,681,726)
@44 trans (23,631,551)
@44 trans (79,360,100)
@44 report (480)
@44 trans (82,758,1063)
@44 trans (35,214,1998)
@44 trans (9,326,1848)
@44 trans (2,890,2495)
@44 trans (90,374,1384)
@44 trans (6,807,888)
@44 trans (11,404,1617)
@44 trans (53,563,488)
@44 trans (5,49,302)
@44 report (763)
@44 trans (52,796,21)
@44 trans (71,499,739)
@44 trans (72,370,1481)
@44 trans (70,107,317)
@44 trans (30,97,351)
@44 trans (43,169,9)
@44 trans (30,366,1867)
@44 trans (52,23,2266)
@44 trans (72,516,2026)
@44 trans (3,686,873)
@44 trans (17,288,2021)
@44 trans (86,641,2456)
@44 trans (80,164,2125)
@44 trans (77,645,67)
@44 trans (96,978,453)
@44 trans (23,971,2106)
@44 trans (94,280,898)
@44 trans (50,583,253)
@44 trans (17,734,2150)
@44 trans (4,648,1900)
@44 trans (28,510,2121)
@44 trans (26,613,1584)
@44 trans (90,99,1034)
@44 trans (27,337,747)
@44 trans (82,557,561)
@44 trans (44,812,2035)
@44 report (354)
@44 trans (8,434,2372)
@44 trans (44,385,2222)
@44 trans (39,919,377)
@44 trans (90,510,1649)
@44 trans (82,826,1102)
@44 trans (17,150,1041)
@44 report (860)
@44 trans (9,641,792)
@44 trans (30,248,2169)
@44 trans (10,264,551)
@45 trans (97,816,1279)
@45 trans (38,100,1015)
@45 trans (59,601,1987)
@45 trans (75,338,278)
@45 trans (10,252,714)
@45 trans (17,740,649)
@45 trans (57,557,1569)
@45 trans (35,737,2001)
@45 trans (79,665,1025)
@45 trans (72,555,573)
@45 trans (60,862,2419)
@45 trans (74,719,1444)
@45 trans (88,63,1669)
@45 trans (23,86,688)
@45 trans (63,377,219)
@45 trans (84,408,1820)
@45 trans (50,677,226)
@45 trans (30,802,1597)
@45 trans (46,896,2036)
@45 report (108)
@45 report (812)
@45 report (486)
@45 report (434)
@45 trans (28,204,2255)
@45 trans (70,463,538)
@45 trans (52,549,1983)
@45 trans (34,99,373)
@45 trans (42,206,608)
@45 trans (74,626,178)
@45 trans (21,170,1610)
@45 trans (1,102,315)
@45 trans (86,389,1752)
@45 trans (39,670,1424)
@45 trans (51,485,930)
@45 trans (8,385,102)
@45 trans (31,845,278)
@45 trans (56,458,1472)
@45 trans (93,930,364)
@45 trans (22,625,913)
@45 trans (2,189,268)
@45 trans (68,47,725)
@45 report (168)
@45 trans (80,287,1222)
@45 trans (60,597,1177)
@45 trans (53,563,2166)
@45 trans (89,877,738)
@45 trans (26,54,791)
@45 trans (12,584,1480)
@45 trans (37,459,1136)
@45 trans (45,630,1007)
@45 trans (15,177,2352)
@45 trans (48,853,1514)
@45 trans (33,646,2301)
@45 trans (63,39,1857)
@45 trans (99,213,1938)
@45 report (928)
@45 trans (88,597,1042)
@45 trans (33,116,977)
@45 trans (31,363,1383)
@45 trans (9,389,218)
@45 report (283)
@45 trans (23,725,1422)
@45 trans (89,697,511)
@45 trans (86,841,1249)
@45 trans (95,924,2169)
@45 trans (3,867,62)
@45 trans (78,106,2186)
@45 trans (70,744,352)
@45 trans (84,38,1325)
@45 trans (24,666,1881)
@45 trans (21,143,812)
@45 trans (10,576,273)
@45 trans (87,294,1184)
@45 trans (14,963,1667)
@45 trans (1,411,1505)
@45 trans (28,557,1268)
@45 trans (83,707,865)
@45 trans (64,396,1866)
@45 trans (93,223,1446)
@45 trans (37,219,1919)
@45 trans (9,657,1913)
@45 trans (37,284,1682)
@45 trans (53,733,1687)
@45 trans (83,239,2257)
@45 report (245)
@45 trans (21,865,415)
@45 trans (15,846,337)
@45 trans (87,409,124)
@45 trans (14,901,45)
@45 trans (81,841,2216)
@45 trans (73,303,1716)
@45 trans (4,657,183)
@45 trans (58,352,562)
@45 trans (53,751,438)
@46 trans (36,9,2466)
@46 trans (56,438,2071)
@46 trans (49,277,1332)
@46 trans (1,959,1139)
@46 trans (77,722,1542)
@46 trans (30,402,411)
@46 trans (27,724,1614)
@46 trans (20,575,2302)
@46 trans (80,817,786)
@46 trans (95,307,2346)
@46 trans (64,506,1400)
@46 trans (13,970,4)
@46 trans (80,670,1280)
@46 trans (82,986,1002)
@46 report (290)
@46 trans (12,388,1513)
@46 trans (42,624,1677)
@46 trans (53,747,1945)
@46 trans (34,578,2378)
@46 trans (80,739,1866)
@46 trans (75,266,1966)
@46 report (549)
@46 report (998)
@46 trans (14,158,814)
@46 trans (52,594,63)
@46 trans (91,583,1570)
@46 trans (90,796,715)
@46 trans (74,479,322)
@46 trans (6,592,330)
@46 trans (11,566,934)
@46 trans (69,125,850)
@46 trans (57,747,2124)
@46 trans (11,989,150)
@46 trans (26,140,1655)
@46 trans (100,405,521)
@46 report (723)
@46 trans (57,999,1271)
@46 trans (88,243,1616)
@46 trans (64,493,364)
@46 trans (1,318,346)
@46 report (248)
@46 trans (29,386,375)
@46 trans (99,446,1096)
@46 trans (74,887,379)
@46 trans (65,528,979)
@46 trans (57,774,1091)
@46 trans (62,29,255)
@46 trans (7,189,135)
@46 trans (10,139,1642)
@46 trans (93,377,161)
@46 trans (83,323,320)
@46 report (595)
@46 trans (60,708,876)
@46 trans (43,545,192)
@46 trans (2,20,1278)
@46 trans (39,22,701)
@46 report (880)
@46 trans (24,119,1205)
@46 trans (75,899,2149)
@46 trans (47,493,153)
@46 trans (31,69,2100)
@46 trans (14,283,2294)
@46 trans (97,342,224)
@46 trans (66,263,1330)
@46 trans (92,677,1192)
@46 report (296)
@46 trans (100,440,874)
@46 report (896)
@46 trans (60,799,1337)
@46 trans (8,783,1632)
@46 trans (47,841,1359)
@46 trans (51,197,2026)
@46 trans (6,795,944)
@46 trans (41,365,1434)
@46 trans (30,797,1469)
@46 trans (7,883,477)
@46 trans (83,265,2123)
@46 report (353)
@46 trans (53,580,1675)
@46 report (340)
@46 trans (2,853,2286)
@46 trans (14,650,1157)
@46 trans (47,660,76)
@46 report (862)
@46 trans (32,228,978)
@46 trans (76,701,178)
@46 trans (19,572,2226)
@46 trans (84,370,1684)
@46 trans (4,538,1976)
@46 trans (37,783,2214)
@46 trans (29,742,1300)
@46 trans (11,829,1703)
@46 trans (62,563,2454)
@47 trans (12,484,115)
@47 trans (78,445,1928)
@47 trans (66,171,351)
@47 trans (70,706,2459)
@47 trans (25,161,1480)
@47 trans (95,992,1620)
@47 trans (77,868,1581)
@47 trans (7,163,2486)
@47 trans (24,422,923)
@47 trans (20,364,1570)
@47 trans (91,76,2394)
@47 report (646)
@47 trans (11,552,734)
@47 trans (41,950,2348)
@47 trans (64,212,1167)
@47 trans (55,301,1828)
@47 trans (46,190,1406)
@47 trans (83,656,4)
@47 trans (24,90,498)
@47 report (385)
@47 trans (24,738,2055)
@47 trans (9,742,2347)
@47 trans (18,717,1752)
@47 report (563)
@47 trans (53,353,724)
@47 trans (52,359,1723)
@47 trans (97,493,13)
@47 report (899)
@47 trans (64,939,905)
@47 trans (4,658,1666)
@47 report (654)
@47 trans (89,906,1599)
@47 trans (68,561,1078)
@47 trans (84,910,2218)
@47 trans (66,448,393)
@47 trans (57,361,1445)
@47 trans (60,723,850)
@47 trans (37,937,677)
@47 trans (98,862,450)
@47 trans (5,964,698)
@47 trans (70,818,1876)
@47 report (2)
@47 trans (96,575,302)
@47 report (449)
@47 trans (38,224,949)
@47 trans (76,349,1505)
@47 trans (60,835,2056)
@47 trans (48,82,2043)
@47 trans (16,551,92)
@47 report (890)
@47 trans (77,903,1082)
@47 trans (13,387,547)
@47 trans (54,558,233)
@47 trans (91,172,1298)
@47 trans (24,556,1138)
@47 trans (82,997,984)
@47 trans (75,709,1884)
@47 trans (98,639,2214)
@47 trans (2,808,2381)
@47 trans (65,261,765)
@47 trans (4,751,2488)
@47 trans (44,267,1258)
@47 trans (44,732,1028)
@47 trans (18,151,2346)
@47 trans (54,739,226)
@47 trans (14,598,477)
@47 trans (64,880,1711)
@47 trans (56,96,508)
@47 trans (70,491,565)
@47 trans (48,118,1056)
@47 trans (54,447,42)
@47 trans (94,909,2104)
@47 trans (90,456,27)
@47 trans (58,374,1237)
@47 trans (87,996,2067)
@47 trans (82,553,1536)
@47 trans (15,105,1687)
@47 trans (18,961,1295)
@47 trans (33,109,268)
@47 trans (29,528,2098)
@47 trans (36,459,2432)
@47 trans (89,493,2152)
@47 trans (56,460,1496)
@47 trans (58,528,2255)
@47 trans (6,24,2404)
@47 trans (64,406,240)
@47 trans (49,439,2476)
@47 trans (91,211,1247)
@47 trans (66,603,1617)
@47 trans (85,941,2183)
@47 report (390)
@47 trans (81,184,713)
@47 trans (1,715,1594)
@47 trans (5,473,970)
@47 trans (92,3,709)
@47 trans (35,516,1988)
@47 trans (49,156,1044)
@47 report (747)
@47 trans (4,299,462)
@48 trans (19,791,1994)
@48 trans (54,74,63)
@48 trans (66,184,1846)
@48 trans (28,89,2142)
@48 trans (93,663,1681)
@48 trans (40,984,384)
@48 trans (71,825,710)
@48 trans (88,640,55)
@48 report (510)
@48 trans (92,439,2113)
@48 report (641)
@48 trans (15,48,421)
@48 trans (45,313,989)
@48 trans (27,170,1573)
@48 trans (73,658,1307)
@48 trans (8,3,367)
@48 report (572)
@48 trans (26,954,989)
@48 trans (31,593,981)
@48 trans (83,136,1508)
@48 trans (5,357,1124)
@48 trans (24,739,1639)
@48 trans (69,864,2480)
@48 trans (4,395,452)
@48 trans (42,943,1640)
@48 report (528)
@48 trans (25,628,52)
@48 trans (57,335,23)
@48 trans (88,318,1417)
@48 trans (18,408,439)
@48 report (73)
@48 trans (9,546,989)
@48 trans (38,147,1142)
@48 trans (18,543,1664)
@48 trans (74,590,144)
@48 trans (24,866,1854)
@48 trans (43,763,762)
@48 trans (70,789,1894)
@48 trans (95,128,2478)
@48 trans (70,110,2090)
@48 trans (52,956,1885)
@48 trans (57,536,1497)
@48 trans (42,297,2383)
@48 report (218)
@48 trans (43,974,1812)
@48 trans (25,840,1923)
@48 trans (99,963,1284)
@48 trans (94,26,1114)
@48 trans (36,657,2201)
@48 trans (73,822,2098)
@48 trans (54,941,1038)
@48 trans (52,850,477)
@48 trans (93,856,613)
@48 trans (2,540,301)
@48 trans (25,556,1107)
@48 trans (56,617,1573)
@48 report (903)
@48 trans (28,859,1760)
@48 report (232)
@48 trans (54,276,1882)
@48 trans (15,928,1037)
@48 trans (16,413,770)
@48 trans (56,633,1970)
@48 trans (48,102,1121)
@48 trans (21,241,574)
@48 trans (39,859,2178)
@48 report (82)
@48 trans (18,247,1284)
@48 report (702)
@48 trans (5,355,290)
@48 trans (44,90,792)
@48 trans (21,682,2443)
@48 trans (100,178,42)
@48 trans (61,584,278)
@48 trans (89,195,1922)
@48 trans (26,717,1753)
@48 trans (21,985,669)
@48 trans (90,827,569)
@48 trans (14,1000,228)
@48 trans (50,867,1025)
@48 trans (50,704,1667)
@48 trans (11,743,1546)
@48 trans (96,381,2148)
@48 trans (44,424,458)
@48 trans (81,446,1501)
@48 trans (13,51,1602)
@48 trans (19,68,1163)
@48 trans (3,292,523)
@48 trans (67,602,1307)
@48 report (163)
@48 trans (51,837,362)
@48 trans (44,447,153)
@48 trans (84,77,1571)
@48 trans (31,951,2470)
@48 trans (49,94,1621)
@48 trans (80,99,1607)
@48 trans (10,764,283)
@48 trans (35,302,1425)
@49 trans (77,724,1024)
@49 trans (35,432,2111)
@49 trans (38,166,428)
@49 trans (87,991,1996)
@49 trans (77,326,394)
@49 trans (3,126,417)
@49 trans (14,919,1890)
@49 trans (60,683,119)
@49 trans (89,489,967)
@49 trans (45,491,2258)
@49 report (110)
@49 trans (44,642,2416)
@49 trans (36,366,1216)
@49 trans (57,672,1015)
@49 trans (50,73,1248)
@49 trans (8,393,1517)
@49 trans (92,211,307)
@49 trans (54,558,2335)
@49 trans (36,419,1528)
@49 report (575)
@49 trans (32,403,9)
@49 trans (35,995,864)
@49 trans (11,571,2012)
@49 trans (10,852,2360)
@49 trans (26,982,209)
@49 trans (94,224,1440)
@49 trans (12,787,2262)
@49 trans (77,566,1636)
@49 trans (55,921,2247)
@49 trans (23,269,1309)
@49 trans (9,961,1022)
@49 trans (25,906,484)
@49 trans (24,706,2380)
@49 trans (35,762,2428)
@49 trans (79,444,1935)
@49 trans (14,133,371)
@49 trans (62,237,339)
@49 trans (43,265,164)
@49 trans (5,517,701)
@49 trans (23,430,1764)
@49 trans (11,918,1840)
@49 report (706)
@49 trans (32,4,1725)
@49 trans (95,57,2016)
@49 trans (53,726,772)
@49 report (862)
@49 report (808)
@49 trans (17,981,1978)
@49 trans (21,505,1093)
@49 report (283)
@49 report (528)
@49 trans (24,929,2428)
@49 trans (58,143,1297)
@49 trans (71,1000,1127)
@49 trans (56,634,2142)
@49 trans (57,143,1025)
@49 trans (33,753,1770)
@49 trans (4,670,2233)
@49 report (381)
@49 trans (78,657,2005)
@49 trans (40,586,429)
@49 trans (63,523,1702)
@49 trans (60,867,981)
@49 trans (46,973,842)
@49 trans (94,855,1883)
@49 trans (41,68,1904)
@49 trans (64,68,2315)
@49 trans (46,904,1897)
@49 trans (33,739,1949)
@49 trans (64,981,173)
@49 report (951)
@49 trans (83,483,1075)
@49 trans (96,343,176)
@49 trans (70,540,933)
@49 trans (11,895,1253)
@49 trans (86,515,788)
@49 trans (64,478,394)
@49 trans (33,80,187)
@49 trans (37,944,585)
@49 trans (99,160,349)
@49 trans (33,820,460)
@49 trans (56,260,2251)
@49 trans (30,902,2347)
@49 trans (93,911,2180)
@49 report (682)
@49 trans (88,454,2414)
@49 trans (1,782,419)
@49 report (265)
@49 trans (82,843,48)
@49 trans (12,574,2151)
@49 trans (53,620,1565)
@49 trans (98,16,336)
@49 report (177)
@49 report (164)
@49 trans (19,41,947)
@49 report (971)
@49 trans (9,31,2483)
@49 trans (19,333,1074)
@49 trans (95,258,1686)
@50 trans (4,284,956)
@50 trans (13,932,1883)
@50 trans (31,134,2400)
@50 report (459)
@50 trans (36,285,1455)
@50 trans (7,111,1351)
@50 trans (83,66,1279)
@50 trans (51,533,260)
@50 report (24)
@50 trans (7,968,298)
@50 report (239)
@50 trans (45,872,523)
@50 trans (36,523,1985)
@50 trans (47,329,2061)
@50 trans (62,681,158)
@50 trans (31,425,528)
@50 trans (93,651,246)
@50 report (57)
@50 trans (67,64,1025)
@50 trans (52,126,626)
@50 trans (45,659,1435)
@50 trans (59,482,1905)
@50 trans (40,592,2462)
@50 trans (37,591,387)
@50 trans (72,382,1015)
@50 trans (17,436,1563)
@50 trans (36,514,688)
@50 trans (72,836,898)
@50 trans (32,86,175)
@50 trans (66,684,1495)
@50 report (783)
@50 trans (6,936,726)
@50 trans (39,108,289)
@50 trans (75,736,834)
@50 trans (51,890,53)
@50 trans (73,161,811)
@50 trans (73,347,563)
@50 trans (1,867,2406)
@50 trans (19,157,2019)
@50 trans (34,243,1997)
@50 trans (93,375,1893)
@50 report (822)
@50 trans (18,842,941)
@50 trans (82,507,388)
@50 report (197)
@50 trans (78,492,1805)
@50 trans (68,995,1281)
@50 trans (31,390,622)
@50 trans (87,50,1814)
@50 trans (53,592,2186)
@50 trans (26,439,1900)
@50 report (260)
@50 trans (55,325,737)
@50 trans (22,402,311)
@50 trans (5,951,1164)
@50 report (742)
@50 trans (16,672,809)
@50 trans (11,993,416)
@50 trans (97,515,2074)
@50 trans (19,503,1329)
@50 trans (48,185,1693)
@50 trans (51,228,475)
@50 trans (63,319,1008)
@50 trans (100,484,679)
@50 trans (50,717,198)
@50 trans (13,43,841)
@50 trans (67,277,2434)
@50 trans (25,768,2078)
@50 trans (21,216,1375)
@50 trans (34,823,544)
@50 report (574)
@50 trans (38,895,396)
@50 trans (3,893,2444)
@50 trans (92,33,496)
@50 trans (38,89,1719)
@50 trans (87,633,2103)
@50 trans (43,933,1088)
@50 trans (39,924,2292)
@50 trans (43,156,2126)
@50 trans (63,683,2278)
@50 trans (76,707,2337)
@50 trans (97,875,1117)
@50 trans (26,853,1841)
@50 trans (28,132,293)
@50 report (68)
@50 trans (71,25,1715)
@50 report (307)
@50 trans (34,750,218)
@50 trans (60,435,1564)
@50 trans (68,18,1668)
@50 trans (1,346,671)
@50 trans (30,150,412)
@50 trans (56,58,392)
@51 trans (64,932,2466)
@51 trans (58,635,2201)
@51 trans (8,18,273)
@51 trans (76,254,38)
@51 trans (84,126,772)
@51 trans (55,562,1762)
@51 trans (92,543,1706)
@51 trans (14,672,1042)
@51 trans (12,957,2130)
@51 report (859)
@51 trans (87,491,875)
@51 trans (74,517,568)
@51 trans (73,466,925)
@51 trans (83,194,1137)
@51 trans (82,843,861)
@51 trans (88,152,1287)
@51 trans (78,403,1745)
@51 trans (7,708,388)
@51 report (751)
@51 trans (70,927,2032)
@51 report (151)
@51 trans (74,784,1645)
@51 trans (51,461,2196)
@51 trans (19,19,261)
@51 report (639)
@51 trans (27,291,1338)
@51 trans (60,873,295)
@51 trans (29,716,915)
@51 trans (55,719,278)
@51 trans (81,402,1789)
@51 trans (70,862,468)
@51 trans (23,496,1967)
@51 trans (36,146,1442)
@51 trans (49,86,2344)
@51 trans (60,745,788)
@51 trans (45,398,140)
@51 trans (65,551,1790)
@51 trans (18,900,893)
@51 trans (97,216,282)
@51 trans (50,558,928)
@51 trans (6,194,1546)
@51 trans (94,299,512)
@51 trans (74,184,1430)
@51 trans (4,16,677)
@51 trans (82,349,2208)
@51 trans (13,74,989)
@51 report (592)
@51 trans (61,414,1931)
@51 trans (68,90,1602)
@51 report (69)
@51 trans (9,817,2483)
@51 trans (36,918,184)
@51 trans (12,13,1920)
@51 trans (56,339,402)
@51 trans (16,175,338)
@51 trans (54,46,1288)
@51 trans (11,763,1963)
@51 trans (22,530,314)
@51 trans (28,172,430)
@51 trans (42,968,2462)
@51 trans (80,782,1301)
@51 trans (64,299,924)
@51 trans (69,610,974)
@51 trans (84,488,2007)
@51 trans (91,72,639)
@51 trans (45,933,1295)
@51 trans (6,630,2133)
@51 trans (11,439,936)
@51 trans (90,258,997)
@51 trans (12,325,145)
@51 trans (37,221,2052)
@51 report (578)
@51 trans (50,894,1449)
@51 trans (47,196,2116)
@51 trans (74,243,2127)
@51 trans (97,434,315)
@51 trans (16,43,231)
@51 trans (2,200,1694)
@51 trans (43,410,1447)
@51 report (438)
@51 trans (79,125,485)
@51 trans (45,265,374)
@51 report (76)
@51 trans (3,662,1843)
@51 trans (1,445,1015)
@51 trans (17,608,981)
@51 trans (63,146,781)
@51 trans (96,530,2330)
@51 trans (94,974,189)
@51 report (454)
@51 trans (21,146,891)
@51 trans (81,408,1530)
@51 trans (26,793,97)
@51 trans (95,191,1984)
@51 trans (8,154,1882)
@51 trans (3,819,655)
@51 trans (39,740,1334)
@51 trans (6,288,1381)
@51 trans (27,549,2426)
@51 trans (36,159,409)
@51 report (950)
@51 trans (73,339,2012)
@52 trans (81,574,559)
@52 trans (19,663,2059)
@52 trans (18,417,501)
@52 trans (36,703,1010)
@52 trans (89,966,1555)
@52 trans (62,150,1446)
@52 trans (51,39,1659)
@52 trans (90,454,348)
@52 trans (81,939,1039)
@52 report (909)
@52 trans (53,477,473)
@52 report (571)
@52 report (996)
@52 trans (29,31,231)
@52 report (488)
@52 trans (68,570,2334)
@52 trans (93,733,470)
@52 trans (94,442,277)
@52 trans (89,827,2352)
@52 trans (39,479,1235)
@52 trans (86,355,1175)
@52 report (491)
@52 trans (23,432,1042)
@52 trans (37,214,673)
@52 trans (90,244,39)
@52 trans (77,189,2006)
@52 trans (44,38,669)
@52 report (196)
@52 trans (15,965,1609)
@52 trans (67,186,1397)
@52 trans (19,418,416)
@52 trans (86,159,822)
@52 trans (44,34,1751)
@52 trans (25,762,2029)
@52 trans (27,230,1573)
@52 trans (3,771,1410)
@52 trans (54,36,365)
@52 trans (25,227,666)
@52 trans (92,618,1238)
@52 trans (89,589,1388)
@52 trans (76,715,1578)
@52 trans (85,776,1631)
@52 trans (85,268,335)
@52 report (243)
@52 trans (36,547,1117)
@52 trans (44,718,1966)
@52 trans (34,783,1879)
@52 trans (8,443,1032)
@52 trans (30,312,960)
@52 trans (40,616,1863)
@52 trans (24,168,2399)
@52 report (549)
@52 trans (18,358,237)
@52 trans (44,77,1461)
@52 trans (21,223,1651)
@52 trans (68,651,1747)
@52 report (86)
@52 trans (61,303,2174)
@52 trans (5,349,1360)
@52 report (592)
@52 report (128)
@52 trans (83,504,142)
@52 trans (55,572,1157)
@52 trans (20,198,1017)
@52 trans (1,941,2270)
@52 trans (40,358,1816)
@52 report (657)
@52 trans (84,741,1955)
@52 trans (64,825,2348)
@52 trans (5,352,1125)
@52 trans (4,577,484)
@52 trans (69,506,1417)
@52 report (657)
@52 trans (63,477,2356)
@52 trans (41,330,1383)
@52 trans (54,440,2090)
@52 trans (26,838,1752)
@52 trans (46,299,2129)
@52 trans (2,363,1345)
@52 trans (52,956,767)
@52 trans (43,592,177)
@52 trans (50,996,674)
@52 trans (35,910,2442)
@52 report (634)
@52 trans (23,685,130)
@52 trans (14,656,2074)
@52 trans (42,294,104)
@52 trans (31,838,2496)
@52 trans (17,598,1639)
@52 trans (54,457,1472)
@52 trans (51,938,378)
@52 trans (18,614,22)
@52 report (157)
@52 trans (46,131,125)
@52 trans (51,659,400)
@52 trans (6,112,520)
@52 trans (34,864,2394)
@52 trans (62,727,956)
@52 trans (73,862,1351)
@52 trans (44,553,981)
@52 trans (10,559,1624)
@52 trans (95,479,1821)
@52 report (902)
@52 trans (16,865,1623)
@52 trans (22,545,352)
@52 trans (26,490,1750)
@52 trans (15,174,525)
@52 trans (4,709,1860)
@52 trans (66,6,620)
@53 trans (74,902,171)
@53 trans (68,848,289)
@53 trans (9,779,446)
@53 trans (17,728,465)
@53 trans (7,739,659)
@53 trans (41,392,846)
@53 trans (40,835,2346)
@53 trans (76,617,1123)
@53 trans (84,68,748)
@53 trans (97,373,2126)
@53 report (864)
@53 trans (23,394,1809)
@53 trans (12,915,1568)
@53 trans (11,169,1356)
@53 trans (6,182,2309)
@53 trans (3,27,86)
@53 trans (88,166,2034)
@53 trans (37,145,465)
@53 trans (8,722,1318)
@53 trans (21,60,1958)
@53 trans (36,907,138)
@53 report (439)
@53 trans (11,687,2351)
@53 trans (73,467,28)
@53 trans (33,131,1852)
@53 trans (93,893,1906)
@53 trans (41,612,723)
@53 trans (78,403,2251)
@53 trans (51,446,1822)
@53 trans (62,754,414)
@53 trans (58,886,2246)
@53 trans (4,956,1946)
@53 trans (98,777,1564)
@53 trans (40,934,2390)
@53 trans (91,455,161)
@53 trans (61,482,961)
@53 trans (9,101,1249)
@53 trans (57,529,2075)
@53 trans (81,191,967)
@53 trans (59,937,808)
@53 trans (2,498,1576)
@53 trans (29,473,2087)
@53 trans (50,481,1643)
@53 trans (69,538,974)
@53 trans (58,94,1525)
@53 report (134)
@53 trans (10,706,1721)
@53 trans (56,47,835)
@53 trans (59,27,619)
@53 report (817)
@53 trans (100,938,2353)
@53 trans (8,110,1034)
@53 trans (12,335,2053)
@53 trans (8,785,1842)
@53 trans (23,23,766)
@53 trans (77,832,382)
@53 trans (95,581,2171)
@53 trans (58,670,2219)
@53 trans (92,5,760)
@53 trans (88,617,1297)
@53 trans (14,15,1431)
@53 report (707)
@53 trans (53,416,1907)
@53 trans (63,984,79)
@53 trans (90,15,1852)
@53 trans (87,490,2144)
@53 trans (31,310,1560)
@53 trans (16,727,388)
> split_state (t:int),  (),(0)
                        (),(1)
<