@52 trans (89,966,1555)
@52 trans (90,454,348)
@52 trans (68,570,2334)
@52 trans (94,442,277)
@52 trans (23,432,1042)
@52 trans (37,214,673)
@52 trans (90,244,39)
@52 trans (44,38,669)
@52 trans (67,186,1397)
@52 trans (19,418,416)
@52 auth (7,538)
@52 trans (25,762,2029)
@52 auth (9,86)
@52 trans (44,34,1751)
@52 trans (27,230,1573)
@52 trans (54,36,365)
@52 trans (92,618,1238)
@52 trans (85,776,1631)
@52 trans (85,268,335)
@52 trans (44,718,1966)
@52 trans (30,312,960)
@52 trans (40,616,1863)
@52 trans (24,168,2399)
@52 trans (18,358,237)
@52 trans (83,504,142)
@52 trans (55,572,1157)
@52 trans (20,198,1017)
@52 trans (40,358,1816)
@52 trans (5,352,1125)
@52 trans (69,506,1417)
@52 trans (41,330,1383)
@52 trans (54,440,2090)
@52 trans (26,838,1752)
@52 trans (52,956,767)
@52 trans (43,592,177)
@52 trans (50,996,674)
@52 trans (35,910,2442)
@52 trans (14,656,2074)
@52 trans (42,294,104)
@52 trans (31,838,2496)
@52 trans (17,598,1639)
@52 trans (51,938,378)
@52 trans (18,614,22)
@52 trans (6,112,520)
@52 auth (7,230)
@52 trans (34,864,2394)
@52 trans (73,862,1351)
@52 auth (8,678)
@52 trans (26,490,1750)
@52 trans (15,174,525)
@52 trans (66,6,620)
@53 auth (1,956)
@53 trans (62,754,414)
@53 trans (17,728,465)
@53 trans (41,392,846)
@53 trans (84,68,748)
@53 auth (5,592)
@53 trans (23,394,1809)
@53 trans (6,182,2309)
@53 auth (3,144)
@53 trans (88,166,2034)
@53 trans (8,722,1318)
@53 trans (21,60,1958)
@53 trans (41,612,723)
@53 trans (51,446,1822)
@53 trans (68,848,289)
@53 trans (58,886,2246)
@53 trans (4,956,1946)
@53 trans (40,934,2390)
@53 auth (9,650)
@53 trans (61,482,961)
@53 trans (2,498,1576)
@53 trans (69,538,974)
@53 trans (58,94,1525)
@53 trans (10,706,1721)
@53 auth (8,634)
@53 trans (100,938,2353)
@53 trans (8,110,1034)
@53 trans (74,902,171)
@53 trans (77,832,382)
@53 trans (58,670,2219)
@53 auth (10,506)
@53 trans (53,416,1907)
@53 trans (63,984,79)
@53 trans (87,490,2144)
@53 trans (31,310,1560)
@53 trans (34,576,1150)
@53 trans (31,740,841)
@53 auth (3,540)
@53 trans (7,726,1033)
@53 trans (8,882,148)
@53 auth (1,918)
@53 auth (4,958)
@53 trans (35,514,448)
@53 trans (3,558,1312)
@53 trans (49,738,2493)
@53 trans (71,458,1874)
@53 trans (91,124,387)
@53 trans (62,316,2359)
@53 trans (18,270,1976)
@53 trans (34,320,2441)
@53 trans (17,946,1568)
@53 trans (92,890,1851)
@53 trans (51,130,1264)
@53 trans (54,774,1022)
@53 trans (59,986,1756)
@53 auth (9,408)
@54 auth (3,726)
@54 trans (74,638,811)
@54 trans (13,734,2325)
@54 trans (12,92,2093)
@54 trans (63,974,1821)
@54 auth (8,878)
@54 trans (57,184,470)
@54 trans (32,128,1119)
@54 trans (43,226,1814)
@54 trans (27,740,1995)
@54 auth (4,650)
@54 trans (81,712,457)
@54 trans (36,386,721)
@54 trans (95,554,713)
@54 trans (35,524,1244)
@54 trans (66,270,3)
@54 trans (82,640,1436)
@54 auth (1,638)
@54 trans (91,462,1459)
@54 trans (85,150,1383)
@54 trans (94,342,840)
@54 trans (64,380,1499)
@54 trans (73,136,1446)
@54 trans (59,392,334)
@54 trans (11,916,2256)
@54 trans (55,142,1940)
@54 trans (36,192,2258)
@54 trans (85,116,161)
@54 trans (67,764,771)
@54 trans (87,938,1157)
@54 auth (5,446)
@54 trans (80,286,1779)
@54 trans (100,274,864)
@54 trans (87,336,2036)
@54 trans (69,808,166)
@54 trans (16,588,2244)
@54 auth (2,386)
@54 trans (67,678,2274)
@54 trans (23,598,813)
@54 trans (99,650,1102)
@54 trans (77,266,435)
@54 trans (47,176,60)
@54 trans (36,714,510)
@54 trans (8,170,1905)
@54 trans (30,660,1382)
@54 auth (1,430)
@54 trans (14,12,310)
@54 trans (19,224,143)
@54 trans (23,162,1756)
@54 auth (7,538)
@54 trans (31,984,2419)
@54 trans (92,266,816)
@54 trans (99,728,1779)
@54 trans (31,64,2067)
@54 trans (79,880,355)
@54 trans (10,48,650)
@54 trans (88,404,289)
@54 auth (8,822)
@55 trans (18,568,539)
@55 trans (35,408,1122)
@55 trans (61,702,1645)
@55 trans (100,874,1845)
@55 trans (41,976,1238)
@55 auth (5,664)
@55 trans (96,456,317)
@55 trans (58,778,2423)
@55 trans (99,432,1807)
@55 trans (86,158,1487)
@55 trans (86,684,1222)
@55 trans (57,570,1355)
@55 trans (80,952,1455)
@55 trans (76,106,312)
@55 auth (5,548)
@55 trans (100,504,1344)
@55 trans (11,232,1853)
@55 auth (1,872)
@55 trans (53,742,2220)
@55 auth (9,762)
@55 auth (2,950)
@55 trans (35,980,1840)
@55 auth (9,324)
@55 trans (78,100,1152)
@55 trans (61,614,2226)
@55 trans (68,464,852)
@55 trans (87,874,246)
@55 trans (99,410,1660)
@55 trans (87,54,971)
@55 trans (47,324,931)
@55 trans (100,26,1089)
@55 trans (93,874,2036)
@55 auth (1,32)
@55 trans (35,156,865)
@55 trans (58,182,1476)
@55 trans (96,898,976)
@55 trans (31,914,1906)
@55 trans (1,190,1157)
@55 trans (75,692,2199)
@55 trans (81,198,468)
@55 trans (89,894,381)
@55 trans (77,752,944)
@55 trans (12,578,1701)
@55 trans (5,890,931)
@55 trans (61,366,1786)
@55 trans (49,896,471)
@55 trans (77,192,2223)
@55 trans (41,910,1419)
@55 trans (41,646,2014)
@55 trans (51,928,495)
@55 trans (62,402,2132)
@55 trans (34,110,2169)
@55 trans (83,390,436)
@55 trans (18,80,1304)
@55 trans (46,126,921)
@55 trans (51,618,938)
@55 trans (40,658,2382)
@55 trans (77,172,1913)
@55 trans (88,434,892)
@55 trans (82,548,104)
@55 trans (38,604,1780)
@56 trans (22,852,403)
@56 trans (95,498,1919)
@56 trans (50,46,19)
@56 trans (20,564,1759)
@56 trans (78,912,2259)
@56 trans (22,244,1334)
@56 trans (95,994,208)
@56 trans (59,442,3)
@56 trans (64,12,166)
@56 trans (16,428,780)
@56 trans (10,210,1849)
@56 trans (13,490,947)
@56 trans (22,716,2250)
@56 trans (99,638,2010)
@56 trans (65,684,1386)
@56 trans (18,542,2452)
@56 trans (21,888,432)
@56 trans (12,104,875)
@56 trans (13,738,2084)
@56 trans (83,934,1965)
@56 trans (22,646,33)
@56 trans (39,12,1058)
@56 trans (72,956,2181)
@56 trans (48,416,1525)
@56 trans (26,384,1291)
@56 trans (78,464,1250)
@56 trans (26,248,271)
@56 auth (8,754)
@56 trans (49,142,2489)
@56 trans (78,578,2061)
@56 trans (98,390,131)
@56 trans (20,450,2120)
@56 trans (34,506,631)
@56 trans (51,480,2437)
@56 trans (96,308,1935)
@56 auth (3,420)
@56 trans (83,668,181)
@56 trans (36,722,329)
@56 trans (64,748,1857)
@56 trans (8,386,2111)
@56 trans (85,580,2080)
@56 trans (25,358,478)
@56 trans (10,732,928)
@56 trans (75,192,2093)
@56 trans (66,820,1791)
@56 trans (77,960,2325)
@56 auth (10,204)
@56 trans (38,294,1588)
@57 trans (99,442,1855)
@57 trans (47,462,2273)
@57 auth (7,310)
@57 trans (66,778,786)
@57 trans (20,506,901)
@57 trans (19,202,580)
@57 trans (47,122,1381)
@57 trans (79,892,1658)
@57 trans (100,30,1893)
@57 trans (7,936,732)
@57 trans (33,996,1917)
@57 trans (98,552,1986)
@57 trans (18,406,476)
@57 trans (71,666,1284)
@57 trans (65,656,1504)
@57 trans (85,382,1994)
@57 auth (5,246)
@57 trans (43,428,2066)
@57 trans (45,82,1367)
@57 trans (4,790,1120)
@57 auth (6,630)
@57 trans (85,920,680)
@57 auth (7,378)
@57 trans (93,8,74)
@57 trans (57,230,743)
@57 auth (10,474)
@57 auth (10,16)
@57 trans (93,424,1006)
@57 trans (23,710,175)
@57 trans (47,808,882)
@57 trans (85,506,1794)
@57 trans (47,166,165)
@57 trans (66,532,1704)
@57 auth (6,568)
@57 trans (8,192,1636)
@57 trans (49,282,315)
@57 trans (65,622,921)
@57 trans (6,120,164)
@57 trans (96,580,1676)
@57 auth (9,284)
@57 trans (54,130,1331)
@57 trans (39,752,1495)
@57 trans (3,176,1014)
@57 trans (9,712,594)
@57 trans (32,322,1166)
@57 trans (54,282,1578)
@57 trans (48,956,1015)
@57 trans (58,330,1864)
@57 trans (67,80,1519)
@57 trans (40,636,357)
@57 trans (12,742,1519)
@57 auth (2,634)
@57 auth (10,472)
@57 trans (49,430,2333)
@57 trans (62,940,81)
@57 trans (31,254,1951)
@58 auth (7,260)
@58 trans (3,386,594)
@58 trans (34,420,1257)
@58 trans (97,860,67)
@58 trans (61,574,906)
@58 trans (81,26,1757)
@58 trans (53,370,1447)
@58 trans (31,218,2036)
@58 trans (55,476,995)
@58 trans (83,748,231)
@58 auth (5,266)
@58 trans (12,536,1939)
@58 trans (60,96,1068)
@58 auth (3,290)
@58 trans (58,70,2263)
@58 auth (8,426)
@58 trans (12,784,1688)
@58 trans (49,922,1479)
@58 trans (77,272,2029)
@58 trans (51,848,2004)
@58 auth (2,316)
@58 trans (13,894,2339)
@58 trans (87,498,1501)
@58 auth (7,570)
@58 trans (28,986,728)
@58 trans (19,542,2432)
@58 trans (98,674,1180)
@58 trans (5,990,854)
@58 trans (93,58,600)
@58 trans (40,400,2179)
@58 trans (80,728,1280)
@58 trans (70,44,1393)
@58 trans (93,8,1042)
@58 trans (57,22,1949)
@58 trans (54,754,2193)
@58 trans (34,810,329)
@58 trans (49,358,760)
@58 trans (5,870,1634)
@58 auth (2,744)
@58 trans (51,886,1858)
@58 trans (97,146,1186)
@58 trans (50,30,564)
@58 trans (56,596,67)
@58 trans (19,892,383)
@58 trans (24,234,1402)
@58 trans (72,144,322)
@58 trans (7,908,656)
@58 trans (43,206,413)
@59 trans (52,490,67)
@59 trans (65,48,827)
@59 trans (50,566,1483)
@59 trans (62,152,1823)
@59 trans (13,584,980)
@59 trans (81,872,2474)
@59 trans (35,878,2233)
@59 trans (90,398,873)
@59 trans (34,652,1819)
@59 trans (58,302,849)
@59 trans (4,960,1760)
@59 auth (2,820)
@59 auth (1,214)
@59 trans (12,726,2275)
@59 trans (78,738,1305)
@59 trans (87,912,1282)
@59 trans (86,388,1732)
@59 trans (66,634,2032)
@59 trans (23,572,1205)
@59 trans (41,210,1915)
@59 trans (77,726,1943)
@59 auth (4,422)
@59 trans (81,688,921)
@59 trans (6,692,953)
@59 auth (10,978)
@59 trans (61,604,1778)
@59 trans (90,132,496)
@59 trans (69,904,441)
@59 trans (5,138,452)
@59 trans (19,336,1165)
@59 trans (83,312,1505)
@59 trans (9,312,71)
@59 trans (95,790,2064)
@59 trans (64,132,439)
@59 trans (47,172,279)
@59 trans (70,148,1706)
@59 trans (31,214,1526)
@59 trans (23,444,1134)
@59 trans (48,922,1597)
@59 trans (46,312,1247)
@59 trans (67,508,1851)
@59 trans (85,496,2228)
@59 trans (92,936,1864)
@59 auth (4,774)
@59 trans (8,412,2494)
@59 trans (12,346,1811)
@59 trans (47,650,2314)
@59 trans (32,222,2026)
@59 auth (9,146)
@59 trans (40,4,1266)
@59 trans (99,464,1359)
@59 trans (93,824,1782)
@59 trans (79,780,571)
@59 trans (63,850,1289)
@59 trans (8,822,2074)
@59 trans (30,620,730)
@59 trans (38,150,1105)
@60 trans (92,6,1686)
@60 trans (35,840,436)
@60 trans (84,376,2466)
@60 trans (47,286,1388)
@60 trans (7,324,2329)
@60 auth (2,286)
@60 trans (14,420,2275)
@60 trans (29,974,1445)
@60 trans (36,594,924)
@60 trans (81,6,618)
@60 trans (18,562,312)
@60 auth (9,408)
@60 trans (47,642,161)
@60 auth (2,76)
@60 trans (11,10,1842)
@60 trans (75,238,528)
@60 trans (54,760,150)
@60 trans (87,34,392)
@60 trans (67,270,922)
@60 trans (29,546,270)
@60 trans (66,632,506)
@60 trans (70,12,941)
@60 trans (8,622,945)
@60 trans (23,986,699)
@60 trans (4,472,2124)
@60 trans (99,784,2271)
@60 trans (44,440,1330)
@60 trans (98,170,1767)
@60 auth (8,236)
@60 trans (92,678,1603)
@60 trans (25,122,969)
@60 trans (86,658,1231)
@60 trans (65,248,1885)
@60 trans (11,664,280)
@60 trans (15,646,1638)
@60 trans (33,278,504)
@60 trans (79,450,1943)
@60 trans (81,940,2069)
@60 trans (47,412,1768)
@60 trans (6,312,955)
@60 auth (2,566)
@60 trans (65,932,1126)
@60 auth (4,904)
@60 trans (53,888,225)
@60 trans (81,252,996)
@60 trans (41,96,2341)
@60 trans (34,816,1658)
@60 trans (48,564,372)
@60 auth (10,700)
@60 trans (54,172,562)
@60 trans (25,180,866)
@60 trans (20,158,1859)
@60 trans (27,40,24)
@60 trans (75,644,1457)
@61 auth (4,316)
@61 trans (85,748,1451)
@61 trans (77,174,250)
@61 trans (54,158,2256)
@61 auth (2,480)
@61 trans (21,726,1690)
@61 auth (8,122)
@61 trans (93,74,943)
@61 trans (76,722,1836)
@61 trans (97,240,2336)
@61 trans (21,760,2424)
@61 trans (75,462,703)
@61 trans (73,236,865)
@61 trans (10,214,276)
@61 trans (1,182,1304)
@61 trans (81,934,457)
@61 trans (53,62,450)
@61 trans (75,36,1449)
@61 trans (6,736,749)
@61 trans (26,488,571)
@61 trans (57,272,276)
@61 trans (61,116,218)
@61 trans (67,40,6)
@61 trans (50,886,1670)
@61 trans (99,700,1797)
@61 trans (3,670,2136)
@61 trans (33,396,1528)
@61 trans (25,302,46)
@61 trans (44,848,402)
@61 trans (85,372,175)
@61 trans (36,420,904)
@61 trans (34,842,2170)
@61 trans (7,844,489)
@61 trans (84,262,1265)
@61 trans (2,724,1750)
@61 trans (92,492,240)
@61 trans (70,522,1768)
@61 trans (91,650,1786)
@61 trans (98,170,1742)
@61 auth (9,134)
@61 trans (3,774,961)
@61 trans (68,820,581)
@61 auth (10,1000)
@61 auth (9,872)
@61 trans (55,104,2334)
@61 trans (47,172,644)
@61 auth (4,726)
@61 trans (27,508,620)
@61 trans (76,10,2311)
@61 trans (40,344,1409)
@61 trans (43,638,350)
@61 trans (18,68,1579)
@61 trans (16,328,1810)
@61 trans (32,84,994)
@62 trans (80,562,1119)
@62 trans (3,908,683)
@62 trans (17,612,1644)
@62 trans (47,110,1288)
@62 trans (5,392,1432)
@62 trans (100,664,823)
@62 trans (42,992,2285)
@62 trans (93,592,2461)
@62 trans (15,658,1129)
@62 trans (59,692,23)
@62 trans (71,532,1394)
@62 auth (7,178)
@62 trans (16,680,1211)
@62 trans (34,644,1685)
@62 trans (31,804,317)
@62 trans (16,928,1356)
@62 trans (95,686,865)
@62 auth (7,106)
@62 trans (63,276,121)
@62 trans (65,474,2102)
@62 trans (83,568,83)
@62 trans (77,50,1305)
@62 trans (57,30,872)
@62 trans (40,664,2314)
@62 trans (85,208,339)
@62 trans (69,228,1773)
@62 trans (43,70,1673)
@62 trans (81,14,1076)
@62 auth (9,878)
@62 trans (61,494,111)
@62 trans (27,982,442)
@62 auth (2,160)
@62 trans (85,26,1553)
@62 trans (75,130,375)
@62 trans (59,518,1826)
@62 trans (5,918,1725)
@62 trans (68,318,1439)
@62 trans (21,386,1316)
@62 trans (65,210,2429)
@62 trans (73,766,1060)
@62 trans (79,242,1841)
@62 trans (28,798,1680)
@62 auth (1,588)
@62 trans (22,136,486)
@62 trans (42,632,1251)
@62 trans (64,540,2436)
@63 trans (99,404,1713)
@63 trans (38,164,1050)
@63 trans (64,996,658)
@63 trans (28,498,1830)
@63 trans (76,650,2351)
@63 trans (91,974,552)
@63 trans (59,716,1531)
@63 auth (5,624)
@63 trans (13,212,2424)
@63 trans (23,686,1226)
@63 trans (73,146,1659)
@63 trans (69,460,340)
@63 trans (19,628,28)
@63 trans (55,830,875)
@63 trans (96,548,2385)
@63 trans (12,52,1632)
@63 auth (5,560)
@63 trans (50,200,1276)
@63 trans (87,156,701)
@63 trans (14,866,2493)
@63 trans (34,748,1110)
@63 trans (68,436,959)
@63 trans (47,630,2034)
@63 trans (58,250,2172)
@63 trans (75,744,2061)
@63 trans (20,136,400)
@63 trans (1,370,438)
@63 trans (21,804,276)
@63 trans (41,144,1902)
@63 trans (12,26,1478)
@63 trans (21,946,245)
@63 trans (71,64,997)
@63 auth (2,158)
@63 trans (98,358,1938)
@63 trans (35,272,266)
@63 trans (49,890,956)
@63 trans (52,628,789)
@63 trans (72,410,1189)
@63 trans (64,96,607)
@63 trans (48,114,1292)
@63 trans (26,132,2077)
@63 trans (12,870,208)
@63 auth (6,280)
@64 trans (38,996,868)
@64 trans (11,938,1226)
@64 trans (41,908,2475)
@64 trans (81,500,654)
@64 trans (95,70,105)
@64 trans (19,938,277)
@64 trans (63,384,1159)
@64 trans (98,720,1869)
@64 trans (13,72,148)
@64 trans (96,910,492)
@64 trans (90,884,1631)
@64 trans (77,794,166)
@64 trans (83,92,884)
@64 trans (55,634,2339)
@64 trans (4,552,861)
@64 trans (1,656,2217)
@64 trans (25,144,2330)
@64 trans (29,126,2017)
@64 trans (15,662,631)
@64 trans (42,198,1694)
@64 auth (9,800)
@64 trans (36,566,1220)
@64 trans (68,328,1756)
@64 trans (13,596,792)
@64 trans (43,288,17)
@64 trans (40,118,1793)
@64 trans (5,152,1579)
@64 trans (27,422,183)
@64 trans (86,134,1458)
@64 trans (59,392,2251)
@64 trans (33,978,2158)
@64 trans (84,334,1877)
@64 trans (90,498,642)
@64 trans (7,378,737)
@64 trans (37,110,1226)
@64 trans (4,68,1028)
@64 trans (49,122,2114)
@64 auth (1,746)
@64 trans (56,702,373)
@64 trans (93,182,1402)
@64 trans (67,244,1886)
@64 trans (31,440,1484)
@64 trans (74,582,655)
@64 auth (9,202)
@64 trans (96,578,2271)
@64 trans (41,136,1411)
@64 trans (79,972,1037)
@64 trans (86,332,1430)
@64 auth (2,558)
@65 trans (45,698,253)
@65 trans (57,436,1019)
@65 trans (95,60,967)
@65 auth (5,110)
@65 trans (1,518,1201)
@65 trans (54,156,170)
@65 trans (52,136,767)
@65 trans (20,290,2117)
@65 trans (18,718,87)
@65 trans (86,426,1396)
@65 trans (28,258,1122)
@65 auth (4,586)
@65 trans (78,382,1702)
@65 trans (56,230,2265)
@65 trans (62,352,1519)
@65 auth (7,766)
@65 trans (52,810,230)
@65 trans (59,608,1847)
@65 trans (28,242,1051)
@65 trans (65,770,1372)
@65 trans (77,150,821)
@65 trans (80,630,232)
@65 trans (67,964,1901)
@65 trans (44,824,756)
@65 trans (55,698,1822)
@65 trans (78,6,1273)
@65 trans (19,388,252)
@65 trans (77,320,1440)
@65 trans (29,556,2230)
@65 trans (7,26,2307)
@65 trans (55,414,845)
@65 auth (10,408)
@65 trans (16,570,1660)
@65 auth (10,470)
@65 trans (88,70,183)
@65 trans (100,304,499)
@65 auth (7,842)
@65 trans (75,822,1433)
@65 trans (76,1000,172)
@65 trans (5,310,2107)
@65 trans (15,158,671)
@65 trans (53,54,187)
@65 trans (23,238,661)
@65 auth (1,246)
@65 trans (20,616,310)
@65 trans (59,564,1580)
@65 auth (2,760)
@65 trans (37,46,278)
@65 trans (39,232,1450)
@65 trans (24,756,436)
@65 auth (5,736)
@65 trans (41,756,1540)
@66 trans (20,190,755)
@66 trans (84,690,1935)
@66 trans (94,184,1418)
@66 trans (2,594,818)
@66 trans (25,98,1538)
@66 trans (70,768,1033)
@66 trans (88,220,952)
@66 trans (52,78,2378)
@66 trans (45,918,2245)
@66 trans (2,682,133)
@66 auth (8,416)
@66 trans (50,650,273)
@66 trans (34,368,618)
@66 trans (47,266,1096)
@66 auth (5,38)
@66 trans (73,898,609)
@66 trans (56,766,1897)
@66 trans (75,42,315)
@66 trans (10,152,1391)
@66 trans (19,966,1909)
@66 auth (9,904)
@66 trans (94,118,1782)
@66 trans (31,408,2216)
@66 trans (25,526,407)
@66 trans (17,770,611)
@66 auth (9,10)
@66 trans (36,428,1368)
@66 trans (24,180,1185)
@66 trans (19,842,673)
@66 trans (44,166,248)
@66 trans (57,322,705)
@66 trans (31,298,1549)
@66 auth (8,558)
@66 trans (43,284,2065)
@66 trans (98,532,1014)
@66 trans (98,590,1570)
@66 trans (93,754,447)
@66 trans (27,26,1222)
@66 trans (89,712,739)
@66 trans (45,126,1754)
@66 trans (95,500,264)
@66 trans (39,378,1239)
> save_and_exit left-es <