@57 trans (12,309,176)
@57 trans (96,580,1676)
@57 auth (9,284)
@57 trans (54,130,1331)
@57 trans (39,752,1495)
@57 trans (3,176,1014)
@57 trans (67,597,1625)
@57 trans (9,712,594)
@57 trans (32,322,1166)
@57 trans (54,282,1578)
@57 trans (33,75,2430)
@57 trans (58,3,2256)
@57 trans (48,956,1015)
@57 trans (58,330,1864)
@57 trans (67,80,1519)
@57 trans (79,501,365)
@57 trans (40,636,357)
@57 trans (27,127,702)
@57 trans (67,119,1068)
@57 trans (26,783,681)
@57 trans (12,742,1519)
@57 trans (61,889,897)
@57 auth (2,634)
@57 trans (29,503,1172)
@57 auth (10,472)
@57 auth (3,429)
@57 trans (3,95,1382)
@57 trans (49,430,2333)
@57 trans (62,940,81)
@57 auth (3,453)
@57 trans (59,845,2347)
@57 trans (31,254,1951)
@57 trans (21,369,932)
@57 trans (22,315,2286)
@58 auth (7,260)
@58 trans (3,386,594)
@58 auth (2,783)
@58 trans (34,675,594)
@58 trans (42,909,1634)
@58 trans (34,420,1257)
@58 trans (97,860,67)
@58 trans (61,574,906)
@58 trans (81,26,1757)
@58 trans (89,565,1277)
@58 auth (1,317)
@58 trans (93,695,978)
@58 trans (58,365,987)
@58 trans (53,370,1447)
@58 trans (66,431,2227)
@58 trans (58,137,1658)
@58 trans (94,837,2171)
@58 trans (31,218,2036)
@58 trans (55,476,995)
@58 trans (83,748,231)
@58 auth (5,266)
@58 trans (5,255,1858)
@58 trans (12,536,1939)
@58 trans (60,96,1068)
@58 trans (47,605,433)
@58 auth (3,290)
@58 trans (26,93,579)
@58 trans (88,491,715)
@58 trans (48,981,1667)
@58 trans (51,615,1911)
@58 trans (1,577,516)
@58 trans (77,389,1018)
@58 trans (2,439,1672)
@58 trans (57,665,1908)
@58 trans (58,70,2263)
@58 auth (8,426)
@58 trans (12,784,1688)
@58 trans (49,922,1479)
@58 trans (77,272,2029)
@58 trans (51,848,2004)
@58 auth (2,316)
@58 trans (73,977,339)
@58 trans (26,313,416)
@58 trans (13,894,2339)
@58 trans (51,777,429)
@58 trans (87,498,1501)
@58 auth (7,570)
@58 trans (28,986,728)
@58 trans (31,665,2090)
@58 trans (19,542,2432)
@58 trans (77,217,1279)
@58 trans (98,674,1180)
@58 trans (18,207,140)
@58 trans (42,923,714)
@58 trans (72,773,1897)
@58 trans (67,153,2458)
@58 trans (5,990,854)
@58 trans (93,58,600)
@58 trans (100,655,1833)
@58 trans (84,595,1854)
@58 trans (40,400,2179)
@58 trans (80,728,1280)
@58 trans (33,973,1521)
@58 trans (4,471,1766)
@58 trans (70,44,1393)
@58 trans (93,8,1042)
@58 trans (34,855,266)
@58 trans (57,22,1949)
@58 trans (54,754,2193)
@58 trans (34,810,329)
@58 trans (65,593,1271)
@58 trans (49,358,760)
@58 auth (9,585)
@58 trans (33,619,2243)
@58 trans (5,870,1634)
@58 auth (2,744)
@58 trans (51,886,1858)
@58 trans (50,955,2419)
@58 trans (23,875,1672)
@58 trans (4,233,1014)
@58 trans (55,463,839)
@58 trans (97,146,1186)
@58 trans (50,30,564)
@58 trans (56,596,67)
@58 auth (10,315)
@58 trans (19,892,383)
@58 trans (69,615,497)
@58 trans (91,813,249)
@58 trans (34,279,1988)
@58 trans (24,234,1402)
@58 trans (62,289,927)
@58 trans (72,144,322)
@58 trans (28,23,1038)
@58 trans (7,908,656)
@58 trans (43,206,413)
@58 trans (14,157,1574)
@58 trans (62,861,1294)
@59 auth (6,71)
@59 trans (52,490,67)
@59 trans (65,48,827)
@59 trans (51,651,2111)
@59 trans (79,953,1825)
@59 trans (50,566,1483)
@59 auth (9,487)
@59 trans (62,152,1823)
@59 trans (13,584,980)
@59 trans (48,755,1401)
@59 trans (81,872,2474)
@59 trans (35,878,2233)
@59 trans (62,491,985)
@59 auth (9,79)
@59 trans (59,455,617)
@59 trans (90,398,873)
@59 trans (88,203,2163)
@59 trans (32,899,1751)
@59 trans (51,963,140)
@59 trans (34,652,1819)
@59 trans (70,201,355)
@59 trans (100,887,889)
@59 auth (1,263)
@59 trans (73,991,806)
@59 trans (58,302,849)
@59 trans (4,960,1760)
@59 trans (42,929,265)
@59 auth (2,820)
@59 auth (1,214)
@59 trans (12,726,2275)
@59 trans (41,821,1891)
@59 auth (6,981)
@59 trans (88,321,605)
@59 trans (78,738,1305)
@59 trans (78,775,2191)
@59 trans (87,912,1282)
@59 trans (86,388,1732)
@59 trans (66,634,2032)
@59 trans (100,583,961)
@59 trans (64,99,2041)
@59 trans (91,173,701)
@59 auth (9,455)
@59 trans (23,572,1205)
@59 trans (41,210,1915)
@59 trans (77,726,1943)
@59 auth (4,422)
@59 trans (42,283,1765)
@59 trans (96,927,1843)
@59 trans (67,499,434)
@59 trans (81,688,921)
@59 trans (6,692,953)
@59 auth (10,978)
@59 trans (63,865,400)
@59 trans (61,604,1778)
@59 trans (90,132,496)
@59 trans (69,904,441)
@59 trans (56,37,1043)
@59 trans (5,138,452)
@59 trans (19,336,1165)
@59 trans (83,312,1505)
@59 trans (9,312,71)
@59 trans (95,790,2064)
@59 auth (2,907)
@59 trans (9,105,2491)
@59 trans (64,132,439)
@59 trans (47,172,279)
@59 trans (67,285,1568)
@59 trans (11,447,645)
@59 auth (4,823)
@59 trans (79,651,2032)
@59 trans (48,317,1853)
@59 auth (10,829)
@59 trans (70,148,1706)
@59 trans (31,214,1526)
@59 trans (70,743,346)
@59 trans (23,444,1134)
@59 trans (48,922,1597)
@59 trans (46,312,1247)
@59 trans (67,508,1851)
@59 trans (45,575,1505)
@59 trans (85,496,2228)
@59 trans (92,936,1864)
@59 trans (3,251,185)
@59 auth (4,774)
@59 trans (8,412,2494)
@59 trans (70,625,2137)
@59 trans (12,346,1811)
@59 trans (47,650,2314)
@59 trans (32,222,2026)
@59 auth (9,146)
@59 trans (68,391,859)
@59 trans (40,4,1266)
@59 trans (99,464,1359)
@59 trans (31,201,2094)
@59 trans (81,259,2131)
@59 trans (52,205,2001)
@59 trans (72,35,2036)
@59 trans (93,824,1782)
@59 trans (9,831,945)
@59 trans (79,780,571)
@59 trans (63,850,1289)
@59 trans (8,822,2074)
@59 trans (30,620,730)
@59 trans (27,499,2341)
@59 trans (38,150,1105)
@59 trans (89,129,1979)
@59 trans (25,243,1036)
@60 trans (92,6,1686)
@60 trans (1,455,896)
@60 trans (35,840,436)
@60 trans (84,376,2466)
@60 trans (21,243,1202)
@60 trans (44,851,1150)
@60 trans (47,286,1388)
@60 trans (7,324,2329)
@60 trans (12,41,1946)
@60 auth (2,286)
@60 trans (14,420,2275)
@60 auth (8,603)
@60 trans (63,281,1846)
@60 trans (29,974,1445)
@60 trans (87,641,796)
@60 trans (36,594,924)
@60 trans (81,6,618)
@60 auth (2,445)
@60 trans (18,562,312)
@60 trans (92,433,1957)
@60 auth (9,408)
@60 trans (47,642,161)
@60 trans (81,311,1678)
@60 auth (2,76)
@60 trans (11,10,1842)
@60 trans (75,238,528)
@60 trans (54,760,150)
@60 trans (87,34,392)
@60 trans (62,617,5)
@60 trans (85,209,723)
@60 trans (67,270,922)
@60 trans (29,546,270)
@60 trans (66,632,506)
@60 trans (4,215,2037)
@60 trans (70,12,941)
@60 trans (17,167,1734)
@60 trans (8,622,945)
@60 trans (23,986,699)
@60 auth (3,761)
@60 trans (100,273,466)
@60 trans (21,591,1408)
@60 trans (79,669,1449)
@60 trans (6,455,2185)
@60 trans (4,472,2124)
@60 trans (47,593,2466)
@60 trans (51,191,2021)
@60 auth (3,307)
@60 trans (21,55,930)
@60 trans (99,784,2271)
@60 trans (44,440,1330)
@60 auth (4,617)
@60 trans (46,187,466)
@60 trans (98,170,1767)
@60 auth (8,236)
@60 trans (14,599,591)
@60 trans (92,678,1603)
@60 trans (67,391,421)
@60 trans (25,122,969)
@60 trans (28,665,1848)
@60 trans (90,241,454)
@60 trans (86,658,1231)
@60 trans (65,248,1885)
@60 trans (11,664,280)
@60 trans (15,646,1638)
@60 trans (87,737,610)
@60 trans (33,278,504)
@60 trans (79,450,1943)
@60 trans (68,235,656)
@60 trans (2,497,714)
@60 trans (81,940,2069)
@60 auth (10,961)
@60 trans (75,407,8)
@60 trans (82,197,2260)
@60 trans (47,412,1768)
@60 trans (6,312,955)
@60 trans (65,237,2167)
@60 auth (2,566)
@60 trans (51,19,1798)
@60 trans (61,529,1335)
@60 trans (65,932,1126)
@60 auth (4,904)
@60 trans (1,495,999)
@60 trans (53,888,225)
@60 trans (57,227,1172)
@60 trans (81,252,996)
@60 trans (39,685,357)
@60 trans (76,471,444)
@60 trans (41,96,2341)
@60 trans (34,816,1658)
@60 trans (48,564,372)
@60 auth (4,667)
@60 trans (27,957,1836)
@60 auth (10,700)
@60 trans (55,83,1795)
@60 trans (54,172,562)
@60 trans (25,180,866)
@60 trans (14,929,1537)
@60 trans (46,273,956)
@60 auth (10,735)
@60 trans (20,158,1859)
@60 trans (27,40,24)
@60 trans (53,43,1990)
@60 trans (75,644,1457)
@60 auth (5,233)
@60 trans (43,455,195)
@61 auth (4,316)
@61 trans (85,748,1451)
@61 trans (77,153,2234)
@61 trans (77,174,250)
@61 trans (75,789,1288)
@61 trans (78,937,386)
@61 trans (82,695,926)
@61 trans (54,158,2256)
@61 trans (62,909,829)
@61 trans (69,175,24)
@61 trans (55,475,1974)
@61 auth (2,480)
@61 trans (8,63,1140)
@61 trans (21,726,1690)
@61 trans (84,963,1934)
@61 trans (14,993,371)
@61 auth (8,122)
@61 trans (23,15,175)
@61 trans (27,359,1317)
@61 trans (46,465,556)
@61 trans (93,74,943)
@61 trans (80,673,803)
@61 trans (76,722,1836)
@61 trans (16,7,87)
@61 trans (97,240,2336)
@61 trans (21,760,2424)
@61 trans (75,462,703)
@61 trans (73,236,865)
@61 trans (10,214,276)
@61 trans (1,182,1304)
@61 trans (81,934,457)
@61 trans (53,62,450)
@61 auth (4,561)
@61 trans (75,36,1449)
@61 trans (6,736,749)
@61 trans (2,759,674)
@61 trans (26,488,571)
@61 trans (57,272,276)
@61 trans (61,116,218)
@61 trans (82,387,2167)
@61 trans (82,475,556)
@61 trans (67,40,6)
@61 trans (31,73,976)
@61 trans (50,886,1670)
@61 trans (98,443,1928)
@61 trans (99,700,1797)
@61 trans (14,611,1113)
@61 trans (29,137,169)
@61 trans (3,670,2136)
@61 trans (33,396,1528)
@61 trans (25,302,46)
@61 auth (7,191)
@61 trans (92,361,2004)
@61 trans (44,848,402)
@61 trans (85,372,175)
@61 trans (36,420,904)
@61 trans (3,771,1274)
@61 trans (34,842,2170)
@61 trans (7,844,489)
@61 trans (84,262,1265)
@61 auth (10,371)
@61 trans (59,307,726)
@61 trans (2,724,1750)
@61 auth (8,355)
@61 trans (6,947,1265)
@61 trans (53,43,16)
@61 trans (51,877,1716)
@61 trans (92,492,240)
@61 trans (89,465,1664)
@61 trans (70,522,1768)
@61 trans (91,650,1786)
@61 trans (92,341,17)
@61 trans (94,699,1576)
@61 trans (98,170,1742)
@61 auth (9,134)
@61 trans (3,774,961)
@61 auth (7,925)
@61 trans (68,820,581)
@61 trans (81,905,776)
@61 auth (10,1000)
@61 trans (50,271,795)
@61 auth (9,872)
@61 trans (86,489,328)
@61 trans (2,91,2352)
@61 trans (72,917,989)
@61 auth (9,917)
@61 trans (32,743,1645)
@61 trans (55,104,2334)
@61 trans (47,172,644)
@61 auth (4,726)
@61 trans (27,508,620)
@61 trans (55,667,1811)
@61 trans (76,10,2311)
@61 auth (10,9)
@61 trans (44,801,482)
@61 auth (3,855)
@61 trans (20,637,2092)
@61 auth (2,893)
@61 trans (69,733,1303)
@61 auth (8,187)
@61 trans (26,837,563)
@61 trans (40,344,1409)
@61 trans (43,638,350)
@61 trans (18,68,1579)
@61 trans (68,921,1636)
@61 auth (7,859)
@61 trans (16,328,1810)
@61 trans (13,373,200)
@61 trans (32,84,994)
@61 trans (74,863,976)
@61 trans (32,377,897)
@62 auth (10,993)
@62 trans (78,453,2012)
@62 trans (16,633,856)
@62 trans (80,562,1119)
@62 trans (61,321,1571)
@62 trans (3,908,683)
@62 trans (17,612,1644)
@62 trans (47,110,1288)
@62 trans (5,392,1432)
@62 trans (100,664,823)
@62 trans (42,992,2285)
@62 trans (34,457,2457)
@62 trans (93,592,2461)
@62 trans (36,147,764)
@62 trans (66,411,2365)
@62 trans (15,658,1129)
@62 trans (65,805,2251)
@62 trans (59,692,23)
@62 trans (71,532,1394)
@62 auth (7,178)
@62 trans (16,680,1211)
@62 trans (50,997,1110)
@62 trans (34,644,1685)
@62 trans (31,804,317)
@62 trans (16,928,1356)
@62 trans (76,553,1874)
@62 trans (88,205,159)
@62 trans (59,183,389)
@62 auth (5,41)
@62 trans (95,686,865)
@62 auth (7,106)
@62 trans (74,485,804)
@62 trans (63,276,121)
@62 trans (65,474,2102)
@62 trans (1,791,313)
@62 trans (85,549,888)
@62 trans (83,568,83)
@62 trans (52,637,2218)
@62 trans (44,881,2469)
@62 trans (89,537,819)
@62 trans (77,50,1305)
@62 trans (57,30,872)
@62 trans (51,961,497)
@62 trans (40,664,2314)
@62 trans (85,208,339)
@62 trans (69,228,1773)
@62 trans (43,70,1673)
@62 trans (54,603,332)
@62 trans (9,513,2447)
@62 trans (81,14,1076)
@62 trans (79,169,2366)
@62 trans (33,911,1436)
@62 auth (9,878)
@62 trans (61,494,111)
@62 trans (34,147,354)
@62 trans (27,982,442)
@62 trans (97,439,767)
@62 trans (68,697,991)
@62 trans (100,257,1731)
@62 trans (8,959,312)
@62 auth (2,160)
@62 auth (10,195)
@62 trans (47,241,1797)
@62 trans (78,129,1613)
@62 trans (3,83,1164)
@62 trans (66,985,1719)
@62 trans (94,391,1933)
@62 trans (85,26,1553)
@62 trans (83,315,1585)
@62 trans (75,130,375)
@62 trans (82,219,1165)
@62 trans (19,65,214)
@62 trans (5,963,280)
@62 trans (89,571,582)
@62 trans (59,518,1826)
@62 trans (77,773,1703)
@62 trans (68,921,1051)
@62 trans (5,918,1725)
@62 trans (68,318,1439)
@62 trans (21,386,1316)
@62 trans (65,210,2429)
@62 trans (73,766,1060)
@62 trans (49,483,2393)
@62 trans (31,557,1863)
@62 trans (85,223,1603)
@62 trans (17,947,461)
@62 trans (45,371,1976)
@62 trans (79,242,1841)
@62 trans (28,798,1680)
@62 auth (1,588)
@62 trans (22,136,486)
@62 auth (8,949)
@62 trans (42,632,1251)
@62 trans (5,231,911)
@62 trans (52,365,2101)
@62 trans (64,540,2436)
@62 trans (49,411,246)
@63 trans (99,404,1713)
@63 trans (63,917,845)
@63 trans (2,139,207)
@63 trans (62,183,756)
@63 trans (29,253,1165)
@63 trans (38,164,1050)
@63 trans (92,517,367)
@63 auth (7,335)
@63 auth (1,615)
@63 trans (76,965,597)
@63 auth (8,579)
@63 trans (73,85,916)
@63 trans (96,103,2302)
@63 trans (93,165,1753)
@63 trans (64,996,658)
@63 trans (28,498,1830)
@63 trans (50,369,1542)
@63 auth (7,601)
@63 trans (76,650,2351)
@63 auth (7,611)
@63 trans (91,974,552)
@63 trans (83,507,448)
@63 trans (72,993,1622)
@63 trans (59,716,1531)
@63 trans (14,747,1073)
@63 trans (31,919,2020)
@63 auth (5,624)
@63 trans (13,212,2424)
@63 trans (14,591,791)
@63 trans (3,749,683)
@63 trans (23,686,1226)
@63 trans (99,801,1814)
@63 trans (73,146,1659)
@63 trans (32,417,1085)
@63 trans (94,179,727)
@63 trans (29,757,890)
@63 trans (23,305,18)
@63 trans (78,937,2467)
@63 trans (31,915,346)
@63 trans (69,460,340)
@63 trans (19,628,28)
@63 trans (55,830,875)
@63 trans (89,33,2361)
@63 trans (37,949,2372)
@63 trans (22,277,2231)
@63 trans (1,591,1577)
@63 trans (22,747,1270)
@63 trans (96,548,2385)
@63 trans (12,52,1632)
@63 auth (5,560)
@63 trans (50,200,1276)
@63 trans (87,156,701)
@63 trans (14,866,2493)
@63 trans (34,748,1110)
@63 trans (51,809,1477)
@63 trans (68,436,959)
@63 trans (82,313,2243)
@63 trans (79,971,875)
@63 trans (47,630,2034)
@63 trans (58,250,2172)
@63 trans (75,744,2061)
@63 trans (20,136,400)
@63 trans (1,370,438)
@63 trans (23,193,970)
@63 trans (8,103,1088)
@63 trans (59,69,2240)
@63 trans (22,883,1666)
@63 trans (21,804,276)
@63 trans (12,59,2372)
@63 trans (59,743,2016)
@63 trans (41,144,1902)
@63 trans (38,57,1172)
@63 trans (39,743,1046)
@63 auth (8,329)
@63 trans (58,633,886)
@63 trans (38,895,805)
@63 auth (3,925)
@63 trans (25,201,2362)
@63 trans (12,26,1478)
@63 trans (21,946,245)
@63 trans (66,917,2354)
@63 trans (71,64,997)
@63 trans (82,711,65)
@63 auth (2,158)
@63 trans (98,358,1938)
@63 trans (35,272,266)
@63 auth (8,801)
@63 trans (46,963,726)
@63 trans (29,367,1019)
@63 auth (4,315)
@63 trans (49,890,956)
@63 trans (87,483,822)
@63 trans (75,885,600)
@63 trans (52,628,789)
@63 trans (81,843,1117)
@63 trans (72,410,1189)
@63 trans (64,96,607)
@63 trans (48,114,1292)
@63 auth (1,483)
@63 trans (25,135,2431)
@63 auth (7,407)
@63 trans (86,613,1527)
@63 auth (5,197)
@63 trans (26,132,2077)
@63 trans (96,767,2048)
@63 trans (12,870,208)
@63 trans (27,79,2240)
@63 trans (90,7,238)
@63 auth (6,280)
@64 auth (1,987)
@64 trans (38,996,868)
@64 trans (2,743,1905)
@64 trans (11,938,1226)
@64 trans (41,908,2475)
@64 trans (74,527,883)
@64 trans (88,61,994)
@64 trans (65,649,2216)
@64 trans (81,500,654)
@64 trans (56,841,334)
@64 trans (37,987,2308)
@64 trans (95,70,105)
@64 trans (19,938,277)
@64 trans (63,384,1159)
@64 trans (98,720,1869)
@64 trans (13,72,148)
@64 trans (37,773,1462)
@64 trans (25,35,1941)
@64 auth (5,227)
@64 trans (99,135,128)
@64 trans (96,910,492)
@64 trans (39,37,757)
@64 trans (90,884,1631)
@64 trans (16,233,2213)
@64 trans (6,489,589)
@64 trans (77,794,166)
@64 trans (83,92,884)
@64 trans (48,125,1087)
@64 trans (55,634,2339)
@64 trans (5,265,1136)
@64 trans (4,552,861)
@64 trans (1,656,2217)
@64 trans (100,893,760)
@64 trans (25,144,2330)
@64 trans (29,126,2017)
@64 trans (86,101,232)
@64 auth (6,937)
@64 trans (76,215,137)
@64 trans (14,187,1058)
@64 trans (15,523,1462)
@64 trans (15,662,631)
@64 trans (41,195,2124)
@64 trans (42,198,1694)
@64 auth (9,800)
@64 trans (36,566,1220)
@64 trans (23,593,1156)
@64 trans (84,931,1087)
@64 trans (68,328,1756)
@64 trans (13,596,792)
@64 trans (43,288,17)
@64 trans (37,9,1728)
@64 trans (27,777,1299)
@64 trans (40,118,1793)
@64 trans (5,152,1579)
@64 trans (33,587,685)
@64 trans (67,961,601)
@64 trans (27,422,183)
@64 auth (1,163)
@64 trans (48,563,1178)
@64 trans (86,134,1458)
@64 trans (62,743,178)
@64 trans (59,392,2251)
@64 trans (33,978,2158)
@64 trans (58,671,844)
@64 auth (3,941)
@64 trans (32,561,2304)
@64 trans (73,477,1699)
@64 trans (90,645,441)
@64 auth (3,771)
@64 trans (84,334,1877)
@64 trans (44,191,2066)
@64 trans (90,498,642)
@64 trans (39,639,1058)
@64 trans (7,378,737)
@64 trans (37,110,1226)
@64 trans (4,68,1028)
@64 trans (93,307,2164)
@64 trans (66,507,1612)
@64 trans (49,122,2114)
@64 trans (66,1,1043)
@64 trans (24,607,2407)
@64 auth (1,746)
@64 trans (56,702,373)
@64 auth (1,217)
@64 trans (93,182,1402)
@64 auth (7,687)
@64 trans (99,427,821)
@64 trans (67,244,1886)
@64 trans (31,440,1484)
@64 trans (74,582,655)
@64 auth (9,202)
@64 trans (44,925,847)
@64 trans (75,195,791)
@64 trans (4,761,2383)
@64 trans (96,578,2271)
@64 trans (30,947,557)
@64 trans (41,136,1411)
@64 trans (79,972,1037)
@64 trans (86,332,1430)
@64 auth (2,558)
@64 trans (9,113,1671)
@64 trans (7,479,1461)
@65 auth (8,253)
@65 trans (80,271,1705)
@65 trans (99,65,852)
@65 trans (85,409,2470)
@65 trans (49,931,601)
@65 trans (45,698,253)
@65 trans (57,436,1019)
@65 trans (70,527,1413)
@65 trans (62,591,1398)
@65 trans (19,381,2350)
@65 trans (95,60,967)
@65 trans (53,165,2305)
@65 auth (5,110)
@65 trans (1,518,1201)
@65 auth (7,817)
@65 trans (54,156,170)
@65 trans (52,136,767)
@65 trans (20,290,2117)
@65 trans (4,729,479)
@65 trans (18,718,87)
@65 trans (86,426,1396)
@65 trans (7,991,1749)
@65 trans (84,607,1958)
@65 trans (28,258,1122)
@65 trans (79,909,1988)
@65 auth (4,586)
@65 trans (78,382,1702)
@65 trans (35,189,1816)
@65 trans (56,230,2265)
@65 trans (31,769,2117)
@65 trans (62,352,1519)
@65 auth (7,766)
@65 trans (52,810,230)
@65 trans (59,608,1847)
@65 trans (28,242,1051)
@65 trans (41,911,1486)
@65 trans (65,770,1372)
@65 trans (83,147,87)
@65 trans (77,150,821)
@65 trans (82,733,1308)
@65 trans (80,630,232)
@65 trans (33,833,808)
@65 trans (67,964,1901)
@65 trans (73,493,330)
@65 trans (75,439,1926)
@65 trans (20,843,362)
@65 trans (50,763,1433)
@65 trans (87,571,257)
@65 trans (68,667,1421)
@65 trans (44,824,756)
@65 trans (55,698,1822)
@65 trans (78,6,1273)
@65 trans (19,388,252)
@65 trans (77,320,1440)
@65 trans (29,556,2230)
@65 trans (7,26,2307)
@65 trans (20,541,883)
@65 trans (55,414,845)
@65 trans (27,391,1815)
@65 trans (91,133,1072)
@65 auth (10,408)
@65 trans (16,570,1660)
@65 auth (10,470)
@65 trans (88,70,183)
@65 trans (34,719,2110)
@65 trans (88,783,1150)
@65 trans (47,449,1601)
@65 trans (91,83,463)
@65 trans (100,304,499)
@65 trans (26,289,1260)
@65 trans (61,161,2064)
@65 auth (7,842)
@65 trans (75,822,1433)
@65 trans (78,763,366)
@65 trans (23,487,2151)
@65 auth (6,931)
@65 trans (76,1000,172)
@65 trans (5,310,2107)
@65 trans (81,539,858)
@65 trans (78,269,526)
@65 trans (15,158,671)
@65 trans (53,54,187)
@65 trans (23,238,661)
@65 auth (1,246)
@65 trans (20,616,310)
@65 trans (59,564,1580)
@65 trans (100,667,2178)
@65 auth (2,760)
@65 trans (37,46,278)
@65 trans (76,149,869)
@65 trans (39,232,1450)
@65 trans (40,19,874)
@65 trans (24,756,436)
@65 auth (5,736)
@65 trans (41,756,1540)
@65 auth (9,863)
@65 trans (13,861,2490)
@65 trans (8,805,749)
@65 trans (4,981,230)
@65 trans (48,435,1708)
@65 trans (96,325,686)
@65 trans (7,611,2070)
@65 trans (68,151,1373)
@66 trans (20,190,755)
@66 trans (84,690,1935)
@66 trans (94,184,1418)
@66 trans (33,245,1416)
@66 trans (100,279,995)
@66 trans (100,491,1062)
@66 trans (2,594,818)
@66 trans (25,98,1538)
@66 trans (70,768,1033)
@66 trans (88,220,952)
@66 trans (52,78,2378)
@66 trans (45,918,2245)
@66 trans (2,682,133)
@66 trans (100,679,622)
@66 trans (9,595,66)
@66 trans (86,279,891)
@66 auth (8,416)
@66 trans (50,650,273)
@66 trans (5,775,1010)
@66 trans (34,368,618)
@66 trans (47,266,1096)
@66 trans (70,675,1858)
@66 auth (5,38)
@66 trans (73,898,609)
@66 auth (3,185)
@66 trans (56,766,1897)
@66 trans (75,209,830)
@66 trans (16,69,2134)
@66 trans (75,42,315)
@66 auth (2,647)
@66 trans (10,152,1391)
@66 auth (9,933)
@66 trans (19,966,1909)
@66 auth (9,904)
@66 trans (94,118,1782)
@66 trans (31,408,2216)
@66 trans (25,526,407)
@66 auth (4,27)
@66 trans (17,770,611)
@66 auth (3,991)
@66 trans (39,981,2124)
@66 trans (18,855,1295)
@66 trans (93,687,473)
@66 auth (9,10)
@66 trans (12,247,1530)
@66 trans (36,428,1368)
@66 trans (93,335,717)
@66 auth (4,203)
@66 trans (24,180,1185)
@66 trans (19,842,673)
@66 auth (7,541)
@66 trans (63,823,1274)
@66 auth (6,365)
@66 trans (63,459,1290)
@66 trans (44,166,248)
@66 trans (57,322,705)
@66 trans (31,298,1549)
@66 trans (6,673,1540)
@66 auth (8,558)
@66 trans (43,284,2065)
@66 auth (1,643)
@66 trans (98,532,1014)
@66 trans (57,877,1185)
@66 trans (98,590,1570)
@66 trans (26,105,1507)
@66 trans (25,975,819)
@66 trans (93,754,447)
@66 trans (27,26,1222)
@66 trans (89,712,739)
@66 trans (95,355,2437)
@66 trans (50,467,1640)
@66 trans (20,897,544)
@66 trans (45,126,1754)
@66 trans (95,500,264)
@66 trans (48,61,448)
@66 trans (92,665,1772)
@66 trans (32,229,1009)
@66 trans (39,378,1239)
@66 trans (12,771,390)
@66 trans (61,429,2227)
@66 auth (3,786)
@66 trans (56,380,892)
@66 trans (42,784,1354)
@66 trans (56,281,131)
@66 trans (27,596,1090)
@66 trans (18,61,1501)
@66 trans (51,938,1737)
@66 auth (10,173)
@66 trans (16,397,260)
@66 trans (9,486,2414)
@66 trans (37,458,486)
@66 trans (65,916,719)
@66 auth (8,481)
@66 trans (83,726,2073)
@66 trans (66,741,979)
@66 trans (5,953,855)
@66 auth (7,356)
@66 trans (71,75,545)
@66 trans (62,58,254)
@67 trans (62,342,329)
@67 trans (29,436,371)
@67 trans (84,702,895)
@67 trans (49,377,1398)
@67 trans (73,184,1699)
@67 trans (40,158,363)
@67 trans (19,470,2075)
@67 trans (33,144,1543)
@67 trans (18,477,739)
@67 trans (72,242,312)
@67 trans (81,566,2268)
@67 trans (93,341,2442)
@67 auth (9,967)
@67 trans (96,829,619)
@67 trans (39,293,450)
@67 trans (73,552,1367)
@67 trans (52,302,332)
@67 trans (85,428,454)
@67 trans (35,486,2043)
@67 trans (96,936,1679)
@67 trans (88,872,2205)
@67 trans (84,1,735)
@67 trans (22,885,499)
@67 auth (3,556)
@67 trans (74,789,619)
@67 trans (83,350,768)
@67 trans (93,241,438)
@67 trans (53,945,1365)
@67 trans (4,174,1829)
@67 trans (86,297,825)
@67 trans (45,652,1154)
@67 trans (55,588,2239)
@67 trans (58,542,599)
@67 trans (92,660,1588)
@67 trans (62,807,988)
@67 auth (8,237)
@67 trans (89,523,2195)
@67 trans (70,728,65)
@67 trans (61,91,617)
@67 trans (52,964,1583)
@67 auth (8,170)
@67 trans (82,394,269)
@67 trans (36,622,1362)
@67 trans (23,197,2401)
@67 auth (10,523)
@67 trans (66,564,302)
@67 trans (66,62,1635)
@67 trans (99,474,2493)
@67 trans (23,488,1246)
@67 trans (96,295,1372)
@67 trans (1,680,1494)
@67 trans (87,483,224)
@67 trans (15,375,2333)
@67 trans (52,504,259)
@67 auth (6,981)
@67 trans (3,795,983)
@67 trans (4,789,93)
@67 auth (9,350)
@67 trans (13,716,983)
@67 auth (5,884)
@67 trans (65,606,1916)
@67 trans (52,337,1768)
@67 trans (91,220,1032)
@67 trans (60,386,2042)
@67 trans (55,118,1323)
@67 trans (10,341,408)
@67 trans (94,268,968)
@67 trans (26,800,2145)
@67 trans (85,762,476)
@67 trans (84,206,812)
@67 trans (43,209,864)
@67 trans (82,601,2374)
@67 trans (36,999,1706)
@67 trans (32,575,1945)
@67 trans (60,630,805)
@67 trans (58,934,1633)
@67 trans (20,227,2050)
@67 auth (3,455)
@67 trans (23,97,2126)
@67 trans (19,90,1903)
@67 auth (7,97)
@67 trans (30,162,511)
@67 trans (60,477,42)
@67 auth (5,325)
@67 trans (25,439,114)
@67 trans (34,934,73)
@67 trans (69,460,593)
@67 trans (99,519,596)
@67 trans (10,656,1975)
@67 trans (98,956,1264)
@67 trans (19,725,364)
@67 auth (3,948)
@67 trans (18,350,640)
@67 trans (43,311,1718)
@67 auth (9,682)
@68 auth (8,257)
@68 trans (99,140,2421)
@68 trans (58,96,1650)
@68 trans (22,990,412)
@68 trans (76,315,2377)
@68 trans (7,880,891)
@68 auth (5,479)
@68 trans (63,903,2087)
@68 trans (54,210,451)
@68 trans (49,356,741)
@68 trans (51,1,2247)
@68 trans (56,585,2177)
@68 trans (10,276,1349)
@68 trans (38,23,1124)
@68 trans (1,787,363)
@68 auth (8,878)
@68 trans (25,356,1657)
@68 trans (95,86,2296)
@68 auth (5,414)
@68 trans (7,645,1645)
@68 trans (1,547,901)
@68 trans (90,382,1091)
@68 trans (43,629,1164)
@68 trans (7,120,1139)
@68 trans (26,471,1443)
@68 trans (88,232,1296)
@68 trans (11,124,1966)
@68 trans (45,186,1022)
@68 trans (25,767,2267)
@68 trans (50,278,2307)
@68 trans (89,994,185)
@68 trans (4,185,54)
@68 trans (23,301,179)
@68 trans (46,390,394)
@68 trans (82,409,318)
@68 trans (86,162,1532)
@68 trans (98,766,2203)
@68 trans (95,795,1265)
@68 trans (12,726,489)
@68 trans (18,158,1017)
@68 trans (33,253,1692)
@68 trans (35,464,749)
@68 trans (4,115,2396)
@68 trans (46,813,1238)
@68 auth (2,228)
@68 trans (19,337,1609)
@68 trans (83,106,179)
@68 trans (86,884,1392)
@68 trans (81,92,2397)
@68 trans (71,305,912)
@68 trans (2,355,241)
@68 trans (65,420,1818)
@68 trans (63,146,2372)
@68 trans (97,682,1990)
@68 trans (53,824,434)
@68 auth (10,251)
@68 trans (33,563,2288)
@68 auth (3,208)
@68 trans (41,941,2104)
@68 trans (21,183,679)
@68 trans (24,500,338)
@68 trans (46,795,2022)
@68 trans (100,203,2094)
@68 trans (9,408,2305)
@68 trans (89,425,2230)
@68 trans (66,915,1451)
@68 trans (30,415,507)
@68 auth (1,750)
@68 trans (35,923,1248)
@68 trans (34,309,614)
@68 trans (50,859,292)
@68 trans (16,925,2413)
@68 trans (54,713,805)
@68 trans (96,722,1177)
@68 trans (58,420,342)
@68 trans (66,603,1247)
@68 trans (39,711,2218)
@68 auth (9,558)
@68 trans (61,475,1733)
@68 trans (82,945,2427)
@68 trans (7,634,672)
@68 trans (34,950,2327)
@68 trans (78,226,2419)
@68 trans (30,307,634)
@68 trans (20,290,832)
@68 trans (56,535,1003)
@68 trans (75,256,603)
@68 trans (12,202,2272)
@68 trans (19,601,576)
@68 trans (43,854,1286)
@68 trans (83,253,1341)
@68 trans (65,667,2499)
@68 trans (80,587,817)
@68 trans (12,368,2040)
@68 auth (5,922)
@68 trans (77,26,959)
@68 trans (8,249,2488)
@68 trans (20,293,252)
@68 trans (2,246,2297)
@68 trans (75,734,443)
@68 trans (23,665,719)
@69 auth (4,82)
@69 trans (29,143,298)
@69 trans (52,801,1352)
@69 trans (89,187,2072)
@69 trans (3,975,729)
@69 trans (72,88,2140)
@69 trans (96,592,2318)
@69 trans (7,875,1918)
@69 trans (35,960,370)
@69 trans (88,931,2335)
@69 trans (3,758,1324)
@69 auth (2,133)
@69 trans (15,570,2379)
@69 trans (90,576,468)
@69 trans (33,294,399)
@69 trans (75,282,836)
@69 trans (85,739,548)
@69 trans (34,613,1763)
@69 trans (9,827,488)
@69 trans (39,319,1232)
@69 auth (9,553)
@69 trans (86,394,348)
@69 trans (100,130,751)
@69 trans (62,643,1090)
@69 trans (32,289,1533)
@69 trans (65,46,1470)
@69 trans (21,423,760)
@69 trans (52,565,1819)
@69 trans (81,93,150)
@69 trans (68,801,2446)
@69 auth (1,95)
@69 trans (15,86,169)
@69 trans (51,317,451)
@69 trans (10,763,253)
@69 trans (39,484,367)
@69 trans (56,591,80)
@69 trans (17,300,532)
@69 auth (8,744)
@69 trans (25,907,2263)
@69 trans (67,266,2112)
@69 trans (46,477,1427)
@69 trans (81,164,85)
@69 trans (66,28,383)
@69 trans (66,635,572)
@69 trans (53,895,1625)
@69 trans (93,257,2239)
@69 auth (1,149)
@69 trans (35,989,1668)
@69 trans (55,519,393)
@69 trans (23,607,623)
@69 trans (63,585,1557)
@69 trans (4,457,1919)
@69 auth (8,257)
@69 trans (32,36,384)
@69 trans (62,151,524)
@69 trans (30,254,1056)
@69 auth (8,327)
@69 auth (10,49)
@69 trans (11,665,653)
@69 auth (7,133)
@69 trans (62,699,1600)
@69 trans (18,581,597)
@69 trans (68,783,451)
@69 trans (57,159,362)
@69 auth (7,251)
@69 trans (14,487,2197)
@69 trans (11,572,252)
@69 trans (81,78,1979)
@69 trans (3,714,1442)
@69 trans (46,226,695)
@69 trans (73,540,2498)
@69 trans (92,215,397)
@69 trans (76,446,2107)
@69 trans (79,469,897)
@69 trans (29,218,1482)
@69 trans (87,358,964)
@69 trans (27,486,1846)
@69 trans (90,269,912)
@69 trans (57,840,915)
@69 trans (24,246,2411)
@69 trans (49,221,1448)
@69 trans (86,306,443)
@69 trans (76,603,776)
@69 trans (8,940,991)
@69 auth (1,186)
@69 trans (55,873,1803)
@69 trans (91,973,67)
@69 trans (42,449,2046)
@69 trans (37,178,2180)
@69 trans (87,64,515)
@69 trans (21,823,1703)
@69 trans (24,796,1447)
@70 auth (4,105)
@70 trans (87,913,364)
@70 trans (34,200,1218)
@70 trans (38,1000,2158)
@70 trans (87,407,2469)
@70 trans (64,823,2480)
@70 trans (70,336,2293)
@70 trans (55,558,2065)
@70 trans (95,427,519)
@70 trans (67,228,2398)
@70 trans (33,863,1084)
@70 auth (9,570)
@70 trans (84,45,1839)
@70 trans (19,104,349)
@70 auth (6,912)
@70 trans (80,840,1102)
@70 auth (1,310)
@70 auth (9,433)
@70 trans (89,137,1206)
@70 trans (53,977,807)
@70 auth (5,943)
@70 trans (6,67,1555)
@70 trans (87,229,641)
@70 trans (66,776,1472)
@70 trans (16,984,1789)
@70 trans (10,143,2167)
@70 trans (45,332,474)
@70 trans (29,960,1039)
@70 trans (27,138,1281)
@70 trans (16,855,2383)
@70 trans (15,944,1348)
@70 trans (59,587,1249)
@70 trans (57,763,844)
@70 trans (92,424,109)
@70 trans (32,842,2090)
@70 trans (5,550,1754)
@70 trans (82,881,1393)
@70 trans (55,702,653)
@70 trans (50,903,1165)
@70 trans (59,306,2421)
@70 auth (4,61)
@70 trans (54,773,353)
@70 auth (10,302)
@70 trans (84,651,1320)
@70 trans (57,580,871)
@70 trans (71,204,2037)
@70 trans (47,884,1118)
@70 trans (54,784,1027)
@70 trans (49,907,931)
@70 trans (23,571,1629)
@70 trans (48,54,765)
@70 trans (45,776,1084)
@70 trans (45,792,1601)
@70 trans (49,883,313)
@70 trans (87,568,569)
@70 trans (32,402,585)
@70 trans (19,904,2091)
@70 trans (55,629,2460)
@70 trans (79,638,1101)
@70 trans (26,565,1862)
@70 auth (6,398)
@70 trans (97,536,876)
@70 trans (82,445,2460)
@70 trans (16,109,2227)
@70 trans (46,558,2324)
@70 auth (2,480)
@70 trans (17,76,1869)
@70 trans (73,958,2159)
@70 trans (39,603,2301)
@70 auth (3,703)
@70 trans (58,538,2193)
@70 trans (89,558,2350)
@70 trans (55,254,1088)
@70 trans (6,403,21)
@70 trans (96,119,1235)
@70 trans (67,435,1886)
@70 trans (52,422,2019)
@70 trans (81,152,1517)
@70 trans (50,662,2241)
@70 trans (29,470,1429)
@70 trans (78,541,1288)
@70 trans (14,326,2204)
@70 trans (32,705,1832)
@70 trans (11,284,210)
@70 trans (88,91,1846)
@70 trans (14,743,1077)
@70 trans (47,320,49)
@70 trans (61,993,1791)
@70 trans (58,123,421)
@70 trans (98,660,514)
@70 trans (78,311,1537)
@70 trans (77,273,2270)
@70 trans (53,814,913)
@70 trans (64,268,1388)
@70 auth (6,246)
@70 auth (10,225)
@70 trans (5,181,981)
@70 trans (40,541,677)
@71 trans (48,206,2427)
@71 trans (92,354,164)
@71 trans (93,885,2089)
@71 trans (46,913,1567)
@71 trans (85,175,1556)
@71 trans (60,222,304)
@71 trans (18,139,1426)
@71 auth (10,694)
@71 trans (5,927,1884)
@71 trans (12,327,2060)
@71 trans (9,909,2087)
@71 trans (88,137,1356)
@71 trans (91,38,2368)
@71 trans (96,159,113)
@71 trans (37,386,161)
@71 trans (39,799,1307)
@71 trans (32,762,2096)
@71 trans (48,712,742)
@71 trans (24,341,323)
@71 trans (21,782,1327)
@71 auth (7,75)
@71 trans (8,552,892)
@71 trans (85,366,1421)
@71 trans (98,291,679)
@71 trans (36,27,2207)
@71 trans (52,425,1207)
@71 trans (19,646,2415)
@71 trans (50,272,1807)
@71 auth (1,421)
@71 trans (61,322,809)
@71 auth (10,951)
@71 trans (57,844,1889)
@71 trans (65,726,361)
@71 trans (21,771,2231)
@71 trans (55,541,2291)
@71 trans (83,682,1874)
@71 trans (46,709,214)
@71 trans (34,10,948)
@71 trans (32,479,127)
@71 trans (78,245,1465)
@71 trans (2,304,1178)
@71 trans (87,406,1820)
@71 trans (36,445,923)
@71 trans (7,700,1580)
@71 trans (9,121,940)
@71 trans (30,931,1052)
@71 trans (28,43,1298)
@71 trans (58,149,1211)
@71 trans (24,924,2036)
@71 trans (71,240,1503)
@71 trans (86,455,2181)
@71 trans (77,389,1045)
@71 auth (2,209)
@71 trans (14,155,1491)
@71 trans (68,393,82)
@71 trans (50,464,1382)
@71 trans (73,94,687)
@71 trans (97,767,554)
@71 trans (43,911,296)
@71 trans (32,977,820)
@71 trans (61,480,984)
@71 trans (15,185,230)
@71 trans (62,769,568)
@71 trans (94,630,1252)
@71 trans (86,817,2039)
@71 trans (11,687,2371)
@71 trans (39,940,1328)
@71 trans (41,418,1627)
@71 trans (25,375,143)
@71 auth (2,536)
@71 trans (53,522,1651)
@71 trans (15,866,1142)
@71 auth (4,418)
@71 trans (2,734,240)
@71 trans (69,297,1428)
@71 trans (50,593,2118)
@71 trans (90,207,1667)
@71 trans (46,242,1786)
@71 auth (3,81)
@71 trans (22,528,866)
@71 trans (90,9,1771)
@71 trans (78,836,1668)
@71 trans (97,179,446)
@71 trans (63,918,982)
@71 trans (42,953,1958)
@71 trans (56,553,39)
@71 trans (20,750,2321)
@71 trans (49,829,993)
@71 auth (10,328)
@71 trans (71,321,2101)
@71 trans (19,171,412)
@71 trans (9,570,1668)
@71 trans (50,927,853)
@71 auth (7,173)
@71 trans (26,960,95)
@71 auth (10,733)
@71 trans (10,520,1801)
@71 auth (7,854)
@71 trans (44,468,1779)
@71 trans (4,651,198)
@71 trans (73,506,2450)
@72 trans (53,162,13)
@72 auth (10,845)
@72 trans (17,10,2081)
@72 trans (98,596,1608)
@72 trans (78,580,331)
@72 trans (1,617,579)
@72 trans (13,536,55)
@72 trans (62,593,748)
@72 trans (58,288,2266)
@72 trans (12,876,966)
@72 trans (95,948,1398)
@72 trans (54,518,880)
@72 trans (4,650,2186)
@72 trans (87,646,2290)
@72 trans (89,365,905)
@72 auth (5,119)
@72 trans (18,304,1158)
@72 trans (36,772,1210)
@72 auth (1,374)
@72 trans (38,147,1971)
@72 trans (96,290,541)
@72 trans (60,917,2034)
@72 trans (37,774,2474)
@72 trans (11,155,1459)
@72 trans (40,710,1457)
@72 trans (72,926,937)
@72 trans (56,93,1607)
@72 trans (45,48,110)
@72 trans (39,240,834)
@72 auth (8,173)
@72 trans (22,197,1173)
@72 trans (32,991,779)
@72 trans (58,138,1704)
@72 trans (18,948,2077)
@72 trans (82,541,838)
@72 trans (34,884,2204)
@72 trans (97,416,2187)
@72 trans (40,385,1956)
@72 trans (58,453,808)
@72 trans (15,134,2051)
@72 trans (87,554,1427)
@72 trans (61,300,1846)
@72 auth (4,419)
@72 trans (78,597,614)
@72 trans (12,988,974)
@72 trans (90,311,80)
@72 trans (27,482,589)
@72 auth (1,432)
@72 trans (19,225,2265)
@72 trans (81,882,1770)
@72 trans (58,431,1288)
@72 trans (8,369,1953)
@72 trans (62,32,2397)
@72 trans (51,280,654)
@72 trans (46,928,1248)
@72 auth (9,769)
@72 trans (6,855,2349)
@72 trans (66,770,1376)
@72 trans (53,107,299)
@72 trans (53,937,2046)
@72 trans (50,857,1673)
@72 auth (1,735)
@72 trans (71,281,2171)
@72 auth (5,103)
@72 trans (10,736,349)
@72 trans (49,900,274)
@72 trans (3,652,2175)
@72 trans (62,799,1051)
@72 trans (33,368,295)
@72 trans (27,285,1673)
@72 trans (30,188,756)
@72 trans (25,295,932)
@72 trans (63,796,486)
@72 trans (44,389,2123)
@72 trans (42,885,1057)
@72 trans (65,406,426)
@72 trans (75,813,198)
@72 trans (94,905,1914)
@72 trans (96,228,1292)
@72 trans (22,632,1119)
@72 auth (5,15)
@72 trans (10,2,745)
@72 trans (84,615,2284)
@72 trans (40,399,1478)
@72 trans (91,374,1107)
@72 trans (36,729,649)
@72 trans (56,674,1082)
@72 trans (91,644,87)
@72 auth (9,871)
@72 trans (4,995,121)
@72 trans (4,538,2366)
@72 trans (98,696,1477)
@72 trans (60,447,1434)
@72 auth (1,69)
@72 trans (36,119,414)
@73 trans (15,333,963)
@73 auth (6,958)
@73 trans (100,987,643)
@73 trans (2,316,2167)
@73 trans (12,216,831)
@73 trans (2,656,1242)
@73 trans (4,528,125)
@73 trans (73,525,824)
@73 trans (61,254,992)
@73 trans (22,345,2156)
@73 trans (50,611,311)
@73 trans (62,744,1765)
@73 auth (7,673)
@73 trans (85,185,2020)
@73 trans (96,414,2262)
@73 trans (18,160,2404)
@73 trans (58,155,1569)
@73 trans (12,414,2438)
@73 trans (1,113,2042)
@73 trans (15,983,1948)
@73 trans (2,237,689)
@73 trans (61,860,1490)
@73 trans (65,210,327)
@73 auth (7,98)
@73 trans (52,267,1848)
@73 trans (36,217,2426)
@73 trans (76,671,773)
@73 trans (58,300,200)
@73 trans (50,328,2287)
@73 trans (37,406,1456)
@73 trans (95,872,2015)
@73 auth (4,621)
@73 trans (35,630,522)
@73 trans (26,756,85)
@73 trans (50,742,1991)
@73 trans (69,640,1335)
@73 trans (9,209,498)
@73 trans (42,721,1788)
@73 trans (24,347,671)
@73 trans (97,404,1521)
@73 trans (94,700,2191)
@73 trans (43,925,2392)
@73 auth (2,753)
@73 trans (29,602,2141)
@73 trans (27,737,1572)
@73 trans (79,218,1878)
@73 trans (25,483,2364)
@73 trans (68,50,1770)
@73 trans (40,788,539)
@73 trans (14,877,1015)
@73 trans (79,194,738)
@73 trans (79,155,1248)
@73 trans (71,422,1208)
@73 trans (100,436,339)
@73 trans (62,924,1183)
@73 auth (2,638)
@73 trans (91,236,2035)
@73 trans (84,235,383)
@73 trans (36,315,43)
@73 trans (38,330,940)
@73 trans (9,895,1493)
@73 trans (97,641,761)
@73 auth (6,310)
@73 trans (82,280,676)
@73 trans (78,462,1714)
@73 trans (17,673,164)
@73 trans (53,283,200)
@73 auth (2,636)
@73 trans (97,586,2130)
@73 trans (56,187,113)
@73 trans (56,829,308)
@73 auth (7,233)
@73 trans (88,220,1020)
@73 trans (82,760,1325)
@73 auth (1,310)
@73 trans (35,956,2124)
@73 trans (64,536,1815)
@73 trans (40,575,477)
@73 auth (4,709)
@73 trans (71,393,62)
@73 trans (46,420,1184)
@73 trans (14,106,1188)
@73 trans (59,881,1958)
@73 trans (35,75,1252)
@73 trans (38,255,1845)
@73 trans (78,378,2035)
@73 trans (91,99,1963)
@73 trans (42,999,1575)
@73 trans (98,181,386)
@73 trans (25,211,2000)
@73 trans (16,560,1567)
@73 trans (75,508,943)
@73 trans (92,654,1262)
@73 trans (15,75,1716)
@74 trans (99,542,654)
@74 trans (3,578,2069)
@74 trans (33,468,1178)
@74 trans (19,1,583)
@74 trans (45,912,1194)
@74 trans (57,362,1513)
@74 trans (52,342,506)
@74 trans (22,581,1767)
@74 auth (3,753)
@74 trans (58,363,390)
@74 trans (27,275,1)
@74 trans (9,474,582)
@74 trans (11,133,372)
@74 trans (55,436,1091)
@74 trans (23,9,2288)
@74 trans (89,432,1050)
@74 auth (3,567)
@74 trans (56,156,1191)
@74 trans (87,855,622)
@74 trans (8,775,393)
@74 trans (52,799,415)
@74 trans (37,666,332)
@74 trans (70,746,2469)
@74 trans (47,532,886)
@74 trans (73,556,883)
@74 trans (57,671,1310)
@74 trans (81,903,1962)
@74 trans (89,103,2384)
@74 trans (65,892,690)
@74 trans (90,595,1181)
@74 trans (53,838,1880)
@74 trans (16,848,940)
@74 trans (26,780,1522)
@74 trans (88,768,1688)
@74 trans (40,669,922)
@74 trans (9,800,364)
@74 auth (8,236)
@74 trans (37,951,1801)
@74 trans (77,947,468)
@74 trans (56,914,641)
@74 auth (4,959)
@74 trans (9,568,2470)
@74 trans (25,17,362)
@74 trans (74,590,1000)
@74 trans (30,823,788)
@74 trans (47,820,2282)
@74 trans (67,473,711)
@74 trans (56,399,284)
@74 trans (64,888,1458)
@74 trans (90,39,629)
@74 auth (3,585)
@74 trans (92,624,2351)
@74 trans (25,900,991)
@74 trans (1,694,1750)
@74 trans (93,24,571)
@74 trans (36,210,1090)
@74 trans (36,761,1195)
@74 trans (56,275,1134)
@74 trans (26,166,1747)
@74 trans (43,656,1072)
@74 auth (6,642)
@74 trans (14,650,1386)
@74 trans (11,421,2323)
@74 auth (3,733)
@74 trans (15,173,2422)
@74 trans (34,708,1436)
@74 trans (79,173,2025)
@74 trans (72,827,2466)
@74 trans (93,669,930)
@74 trans (52,350,895)
@74 trans (21,415,450)
@74 trans (58,540,1491)
@74 trans (72,286,2164)
@74 trans (18,958,80)
@74 trans (15,435,1554)
@74 trans (9,24,1806)
@74 auth (8,792)
@74 trans (16,510,318)
@74 trans (32,461,1133)
@74 trans (51,922,2202)
@74 trans (85,117,1798)
@74 trans (3,488,1466)
@74 trans (70,16,578)
@74 trans (42,766,1036)
@74 trans (3,93,300)
@74 trans (33,622,887)
@74 trans (23,433,756)
@74 trans (2,91,769)
@74 trans (28,338,342)
@75 auth (5,826)
@75 trans (12,39,2204)
@75 trans (14,97,751)
@75 trans (92,135,1398)
@75 trans (82,613,1334)
@75 trans (54,449,210)
@75 trans (58,283,1965)
@75 trans (2,859,2435)
@75 trans (83,769,1994)
@75 trans (100,647,2317)
@75 trans (76,871,2209)
@75 trans (34,248,741)
@75 auth (6,84)
@75 trans (79,623,1525)
@75 trans (94,574,738)
@75 trans (64,352,277)
@75 trans (15,707,1777)
@75 trans (39,426,2001)
@75 trans (93,839,1383)
@75 trans (54,797,1582)
@75 trans (1,796,1076)
@75 auth (7,324)
@75 trans (83,451,1124)
@75 trans (41,938,2309)
@75 trans (21,529,1441)
@75 trans (76,720,759)
@75 trans (31,491,143)
@75 trans (31,709,1236)
@75 trans (6,539,600)
@75 trans (58,917,1759)
@75 trans (2,685,263)
@75 trans (85,20,1486)
@75 trans (82,463,1132)
@75 trans (20,105,2010)
@75 auth (10,481)
@75 trans (89,315,2053)
@75 trans (39,627,1448)
@75 trans (75,856,913)
@75 trans (81,470,1397)
@75 trans (63,386,1743)
@75 trans (69,904,2406)
@75 trans (48,555,1346)
@75 trans (59,140,1316)
@75 auth (10,746)
@75 auth (8,622)
@75 trans (97,208,1547)
@75 trans (65,716,1275)
@75 trans (38,423,2205)
@75 trans (61,949,1783)
@75 trans (38,596,502)
@75 trans (12,657,38)
@75 trans (76,251,38)
@75 trans (87,284,234)
@75 trans (2,214,2052)
@75 trans (15,384,854)
@75 trans (97,507,1255)
@75 trans (36,420,1065)
@75 trans (76,203,2012)
@75 trans (9,940,809)
@75 trans (9,448,1195)
@75 trans (86,951,1211)
@75 trans (91,993,2212)
@75 auth (7,961)
@75 trans (44,302,2130)
@75 trans (22,120,1468)
@75 trans (8,317,1070)
@75 auth (3,2)
@75 trans (44,180,611)
@75 trans (70,741,782)
@75 trans (11,474,121)
@75 trans (92,325,1335)
@75 trans (67,389,1237)
@75 trans (15,850,1991)
@75 trans (6,550,1364)
@75 trans (16,771,203)
@75 trans (29,433,2104)
@75 trans (92,52,661)
@75 trans (61,907,86)
@75 trans (25,245,519)
@75 trans (29,213,2052)
@75 auth (10,435)
@75 trans (27,581,298)
@75 auth (9,825)
@75 trans (52,221,813)
@75 trans (41,473,121)
@75 trans (67,55,425)
@75 trans (24,7,263)
@75 trans (61,90,765)
@75 trans (81,101,1007)
@75 trans (17,381,832)
@75 trans (10,214,171)
@75 trans (95,753,2405)
@75 trans (37,121,1435)
@75 trans (72,158,908)
@75 trans (9,447,243)
@75 trans (47,862,433)
@75 trans (4,983,279)
@76 trans (33,201,1711)
@76 auth (8,555)
@76 trans (99,624,1246)
@76 trans (65,424,714)
@76 trans (12,479,2444)
@76 trans (31,682,2323)
@76 trans (16,424,1654)
@76 trans (87,706,1660)
@76 trans (60,480,2480)
@76 trans (22,163,2136)
@76 trans (13,340,908)
@76 trans (28,634,2041)
@76 trans (87,321,192)
@76 trans (79,891,2315)
@76 auth (3,517)
@76 trans (97,894,2465)
@76 trans (73,712,707)
@76 trans (2,31,1790)
@76 trans (87,491,1789)
@76 trans (85,780,438)
@76 trans (50,807,484)
@76 trans (17,878,2070)
@76 trans (57,465,1114)
@76 trans (21,374,1163)
@76 trans (84,425,2192)
@76 trans (16,658,1077)
@76 trans (6,949,2144)
@76 trans (43,16,2467)
@76 trans (59,515,963)
@76 trans (99,221,1669)
@76 trans (1,370,165)
@76 trans (13,309,2169)
@76 trans (63,540,1464)
@76 trans (55,680,600)
@76 trans (96,783,2292)
@76 trans (8,552,1402)
@76 trans (1,102,1762)
@76 trans (60,493,2450)
@76 trans (15,792,780)
@76 trans (81,770,1516)
@76 trans (92,991,202)
@76 trans (38,181,796)
@76 trans (81,674,597)
@76 trans (43,884,321)
@76 trans (100,356,1098)
@76 auth (10,260)
@76 trans (52,246,2374)
@76 trans (90,64,243)
@76 trans (33,410,2232)
@76 trans (45,360,1604)
@76 auth (7,101)
@76 trans (45,362,2140)
@76 trans (51,963,672)
@76 trans (92,920,1767)
@76 trans (41,263,2372)
@76 trans (30,254,96)
@76 trans (79,708,1859)
@76 trans (100,903,970)
@76 trans (76,751,1216)
@76 trans (3,170,1492)
@76 trans (59,718,521)
@76 auth (2,188)
@76 auth (5,738)
@76 trans (70,131,2383)
@76 trans (56,124,1354)
@76 trans (16,905,1549)
@76 trans (23,302,292)
@76 trans (11,556,2020)
@76 auth (6,249)
@76 trans (28,579,1807)
@76 trans (65,560,2073)
@76 trans (21,163,156)
@76 trans (22,326,628)
@76 auth (5,138)
@76 trans (10,367,1637)
@76 trans (66,731,728)
@76 trans (19,880,921)
@76 auth (9,867)
@76 trans (18,123,1750)
@76 trans (66,26,79)
@76 trans (100,960,1297)
@76 trans (28,701,328)
@76 trans (59,877,1066)
@76 trans (35,841,1917)
@76 trans (51,611,2235)
@76 trans (53,676,1537)
@76 trans (91,104,1175)
@76 trans (38,100,958)
@76 trans (90,520,346)
@76 trans (3,898,1573)
@76 trans (54,990,512)
@76 trans (68,113,2320)
@76 trans (52,308,1366)
@76 trans (58,832,156)
@77 trans (5,893,2358)
@77 trans (100,398,2016)
@77 trans (31,933,2168)
@77 trans (36,759,1664)
@77 trans (23,198,1516)
@77 trans (16,598,64)
@77 trans (30,435,230)
@77 trans (18,306,1330)
@77 trans (38,427,605)
@77 trans (4,888,216)
@77 trans (96,604,272)
@77 trans (43,433,734)
@77 trans (68,737,829)
@77 trans (3,703,2166)
@77 auth (6,215)
@77 trans (66,652,467)
@77 auth (8,516)
@77 trans (93,584,1881)
@77 trans (98,772,354)
@77 auth (6,874)
@77 trans (89,400,993)
@77 auth (9,131)
@77 trans (10,153,1002)
@77 trans (83,52,507)
@77 trans (71,385,1869)
@77 trans (34,97,2362)
@77 trans (1,863,2425)
@77 trans (98,158,2343)
@77 trans (48,58,722)
@77 trans (36,981,2222)
@77 trans (5,317,2067)
@77 trans (32,825,2369)
@77 trans (68,496,673)
@77 trans (57,730,340)
@77 trans (75,415,1740)
@77 trans (76,667,1491)
@77 trans (13,533,618)
@77 trans (85,133,2159)
@77 trans (37,697,431)
@77 trans (9,49,2353)
@77 trans (85,142,970)
@77 auth (7,430)
@77 trans (71,164,1036)
@77 trans (37,104,72)
@77 trans (72,83,875)
@77 trans (72,342,75)
@77 trans (25,672,803)
@77 trans (65,11,2045)
@77 trans (6,815,1236)
@77 trans (25,189,131)
@77 auth (4,352)
@77 trans (83,672,1147)
@77 trans (41,678,1001)
@77 trans (74,784,324)
@77 trans (13,160,317)
@77 trans (76,530,1084)
@77 auth (10,4)
@77 trans (66,133,2270)
@77 trans (22,491,667)
@77 trans (78,982,947)
@77 trans (81,208,2084)
@77 trans (94,141,1137)
@77 trans (75,938,1146)
@77 auth (3,4)
@77 trans (9,898,1638)
@77 trans (22,384,398)
@77 trans (54,84,2255)
@77 trans (73,836,1177)
@77 trans (51,315,2188)
@77 trans (18,65,1213)
@77 trans (10,356,2112)
@77 trans (69,567,2245)
@77 trans (72,408,1175)
@77 trans (91,106,2309)
@77 trans (24,156,2057)
@77 trans (96,584,211)
@77 trans (73,570,789)
@77 trans (48,310,2179)
@77 trans (11,299,2263)
@77 trans (77,805,2149)
@77 trans (47,273,1652)
@77 auth (3,827)
@77 trans (34,933,1858)
@77 trans (47,292,1997)
@77 trans (47,504,1663)
@77 trans (13,271,467)
@77 trans (31,317,1233)
@77 trans (87,213,2290)
@77 trans (68,628,1796)
@77 trans (13,215,1843)
@77 trans (92,978,1458)
@77 trans (56,643,2158)
@77 trans (15,98,2416)
@77 trans (100,955,1236)
@77 trans (74,822,1659)
@77 trans (14,514,727)
@77 trans (94,570,2406)
@77 trans (13,357,1530)
@77 trans (39,765,127)
@77 trans (60,898,1403)
@77 trans (84,204,1497)
@77 trans (100,408,2045)
@78 trans (23,268,1242)
@78 auth (5,308)
@78 trans (80,961,2392)
@78 auth (5,963)
@78 trans (61,163,1161)
@78 auth (3,522)
@78 trans (75,553,765)
@78 trans (15,274,453)
@78 trans (2,523,208)
@78 auth (3,860)
@78 trans (24,100,543)
@78 trans (25,417,2377)
@78 trans (91,967,427)
@78 trans (88,536,2256)
@78 trans (44,454,1833)
@78 trans (48,119,28)
@78 trans (94,867,2083)
@78 trans (20,691,1111)
@78 trans (50,310,2332)
@78 trans (29,797,2456)
@78 trans (94,941,1068)
@78 trans (84,117,1953)
@78 auth (10,237)
@78 trans (57,326,857)
@78 trans (17,990,418)
@78 trans (68,438,143)
@78 trans (67,894,588)
@78 trans (49,743,597)
@78 trans (31,371,2227)
@78 trans (4,460,1182)
@78 trans (79,976,1912)
@78 trans (68,735,2172)
@78 auth (2,789)
@78 trans (9,647,1693)
@78 trans (81,674,727)
@78 trans (48,829,2071)
@78 trans (45,733,2481)
@78 trans (21,320,1905)
@78 auth (5,744)
@78 trans (38,908,1589)
@78 trans (68,95,1940)
@78 trans (97,954,22)
@78 trans (75,715,191)
@78 trans (69,256,396)
@78 trans (8,511,855)
@78 trans (39,280,2399)
@78 trans (88,382,258)
@78 trans (13,540,1611)
@78 trans (66,678,505)
@78 trans (44,826,2078)
@78 trans (86,93,595)
@78 trans (73,502,1461)
@78 trans (50,747,1961)
@78 trans (2,37,267)
@78 trans (59,752,1160)
@78 trans (59,923,581)
@78 trans (58,372,1956)
@78 trans (43,149,1919)
@78 trans (45,517,2442)
@78 trans (88,70,307)
@78 trans (80,917,1645)
@78 trans (4,518,1198)
@78 trans (93,468,1380)
@78 trans (11,416,771)
@78 trans (94,303,1931)
@78 trans (66,510,631)
@78 trans (96,366,1178)
@78 auth (6,877)
@78 trans (95,140,485)
@78 trans (30,753,1858)
@78 trans (27,278,134)
@78 trans (93,242,1428)
@78 auth (2,536)
@78 auth (3,871)
@78 trans (33,37,30)
@78 trans (50,636,1947)
@78 trans (52,899,1264)
@78 trans (38,136,145)
@78 trans (36,406,1077)
@78 trans (50,907,1797)
@78 trans (18,923,1346)
@78 trans (72,688,1619)
@78 trans (81,203,891)
@78 trans (48,320,1495)
@78 trans (36,260,2218)
@78 trans (4,746,2211)
@78 trans (25,921,962)
@78 trans (46,132,648)
@78 trans (92,41,2078)
@78 trans (6,403,1047)
@78 trans (19,679,1528)
@79 trans (87,174,1403)
@79 trans (46,443,412)
@79 trans (36,139,1699)
@79 trans (89,999,1251)
@79 trans (92,255,227)
@79 trans (50,743,1111)
@79 trans (98,530,839)
@79 trans (95,171,1255)
@79 trans (75,65,1185)
@79 trans (81,266,637)
@79 trans (3,305,339)
@79 trans (85,326,1279)
@79 trans (10,200,1381)
@79 trans (33,47,548)
@79 trans (92,667,597)
@79 trans (94,684,222)
@79 trans (40,798,354)
@79 trans (42,527,862)
@79 trans (14,972,1526)
@79 trans (48,991,2423)
@79 trans (12,429,1168)
@79 trans (7,709,2007)
@79 trans (86,257,2483)
@79 trans (32,968,1761)
@79 trans (91,662,690)
@79 trans (86,815,1330)
@79 trans (49,635,939)
@79 trans (13,136,193)
@79 trans (21,83,1198)
@79 trans (82,978,2250)
@79 trans (92,716,156)
@79 auth (4,313)
@79 trans (63,68,1028)
@79 trans (50,71,2426)
@79 trans (52,65,1043)
@79 trans (30,836,746)
@79 trans (90,285,1743)
@79 trans (33,670,1664)
@79 trans (88,674,1794)
@79 trans (59,916,467)
@79 auth (3,559)
@79 trans (84,642,1121)
@79 trans (84,481,801)
@79 trans (53,127,1828)
@79 trans (56,818,1271)
@79 trans (29,601,599)
@79 trans (22,832,2406)
@79 trans (96,696,1342)
@79 auth (6,41)
@79 trans (85,516,1476)
@79 trans (31,170,1937)
@79 trans (64,617,2331)
@79 trans (64,352,1382)
@79 trans (89,251,2356)
@79 trans (3,786,2407)
@79 trans (91,987,456)
@79 trans (17,310,26)
@79 trans (41,375,866)
@79 trans (80,832,769)
@79 trans (35,320,435)
@79 trans (10,894,1468)
@79 trans (86,838,1154)
@79 trans (16,132,1173)
@79 auth (6,10)
@79 trans (88,951,2100)
@79 trans (49,700,1403)
@79 trans (49,481,28)
@79 trans (3,206,889)
@79 trans (50,694,1887)
@79 auth (10,459)
@79 trans (43,30,1399)
@79 trans (70,110,2204)
@79 trans (38,862,280)
@79 trans (29,485,929)
@79 trans (74,977,1273)
@79 trans (45,282,323)
@79 trans (78,212,274)
@79 trans (24,339,36)
@79 trans (13,95,2111)
@79 trans (88,110,1980)
@79 trans (8,514,559)
@79 trans (93,199,955)
@79 trans (35,18,1847)
@79 trans (15,556,622)
@79 trans (98,771,454)
@79 trans (5,579,2494)
@79 trans (91,622,2488)
@79 trans (74,836,1255)
@79 trans (23,76,2096)
@79 trans (45,432,2357)
@79 trans (2,251,1082)
@79 trans (98,268,392)
@80 trans (68,982,2172)
@80 trans (1,904,2492)
@80 trans (62,623,308)
@80 trans (15,402,1757)
@80 trans (42,136,1427)
@80 trans (86,300,762)
@80 trans (61,447,316)
@80 trans (99,363,545)
@80 trans (93,303,961)
@80 trans (27,9,252)
@80 trans (76,935,922)
@80 trans (82,55,907)
@80 trans (97,878,2237)
@80 trans (14,351,1944)
@80 trans (18,958,542)
@80 auth (5,79)
@80 trans (78,408,271)
@80 trans (77,36,1013)
@80 trans (62,43,1330)
@80 trans (44,967,1905)
@80 auth (7,371)
@80 trans (55,722,257)
@80 trans (9,577,1697)
@80 trans (89,706,1479)
@80 trans (48,9,717)
@80 trans (1,17,548)
@80 trans (95,840,1845)
@80 trans (14,37,1900)
@80 trans (23,952,367)
@80 trans (63,450,308)
@80 trans (2,962,1478)
@80 trans (91,585,2456)
@80 trans (43,90,1130)
@80 auth (8,427)
@80 trans (36,540,1390)
@80 trans (74,975,236)
@80 auth (8,383)
@80 trans (98,897,806)
@80 trans (93,426,358)
@80 trans (7,925,346)
@80 trans (50,109,912)
@80 trans (1,896,793)
@80 trans (82,886,1959)
@80 trans (53,118,1759)
@80 trans (56,388,835)
@80 auth (5,95)
@80 trans (53,480,2064)
@80 trans (23,522,1372)
@80 trans (19,834,1605)
@80 trans (91,522,2085)
@80 trans (32,117,1090)
@80 trans (39,770,1184)
@80 trans (19,300,935)
@80 trans (38,691,15)
@80 trans (42,225,1257)
@80 trans (49,673,2071)
@80 trans (64,709,946)
@80 trans (100,717,90)
@80 trans (37,505,1394)
@80 trans (99,463,208)
@80 trans (5,42,665)
@80 trans (74,908,1830)
@80 trans (94,889,544)
@80 trans (69,272,1119)
@80 trans (53,655,840)
@80 trans (19,837,62)
@80 trans (35,146,1675)
@80 trans (30,131,1781)
@80 trans (58,346,257)
@80 trans (77,247,1465)
@80 auth (4,506)
@80 trans (11,824,410)
@80 trans (46,245,2364)
@80 trans (19,410,896)
@80 trans (46,225,1165)
@80 trans (61,286,2171)
@80 trans (79,770,652)
@80 trans (70,139,2475)
@80 trans (9,977,194)
@80 trans (64,582,1366)
@80 trans (7,272,51)
@80 trans (31,165,82)
@80 trans (55,464,513)
@80 trans (94,747,1212)
@80 trans (19,191,2459)
@80 trans (84,188,128)
@80 trans (52,83,1188)
@80 trans (88,804,1116)
@80 trans (68,352,2118)
@81 trans (68,829,707)
@81 trans (52,948,2372)
@81 auth (3,102)
@81 trans (11,902,1803)
@81 trans (89,764,2258)
@81 trans (17,787,927)
@81 trans (8,367,1168)
@81 trans (56,897,1616)
@81 trans (25,267,2419)
@81 trans (60,293,1504)
@81 trans (45,731,2209)
@81 trans (47,316,2119)
@81 trans (91,457,2487)
@81 trans (47,877,1149)
@81 trans (29,740,1110)
@81 trans (30,663,1736)
@81 trans (11,795,1306)
@81 trans (47,74,747)
@81 trans (79,871,2407)
@81 trans (80,402,1600)
@81 auth (10,447)
@81 trans (43,373,895)
@81 trans (63,375,983)
@81 trans (88,870,90)
@81 trans (86,221,1664)
@81 trans (12,300,374)
@81 trans (98,368,1244)
@81 trans (58,691,1708)
@81 trans (33,350,2045)
@81 trans (71,829,1011)
@81 trans (12,942,1454)
@81 trans (39,41,2143)
@81 trans (29,500,602)
@81 trans (19,399,2199)
@81 trans (26,849,422)
@81 trans (54,945,957)
@81 trans (41,956,508)
@81 trans (28,11,513)
@81 trans (37,542,156)
@81 trans (15,815,41)
@81 trans (100,954,1400)
@81 trans (85,610,99)
@81 trans (11,642,2268)
@81 trans (43,81,2313)
@81 auth (9,563)
@81 trans (27,225,403)
@81 trans (59,706,163)
@81 trans (21,395,1959)
@81 trans (14,279,287)
@81 trans (18,473,614)
@81 trans (27,143,2150)
@81 trans (71,120,1295)
@81 trans (50,122,150)
@81 trans (51,990,36)
@81 trans (44,664,294)
@81 trans (12,724,20)
@81 trans (26,764,728)
@81 trans (78,958,1444)
@81 trans (63,413,1598)
@81 trans (45,196,2047)
@81 trans (12,978,1066)
@81 trans (38,854,1200)
@81 trans (77,310,861)
@81 trans (95,540,822)
@81 trans (9,934,1156)
@81 trans (42,874,2478)
@81 trans (72,504,808)
@81 trans (49,881,1665)
@81 trans (83,482,773)
@81 trans (11,788,1253)
@81 trans (73,158,677)
@81 trans (26,856,857)
@81 trans (34,189,1448)
@81 trans (72,706,666)
@81 trans (19,845,2047)
@81 trans (51,479,349)
@81 trans (31,46,2494)
@81 trans (98,754,275)
@81 trans (2,759,2098)
@81 trans (21,744,2301)
@81 trans (12,126,678)
@81 trans (34,287,836)
@81 trans (67,687,1024)
@81 trans (58,272,1087)
@81 trans (23,429,1639)
@81 trans (70,335,2139)
@81 trans (93,508,1928)
@81 auth (6,484)
@81 trans (30,355,1557)
@81 auth (2,762)
@81 trans (30,223,2119)
@81 trans (3,69,1536)
@82 trans (42,566,499)
@82 trans (11,110,1504)
@82 trans (66,730,360)
@82 trans (99,373,185)
@82 trans (53,402,873)
@82 trans (17,938,1232)
@82 trans (84,651,17)
@82 trans (95,974,1258)
@82 trans (8,464,1799)
@82 trans (100,135,728)
@82 trans (18,181,1302)
@82 trans (91,795,703)
@82 trans (98,455,2406)
@82 auth (5,466)
@82 trans (48,562,1643)
@82 trans (44,356,1289)
@82 trans (26,506,2079)
@82 trans (29,815,2065)
@82 trans (25,649,1638)
@82 trans (90,329,2335)
@82 trans (48,109,1818)
@82 trans (38,462,1587)
@82 trans (79,50,1621)
@82 trans (66,86,496)
@82 trans (30,856,2252)
@82 auth (6,783)
@82 trans (29,769,2206)
@82 trans (13,184,102)
@82 trans (19,273,1360)
@82 trans (58,613,683)
@82 trans (20,540,982)
@82 trans (19,226,853)
@82 trans (72,616,1366)
@82 trans (5,997,1202)
@82 trans (82,98,777)
@82 auth (4,465)
@82 trans (29,347,2485)
@82 trans (10,854,2241)
@82 trans (82,118,595)
@82 trans (99,315,695)
@82 trans (1,534,1207)
@82 trans (56,198,317)
@82 trans (71,969,855)
@82 trans (45,715,1071)
@82 trans (24,588,1063)
@82 trans (30,523,200)
@82 trans (43,500,1380)
@82 trans (91,257,1116)
@82 trans (84,31,1980)
@82 trans (24,461,1338)
@82 trans (2,63,918)
@82 trans (46,431,136)
@82 trans (31,367,310)
@82 trans (37,885,508)
@82 trans (80,248,804)
@82 trans (50,285,20)
@82 trans (26,170,2106)
@82 trans (59,676,1205)
@82 trans (58,45,1045)
@82 trans (81,918,281)
@82 trans (79,841,1137)
@82 trans (4,450,289)
@82 trans (42,559,266)
@82 trans (74,374,2078)
@82 trans (79,114,2442)
@82 trans (50,500,940)
@82 trans (60,669,838)
@82 trans (98,762,1504)
@82 trans (96,967,2439)
@82 trans (20,760,1259)
@82 trans (3,453,1840)
@82 trans (30,935,1494)
@82 trans (13,4,925)
@82 trans (4,401,1484)
@82 trans (65,305,957)
@82 trans (37,810,657)
@82 trans (92,237,2370)
@82 trans (63,680,265)
@82 trans (40,867,1339)
@82 trans (90,380,1103)
@82 trans (84,869,338)
@82 trans (5,984,2383)
@82 trans (89,912,2495)
@82 trans (3,393,854)
@82 trans (36,226,1669)
@82 trans (67,910,1345)
@82 trans (65,8,887)
@82 trans (68,867,179)
@82 trans (84,697,471)
@82 trans (60,503,485)
@82 trans (23,149,2218)
@82 trans (41,260,2166)
@82 trans (36,1000,1257)
@82 trans (98,647,330)
@83 trans (51,136,1511)
@83 trans (92,822,784)
@83 auth (5,909)
@83 trans (100,172,1847)
@83 auth (10,503)
@83 trans (33,203,857)
@83 trans (68,286,1020)
@83 trans (89,327,1535)
@83 trans (57,53,1655)
@83 trans (27,424,1621)
@83 trans (50,992,104)
@83 trans (97,987,411)
@83 trans (46,604,1941)
@83 trans (37,901,1575)
@83 trans (59,941,2491)
@83 trans (3,591,803)
@83 trans (5,507,1643)
@83 trans (11,554,670)
@83 trans (3,186,1250)
@83 trans (99,427,356)
@83 trans (33,173,163)
@83 trans (14,163,1479)
@83 trans (90,435,2126)
@83 auth (10,227)
@83 trans (75,185,2403)
@83 trans (72,792,2236)
@83 trans (31,501,841)
@83 auth (7,668)
@83 trans (56,392,604)
@83 trans (53,736,2485)
@83 trans (73,579,1630)
@83 trans (56,141,793)
@83 trans (46,473,1278)
@83 trans (39,388,1496)
@83 trans (12,941,2093)
@83 trans (87,438,308)
@83 trans (82,687,2448)
@83 trans (47,876,557)
@83 trans (25,192,1272)
@83 trans (98,54,891)
@83 trans (89,760,2076)
@83 trans (89,733,95)
@83 trans (29,77,1527)
@83 trans (92,248,1359)
@83 trans (77,48,1700)
@83 trans (7,855,1320)
@83 trans (75,605,1936)
@83 trans (16,761,1116)
@83 trans (70,265,1292)
@83 trans (63,726,2395)
@83 trans (78,99,1079)
@83 trans (94,726,690)
@83 auth (8,89)
@83 trans (22,914,1156)
@83 trans (6,518,757)
@83 trans (74,140,967)
@83 trans (78,342,2362)
@83 trans (89,860,2416)
@83 trans (3,565,2152)
@83 trans (13,593,971)
@83 trans (70,974,1529)
@83 trans (65,388,917)
@83 trans (78,181,1708)
@83 trans (9,352,1334)
@83 auth (10,100)
@83 trans (29,689,304)
@83 trans (98,517,1637)
@83 trans (76,29,1220)
@83 trans (38,164,448)
@83 trans (51,540,1575)
@83 trans (65,960,1680)
@83 trans (29,553,2176)
@83 trans (45,97,374)
@83 trans (24,213,1862)
@83 trans (54,628,1291)
@83 trans (82,683,393)
@83 trans (11,981,1364)
@83 trans (11,364,2065)
@83 trans (100,481,1805)
@83 trans (45,12,1544)
@83 trans (33,145,1610)
@83 trans (20,365,2428)
@83 trans (54,893,833)
@83 trans (64,764,1104)
@83 trans (20,886,1883)
@83 trans (78,56,668)
@83 trans (41,686,1718)
@83 trans (81,725,1314)
@83 trans (97,948,1031)
@83 trans (66,225,35)
@83 trans (92,369,369)
@83 trans (51,523,2245)
@83 trans (23,432,271)
@83 trans (95,477,916)
@83 trans (54,732,420)
@84 trans (64,330,1945)
@84 trans (73,314,1637)
@84 trans (50,402,1903)
@84 trans (68,918,362)
@84 trans (59,147,412)
@84 trans (71,484,2407)
@84 trans (65,408,1059)
@84 trans (54,396,1847)
@84 trans (42,923,780)
@84 trans (56,71,1393)
@84 trans (57,861,268)
@84 trans (33,432,741)
@84 trans (3,562,1181)
@84 trans (41,990,1467)
@84 trans (22,885,178)
@84 trans (63,662,1603)
@84 trans (47,168,691)
@84 trans (92,325,2235)
@84 trans (7,904,481)
@84 trans (72,391,1594)
@84 trans (47,445,2473)
@84 trans (74,991,1289)
@84 trans (77,575,550)
@84 trans (95,98,771)
@84 trans (8,800,1131)
@84 trans (49,626,290)
@84 trans (6,163,1107)
@84 trans (70,101,2109)
@84 trans (54,172,335)
@84 trans (40,735,2485)
@84 trans (32,105,1936)
@84 trans (95,731,2289)
@84 trans (81,706,1945)
@84 trans (96,876,59)
@84 trans (22,857,748)
@84 trans (36,146,1537)
@84 trans (92,188,2105)
@84 trans (28,338,412)
@84 trans (41,383,328)
@84 trans (2,460,2127)
@84 trans (72,249,2156)
@84 trans (79,371,1619)
@84 trans (78,622,1316)
@84 trans (56,526,2311)
@84 trans (72,616,2333)
@84 trans (76,745,997)
@84 trans (67,300,317)
@84 trans (46,944,2418)
@84 trans (26,834,290)
@84 trans (74,109,457)
@84 trans (76,288,908)
@84 trans (72,535,1832)
@84 trans (74,554,1006)
@84 trans (82,730,967)
@84 trans (93,688,65)
@84 auth (1,175)
@84 trans (53,481,2017)
@84 trans (4,367,160)
@84 trans (34,349,1421)
@84 trans (15,826,1663)
@84 trans (38,580,1900)
@84 trans (41,727,456)
@84 trans (69,941,476)
@84 trans (99,316,518)
@84 trans (40,705,1412)
@84 trans (90,336,835)
@84 trans (62,566,1423)
@84 trans (48,859,116)
@84 trans (39,987,2306)
@84 trans (44,340,1523)
@84 trans (76,702,1037)
@84 trans (82,461,1561)
@84 trans (9,738,716)
@84 trans (59,668,653)
@84 trans (26,820,1062)
@84 trans (53,481,2079)
@84 trans (1,795,1545)
@84 trans (60,923,1416)
@84 trans (90,749,858)
@84 trans (9,943,318)
@84 trans (66,296,1812)
@84 trans (30,581,918)
@84 trans (42,330,1654)
@84 trans (68,296,2322)
@84 trans (42,776,1879)
@84 trans (26,75,1987)
@84 trans (93,480,1177)
@84 trans (30,515,740)
@85 trans (83,892,786)
@85 trans (77,226,231)
@85 trans (42,549,1734)
@85 trans (36,955,890)
@85 trans (1,822,1110)
@85 trans (72,539,412)
@85 trans (46,514,2096)
@85 trans (73,87,1611)
@85 trans (1,158,1380)
@85 trans (36,767,1104)
@85 trans (27,976,728)
@85 trans (22,249,1215)
@85 trans (34,89,572)
@85 trans (60,588,377)
@85 trans (69,825,1768)
@85 trans (9,350,1009)
@85 trans (8,846,1409)
@85 trans (18,413,633)
@85 trans (75,416,1211)
@85 trans (1,642,1694)
@85 trans (84,300,1359)
@85 trans (79,558,1292)
@85 trans (77,488,1414)
@85 trans (29,636,1830)
@85 trans (27,796,2418)
@85 trans (84,812,262)
@85 trans (37,655,1196)
@85 trans (82,247,743)
@85 trans (19,710,259)
@85 trans (21,409,867)
@85 trans (28,110,1800)
@85 trans (36,126,1707)
@85 trans (20,463,209)
@85 trans (65,821,172)
@85 trans (100,600,1133)
@85 trans (62,251,2091)
@85 trans (41,253,2220)
@85 trans (9,756,1684)
@85 trans (54,335,1703)
@85 trans (26,438,507)
@85 trans (100,51,110)
@85 auth (9,843)
@85 trans (7,77,670)
@85 trans (91,341,391)
@85 trans (62,748,1303)
@85 auth (4,52)
@85 trans (24,330,1210)
@85 trans (41,691,64)
@85 trans (12,293,220)
@85 trans (50,758,1417)
@85 trans (21,448,1186)
@85 trans (95,150,1255)
@85 trans (25,311,291)
@85 auth (3,420)
@85 trans (15,61,2242)
@85 trans (64,427,150)
@85 trans (42,438,1009)
@85 trans (71,411,343)
@85 trans (66,702,187)
@85 trans (57,652,888)
@85 trans (26,79,1532)
@85 trans (46,816,1768)
@85 trans (13,958,1783)
@85 auth (10,564)
@85 trans (72,579,282)
@85 trans (25,910,1219)
@85 trans (52,916,1732)
@85 trans (75,272,241)
@85 trans (24,805,174)
@85 trans (98,98,1878)
@85 trans (33,780,1191)
@85 trans (63,379,326)
@85 trans (65,958,849)
@85 trans (93,985,376)
@85 trans (31,314,529)
@85 trans (2,175,337)
@85 trans (97,464,1658)
@85 trans (35,733,1607)
@85 trans (7,397,1726)
@85 trans (78,491,804)
@85 trans (73,563,2239)
@85 trans (68,849,979)
@85 trans (8,949,2188)
@85 trans (17,722,1241)
@86 trans (99,663,517)
@86 trans (70,823,412)
@86 trans (96,221,2292)
@86 trans (24,568,856)
@86 trans (8,753,421)
@86 trans (50,388,1780)
@86 trans (8,965,1588)
@86 auth (1,424)
@86 trans (20,833,1336)
@86 trans (71,869,194)
@86 trans (93,214,1312)
@86 trans (78,516,244)
@86 trans (64,459,2475)
@86 trans (3,880,1434)
@86 trans (27,197,868)
@86 trans (53,358,581)
@86 trans (10,247,733)
@86 trans (21,288,1476)
@86 auth (10,144)
@86 trans (37,880,1442)
@86 trans (49,825,2140)
@86 trans (83,885,1634)
@86 trans (40,209,2039)
@86 trans (96,334,1279)
@86 trans (47,3,1613)
@86 trans (34,50,1856)
@86 trans (52,842,1920)
@86 trans (53,699,1932)
@86 trans (28,941,1919)
@86 trans (71,136,850)
@86 trans (16,998,283)
@86 trans (19,811,140)
@86 trans (58,56,989)
@86 trans (9,827,1416)
@86 trans (47,817,1754)
@86 trans (49,214,1974)
@86 trans (20,507,904)
@86 trans (71,956,976)
@86 trans (91,52,2453)
@86 trans (44,588,1705)
@86 trans (3,504,1516)
@86 auth (8,592)
@86 trans (48,569,430)
@86 trans (33,200,958)
@86 trans (23,35,329)
@86 trans (85,824,52)
@86 trans (11,6,9)
@86 trans (38,102,2453)
@86 trans (53,308,2169)
@86 trans (52,707,1916)
@86 trans (88,700,555)
@86 trans (61,693,428)
@86 trans (35,873,597)
@86 trans (99,291,760)
@86 trans (98,181,162)
@86 trans (19,883,1394)
@86 trans (85,158,1544)
@86 trans (16,972,1848)
@86 trans (40,311,1134)
@86 trans (84,962,179)
@86 auth (5,66)
@86 trans (68,303,790)
@86 trans (37,516,2382)
@86 trans (32,712,1383)
@86 trans (3,319,1913)
@86 trans (51,350,244)
@86 trans (8,105,103)
@86 trans (59,403,994)
@86 trans (84,32,1179)
@86 trans (89,634,992)
@86 trans (71,882,878)
@86 trans (15,132,1085)
@86 trans (56,266,756)
@86 trans (63,235,2381)
@86 trans (52,473,2391)
@86 trans (14,229,53)
@86 trans (85,181,2234)
@86 trans (17,98,2068)
@86 trans (1,789,2280)
@86 trans (59,926,1501)
@86 trans (34,647,535)
@86 trans (76,943,2089)
@86 trans (71,772,1494)
@86 trans (85,281,869)
@86 trans (66,335,1782)
@86 trans (11,364,703)
@86 trans (4,130,1729)
@86 trans (46,744,2105)
@86 trans (55,590,1505)
@86 trans (24,408,1994)
@86 trans (55,361,2332)
@86 trans (45,810,537)
@86 trans (33,629,518)
@86 trans (81,170,2333)
@86 trans (46,942,1858)
@86 auth (1,785)
@87 trans (1,350,1502)
@87 trans (40,390,230)
@87 trans (64,97,1948)
@87 trans (85,682,986)
@87 trans (27,30,1044)
@87 trans (44,447,794)
@87 trans (30,577,1980)
@87 trans (35,173,1553)
@87 trans (80,92,921)
@87 trans (31,447,489)
@87 trans (63,920,2450)
@87 trans (20,366,578)
@87 trans (78,834,1813)
@87 trans (70,789,1198)
@87 trans (92,896,348)
@87 trans (73,346,1610)
@87 trans (72,311,2034)
@87 trans (86,488,1006)
@87 trans (58,20,2258)
@87 trans (52,536,1873)
@87 trans (36,104,1098)
@87 trans (78,438,1435)
@87 trans (57,206,1579)
@87 trans (58,89,2378)
@87 trans (45,177,737)
@87 auth (4,113)
@87 trans (35,74,1515)
@87 trans (59,543,1472)
@87 trans (48,566,460)
@87 trans (2,290,2486)
@87 trans (52,961,960)
@87 auth (8,532)
@87 trans (20,84,77)
@87 trans (34,847,857)
@87 trans (78,212,1786)
@87 trans (81,676,1158)
@87 trans (17,175,2483)
@87 trans (59,372,413)
@87 trans (17,827,696)
@87 trans (71,585,1597)
@87 trans (25,810,1121)
@87 trans (18,636,2059)
@87 trans (49,733,2448)
@87 trans (75,877,2033)
@87 trans (30,609,1523)
@87 trans (58,958,2499)
@87 trans (22,555,2246)
@87 trans (65,754,1999)
@87 trans (50,478,138)
@87 trans (82,558,1698)
@87 trans (70,161,643)
@87 trans (59,187,930)
@87 trans (86,508,1675)
@87 trans (16,271,1382)
@87 trans (100,525,1598)
@87 trans (20,486,137)
@87 trans (36,914,1935)
@87 trans (86,466,2301)
@87 trans (54,451,268)
@87 trans (7,675,879)
@87 trans (54,499,1989)
@87 trans (3,520,1581)
@87 trans (21,662,1471)
@87 trans (50,447,2415)
@87 trans (68,183,1765)
@87 trans (31,842,940)
@87 trans (20,371,2091)
@87 trans (47,177,1623)
@87 trans (13,808,1681)
@87 trans (40,676,118)
@87 trans (3,942,389)
@87 trans (66,105,1969)
@87 trans (73,263,1775)
@87 trans (5,672,2031)
@87 trans (84,621,2328)
@87 trans (47,191,1750)
@87 trans (41,35,1666)
@87 trans (40,990,674)
@87 trans (53,281,1797)
@87 trans (20,14,1068)
@87 trans (29,430,2282)
@87 trans (53,405,722)
@87 trans (44,799,704)
@87 trans (52,75,2189)
@87 trans (33,878,1573)
@87 trans (9,81,334)
@87 trans (94,67,1695)
@87 trans (40,523,381)
@87 trans (78,171,1352)
@87 trans (95,766,2225)
@88 trans (79,158,1421)
@88 trans (82,756,1564)
@88 trans (100,448,1081)
@88 trans (72,82,2399)
@88 trans (35,959,293)
@88 trans (85,579,374)
@88 trans (26,257,2198)
@88 trans (65,419,124)
@88 trans (63,532,731)
@88 trans (78,558,601)
@88 trans (83,584,1386)
@88 trans (12,577,181)
@88 trans (51,646,1603)
@88 trans (97,233,2281)
@88 trans (48,633,77)
@88 trans (88,536,2414)
@88 trans (66,817,155)
@88 trans (35,318,1411)
@88 trans (26,186,2438)
@88 trans (67,75,1827)
@88 trans (79,810,191)
@88 trans (27,740,1549)
@88 trans (61,790,2234)
@88 trans (23,277,93)
@88 trans (91,613,1108)
@88 trans (18,985,1629)
@88 trans (78,423,1205)
@88 trans (7,52,2382)
@88 trans (15,244,398)
@88 auth (4,318)
@88 trans (68,788,149)
@88 trans (3,724,69)
@88 trans (63,249,1988)
@88 trans (37,60,277)
@88 trans (14,785,1145)
@88 trans (71,1,541)
@88 auth (7,25)
@88 trans (24,86,690)
@88 trans (33,547,1330)
@88 trans (15,100,2167)
@88 trans (72,232,1170)
@88 trans (63,10,2464)
@88 trans (90,966,610)
@88 trans (50,947,1007)
@88 trans (5,658,1184)
@88 trans (29,925,321)
@88 trans (14,529,1879)
@88 auth (4,992)
@88 trans (63,412,632)
@88 trans (84,526,28)
@88 trans (52,356,1997)
@88 trans (5,977,1148)
@88 trans (2,571,2308)
@88 trans (96,216,506)
@88 trans (28,177,1814)
@88 trans (52,968,479)
@88 trans (17,321,625)
@88 trans (37,822,1569)
@88 trans (9,228,53)
@88 trans (22,185,1861)
@88 trans (64,696,767)
@88 trans (15,953,1676)
@88 trans (8,585,649)
@88 trans (61,675,2241)
@88 trans (25,834,1093)
@88 trans (43,131,2232)
@88 trans (11,577,1877)
@88 trans (27,603,130)
@88 trans (99,59,1408)
@88 trans (60,493,1994)
@88 trans (11,630,1765)
@88 trans (52,840,1750)
@88 trans (73,602,615)
@88 trans (51,681,22)
@88 trans (31,436,521)
@88 trans (84,784,299)
@88 trans (68,302,847)
@88 trans (98,511,1548)
@88 trans (60,383,2394)
@88 trans (92,798,1879)
@88 trans (37,300,286)
@88 trans (65,804,1018)
@88 trans (35,419,2325)
@88 trans (81,174,1749)
@88 trans (31,981,1493)
@88 trans (28,296,1645)
@88 trans (46,59,1353)
@88 trans (96,672,693)
@88 trans (21,843,989)
@89 trans (75,785,2409)
@89 trans (18,698,351)
@89 trans (41,69,2066)
@89 trans (60,607,923)
@89 trans (97,708,1823)
@89 trans (62,8,632)
@89 trans (95,418,2254)
@89 trans (58,205,937)
@89 trans (30,328,1113)
@89 trans (98,142,1767)
@89 trans (98,34,1663)
@89 trans (12,225,94)
@89 trans (77,498,477)
@89 trans (10,715,727)
@89 trans (5,412,242)
@89 trans (58,15,2010)
@89 trans (83,205,1986)
@89 trans (32,117,775)
@89 trans (58,50,1544)
@89 trans (90,134,1361)
@89 trans (78,666,1099)
@89 trans (87,753,923)
@89 trans (85,498,1808)
@89 trans (13,564,1209)
@89 trans (95,358,87)
@89 trans (14,468,2455)
@89 trans (86,722,1871)
@89 trans (75,828,576)
@89 trans (2,750,2492)
@89 trans (90,686,1960)
@89 trans (87,992,563)
@89 trans (7,206,1167)
@89 trans (32,964,152)
@89 trans (42,420,2032)
@89 trans (28,632,1041)
@89 trans (53,388,1331)
@89 trans (48,844,2018)
@89 trans (83,704,2439)
@89 trans (60,791,605)
@89 trans (61,627,165)
@89 trans (54,807,1099)
@89 trans (38,221,802)
@89 trans (86,473,1487)
@89 trans (67,275,375)
@89 trans (24,152,1044)
@89 auth (10,780)
@89 trans (45,772,228)
@89 trans (47,70,1661)
@89 trans (23,188,1847)
@89 trans (88,579,1966)
@89 trans (97,240,1027)
@89 trans (19,24,1991)
@89 trans (5,689,1560)
@89 trans (50,190,94)
@89 trans (76,646,1941)
@89 trans (99,752,7)
@89 trans (88,752,1762)
@89 trans (4,237,746)
@89 trans (77,951,2011)
@89 trans (30,370,1470)
@89 trans (20,998,704)
@89 trans (65,3,619)
@89 trans (21,859,947)
@89 trans (18,79,2432)
@89 trans (85,862,1518)
@89 trans (92,98,2425)
@89 trans (9,450,1255)
@89 trans (94,615,339)
@89 trans (100,783,2301)
@89 trans (27,763,2484)
@89 trans (91,821,1760)
@89 trans (41,890,795)
@89 trans (6,707,991)
@89 trans (91,694,2083)
@89 trans (73,437,2486)
@89 trans (100,671,771)
@89 trans (31,789,906)
@89 trans (7,55,1689)
@89 trans (41,350,2496)
@89 trans (68,9,270)
@89 trans (29,830,952)
@89 trans (52,488,1747)
@89 trans (3,960,1240)
@89 trans (14,924,828)
@89 trans (71,306,1439)
@89 trans (37,559,2308)
@90 trans (69,250,1834)
@90 trans (30,762,2364)
@90 trans (11,675,467)
@90 trans (38,898,1242)
@90 trans (92,350,1064)
@90 trans (71,82,1601)
@90 trans (40,64,1479)
@90 trans (18,257,1029)
@90 trans (79,690,1751)
@90 trans (83,571,2455)
@90 trans (87,593,49)
@90 trans (67,954,1573)
@90 trans (8,827,2021)
@90 trans (29,581,585)
@90 trans (78,189,2271)
@90 trans (69,415,357)
@90 trans (4,330,925)
@90 trans (53,688,1022)
@90 trans (9,670,476)
@90 trans (86,247,1233)
@90 trans (48,765,638)
@90 trans (66,173,2268)
@90 trans (71,778,77)
@90 trans (27,721,891)
@90 trans (28,91,764)
@90 trans (27,18,2371)
@90 trans (92,241,243)
@90 trans (42,697,1445)
@90 trans (57,7,1353)
@90 trans (13,171,1873)
@90 trans (41,670,1015)
@90 trans (9,310,2026)
@90 trans (27,2,2406)
@90 trans (44,16,1274)
@90 trans (87,496,607)
@90 trans (38,161,782)
@90 trans (12,824,1886)
@90 trans (15,157,1513)
@90 trans (15,977,507)
@90 trans (38,272,1688)
@90 trans (76,710,373)
@90 trans (86,75,483)
@90 trans (87,963,2357)
@90 trans (35,866,864)
@90 trans (22,997,1427)
@90 trans (14,661,1341)
@90 trans (4,190,732)
@90 trans (67,204,645)
@90 trans (38,424,2093)
@90 trans (41,257,2140)
@90 trans (91,753,2032)
@90 trans (39,215,2467)
@90 trans (97,272,1560)
@90 trans (85,153,414)
@90 trans (35,126,339)
@90 trans (14,480,719)
@90 trans (95,270,1951)
@90 trans (27,415,1687)
@90 trans (86,990,2317)
@90 trans (35,701,1134)
@90 trans (84,468,2043)
@90 trans (36,773,188)
@90 trans (94,444,1544)
@90 trans (68,971,339)
@90 trans (18,471,456)
@90 trans (46,62,936)
@90 trans (33,318,2250)
@90 trans (63,404,1725)
@90 trans (85,93,1131)
@90 trans (26,151,1005)
@90 trans (84,105,2262)
@90 trans (99,427,2217)
@90 trans (61,25,2466)
@90 trans (80,160,1224)
@90 trans (57,721,1368)
@90 trans (52,600,1344)
@90 trans (62,124,1924)
@90 trans (59,658,1217)
@90 trans (55,175,231)
@90 trans (46,754,1947)
@90 trans (52,592,2199)
@90 trans (43,951,2399)
@90 trans (52,412,1327)
@90 trans (92,355,1463)
@91 trans (69,397,696)
@91 trans (90,902,1768)
@91 trans (3,356,755)
@91 trans (80,469,1218)
@91 trans (88,503,1450)
@91 trans (71,723,1073)
@91 trans (13,550,516)
@91 trans (26,900,120)
@91 trans (65,762,605)
@91 trans (3,697,401)
@91 trans (54,33,1163)
@91 trans (11,209,67)
@91 trans (83,138,2283)
@91 trans (57,836,968)
@91 trans (53,986,1356)
@91 trans (85,215,1742)
@91 trans (46,406,1180)
@91 trans (80,464,851)
@91 trans (42,301,1505)
@91 trans (34,388,1827)
@91 trans (12,492,142)
@91 trans (31,843,2359)
@91 trans (41,840,1209)
@91 trans (23,929,1824)
@91 trans (99,544,2155)
@91 trans (48,565,182)
@91 trans (90,543,1884)
@91 trans (34,546,1875)
@91 trans (65,171,72)
@91 trans (55,22,1119)
@91 trans (18,961,2032)
@91 trans (39,877,1884)
@91 trans (51,66,2006)
@91 trans (45,738,2473)
@91 trans (59,623,515)
@91 trans (42,188,633)
@91 trans (31,909,898)
@91 trans (45,301,507)
@91 trans (13,589,1125)
@91 trans (24,92,1597)
@91 trans (50,557,134)
@91 trans (34,233,1195)
@91 trans (89,189,733)
@91 trans (79,47,772)
@91 trans (18,386,1921)
@91 trans (10,88,224)
@91 trans (27,32,1005)
@91 trans (77,654,948)
@91 trans (43,348,1772)
@91 trans (89,32,1848)
@91 trans (49,246,522)
@91 trans (50,95,1695)
@91 trans (5,260,2144)
@91 trans (83,119,2429)
@91 trans (30,371,827)
@91 trans (4,810,223)
@91 trans (33,946,706)
@91 trans (31,835,110)
@91 trans (61,144,2187)
@91 trans (83,332,610)
@91 trans (53,324,2316)
@91 trans (58,227,2330)
@91 trans (15,226,1852)
@91 trans (37,668,2127)
@91 trans (78,798,1182)
@91 trans (5,113,2047)
@91 trans (90,734,2172)
@91 trans (85,990,168)
@91 trans (46,60,1387)
@91 trans (69,768,1929)
@91 trans (82,532,2017)
@91 trans (95,865,1336)
@91 trans (30,313,2309)
@91 trans (20,749,646)
@91 trans (85,285,1041)
@91 trans (16,625,1763)
@91 trans (31,251,51)
@91 trans (94,71,522)
@91 trans (62,428,1856)
@91 trans (26,713,1141)
@91 trans (47,144,672)
@91 trans (64,377,1977)
@91 trans (39,496,1485)
@91 trans (40,818,709)
@91 trans (24,19,352)
@91 trans (81,834,261)
@91 trans (90,845,688)
@92 trans (86,463,1652)
@92 trans (79,874,858)
@92 trans (52,881,1575)
@92 trans (15,678,190)
@92 trans (15,174,1896)
@92 trans (4,457,913)
@92 trans (39,89,1507)
@92 trans (94,900,808)
@92 trans (26,255,461)
@92 trans (99,383,123)
@92 trans (93,144,1851)
@92 trans (16,275,1155)
@92 trans (57,1000,732)
@92 trans (98,564,2332)
@92 trans (39,18,277)
@92 trans (24,518,282)
@92 trans (51,208,244)
@92 trans (35,228,1454)
@92 trans (35,585,675)
@92 trans (66,647,959)
@92 trans (81,968,1398)
@92 trans (48,985,360)
@92 trans (62,498,320)
@92 trans (39,226,1115)
@92 trans (88,992,2144)
@92 trans (73,95,2276)
@92 trans (49,946,657)
@92 trans (53,780,2084)
@92 trans (57,670,1785)
@92 trans (76,274,235)
@92 trans (85,15,1641)
@92 trans (62,4,2054)
@92 trans (20,741,1414)
@92 trans (69,984,1783)
@92 trans (74,638,2127)
@92 trans (13,893,1662)
@92 trans (81,4,2167)
@92 trans (7,19,210)
@92 trans (25,446,1209)
@92 trans (74,529,1974)
@92 trans (92,831,1226)
@92 trans (5,14,788)
@92 trans (82,813,1626)
@92 trans (11,368,355)
@92 trans (97,43,1134)
@92 trans (60,950,966)
@92 trans (3,91,275)
@92 trans (23,909,2430)
@92 trans (48,503,2337)
@92 trans (62,852,483)
@92 trans (55,399,851)
@92 trans (37,649,783)
@92 trans (1,520,1808)
@92 trans (22,420,154)
@92 trans (67,933,112)
@92 trans (37,642,1722)
@92 trans (17,310,377)
@92 trans (78,915,601)
@92 trans (79,633,878)
@92 trans (23,403,116)
@92 trans (33,575,235)
@92 trans (62,120,389)
@92 trans (26,935,857)
@92 trans (15,641,389)
@92 trans (14,203,2188)
@92 trans (64,237,2430)
@92 trans (28,326,332)
@92 trans (44,554,1558)
@92 trans (47,529,1771)
@92 trans (48,326,743)
@92 trans (42,18,728)
@92 trans (31,764,588)
@92 trans (16,709,542)
@92 trans (55,138,120)
@92 trans (31,459,1364)
@92 trans (33,904,490)
@92 trans (82,837,1946)
@92 trans (4,464,1692)
@92 trans (63,465,2280)
@92 trans (82,377,1025)
@92 trans (95,930,1638)
@92 trans (39,785,1261)
@92 trans (98,244,81)
@92 trans (9,131,74)
@92 trans (7,273,748)
@92 trans (36,83,585)
@92 trans (89,959,269)
@92 trans (24,574,726)
@92 trans (79,236,2291)
@92 trans (79,959,337)
@92 trans (90,555,1906)
@92 trans (18,978,1064)
@92 trans (86,959,2207)
