@52 trans (51,39,1659)
@52 trans (81,939,1039)
@52 trans (53,477,473)
@52 trans (29,31,231)
@52 trans (93,733,470)
@52 trans (18,417,501)
@52 trans (39,479,1235)
@52 trans (86,355,1175)
@52 trans (89,827,2352)
@52 trans (77,189,2006)
@52 trans (15,965,1609)
@52 trans (86,159,822)
@52 trans (3,771,1410)
@52 trans (25,227,666)
@52 trans (89,589,1388)
@52 trans (76,715,1578)
@52 trans (36,547,1117)
@52 trans (34,783,1879)
@52 trans (8,443,1032)
@52 trans (44,77,1461)
@52 trans (21,223,1651)
@52 trans (68,651,1747)
@52 trans (61,303,2174)
@52 trans (5,349,1360)
@52 trans (1,941,2270)
@52 trans (84,741,1955)
@52 trans (64,825,2348)
@52 trans (4,577,484)
@52 trans (63,477,2356)
@52 auth (5,775)
@52 trans (46,299,2129)
@52 trans (2,363,1345)
@52 trans (23,685,130)
@52 trans (54,457,1472)
@52 auth (10,877)
@52 trans (46,131,125)
@52 trans (51,659,400)
@52 trans (62,727,956)
@52 trans (44,553,981)
@52 trans (10,559,1624)
@52 trans (95,479,1821)
@52 trans (22,545,352)
@52 trans (16,865,1623)
@52 trans (4,709,1860)
@52 auth (9,169)
@53 trans (9,779,446)
@53 trans (7,739,659)
@53 trans (40,835,2346)
@53 trans (76,617,1123)
@53 trans (97,373,2126)
@53 trans (12,915,1568)
@53 trans (11,169,1356)
@53 trans (3,27,86)
@53 trans (37,145,465)
@53 trans (36,907,138)
@53 trans (11,687,2351)
@53 trans (73,467,28)
@53 trans (33,131,1852)
@53 trans (93,893,1906)
@53 trans (78,403,2251)
@53 trans (98,777,1564)
@53 trans (91,455,161)
@53 trans (9,101,1249)
@53 trans (57,529,2075)
@53 trans (81,191,967)
@53 trans (59,937,808)
@53 trans (29,473,2087)
@53 auth (8,987)
@53 trans (50,481,1643)
@53 auth (4,885)
@53 trans (56,47,835)
@53 trans (59,27,619)
@53 trans (8,785,1842)
@53 trans (23,23,766)
@53 trans (95,581,2171)
@53 trans (92,5,760)
@53 trans (88,617,1297)
@53 trans (14,15,1431)
@53 trans (90,15,1852)
@53 trans (16,727,388)
@53 trans (76,797,751)
@53 trans (50,739,213)
@53 trans (12,335,2053)
@53 trans (41,447,1261)
@53 trans (51,259,2163)
@53 auth (3,75)
@53 trans (45,513,2350)
@53 trans (68,469,520)
@53 trans (77,131,1665)
@53 trans (29,111,920)
@53 trans (18,131,1950)
@53 auth (6,903)
@53 trans (66,539,573)
@54 trans (32,367,224)
@54 auth (1,593)
@54 auth (8,113)
@54 trans (42,263,1143)
@54 trans (39,807,1331)
@54 trans (70,845,620)
@54 trans (13,865,1598)
@54 trans (98,117,1852)
@54 trans (9,295,1857)
@54 trans (95,723,1079)
@54 trans (54,435,939)
@54 auth (4,649)
@54 trans (27,715,1484)
@54 trans (62,907,668)
@54 trans (100,447,22)
@54 trans (13,385,468)
@54 trans (39,917,1360)
@54 trans (1,341,1058)
@54 trans (82,601,1671)
@54 trans (34,169,1300)
@54 trans (56,647,1349)
@54 trans (38,789,2412)
@54 trans (58,445,1187)
@54 trans (38,405,748)
@54 trans (72,713,506)
@54 trans (39,871,575)
@54 trans (13,497,562)
@54 trans (32,721,1526)
@54 trans (53,801,1335)
@54 trans (30,841,3)
@54 trans (27,575,549)
@54 trans (16,229,2423)
@54 trans (13,261,2142)
@54 trans (74,671,2371)
@54 trans (19,565,2138)
@54 trans (28,99,171)
@54 auth (7,69)
@54 trans (96,917,2063)
@54 auth (3,687)
@54 trans (22,349,904)
@54 trans (62,69,614)
@54 trans (80,825,2311)
@54 trans (33,205,2304)
@54 trans (30,991,1337)
@54 trans (72,723,726)
@55 trans (46,579,503)
@55 trans (67,993,1521)
@55 trans (36,297,2481)
@55 trans (40,523,850)
@55 trans (86,229,2044)
@55 trans (31,837,2005)
@55 trans (64,407,1654)
@55 trans (48,407,1473)
@55 trans (11,787,597)
@55 auth (1,881)
@55 trans (5,285,1774)
@55 trans (100,617,1341)
@55 trans (22,527,523)
@55 trans (29,447,34)
@55 trans (81,787,1422)
@55 trans (82,167,1629)
@55 auth (8,143)
@55 auth (7,411)
@55 auth (7,103)
@55 trans (87,973,1164)
@55 trans (11,89,634)
@55 trans (45,811,971)
@55 trans (43,583,1958)
@55 trans (58,97,265)
@55 trans (45,203,341)
@55 trans (89,525,1877)
@55 trans (30,923,591)
@55 trans (60,27,400)
@55 trans (1,357,663)
@55 auth (7,115)
@55 trans (12,347,1019)
@55 trans (100,393,1938)
@55 trans (20,683,1828)
@55 auth (7,59)
@55 trans (82,985,1167)
@55 trans (2,545,554)
@55 trans (22,491,1009)
@55 trans (36,207,770)
@55 trans (35,149,1259)
@55 trans (94,69,2460)
@55 auth (4,109)
@55 trans (94,149,2393)
@55 auth (9,449)
@55 trans (41,941,2043)
@56 auth (10,113)
@56 trans (57,17,1021)
@56 trans (54,583,2018)
@56 trans (77,583,69)
@56 trans (92,877,2433)
@56 trans (57,913,1476)
@56 trans (65,749,164)
@56 trans (85,927,1051)
@56 trans (17,695,698)
@56 trans (15,307,859)
@56 trans (83,447,684)
@56 trans (19,869,1200)
@56 trans (73,973,1999)
@56 trans (65,847,2420)
@56 trans (41,523,1820)
@56 trans (34,373,222)
@56 trans (57,117,386)
@56 trans (92,763,786)
@56 trans (68,517,606)
@56 trans (24,963,789)
@56 trans (31,71,2390)
@56 trans (47,701,2046)
@56 trans (42,763,2433)
@56 trans (42,317,920)
@56 trans (98,941,258)
@56 trans (50,227,1296)
@56 trans (52,925,2469)
@56 trans (88,633,2317)
@56 trans (57,43,927)
@56 trans (70,573,580)
@56 trans (46,877,650)
@56 trans (64,687,843)
@56 trans (69,471,1013)
@56 trans (12,533,92)
@56 trans (41,323,2464)
@56 trans (96,329,100)
@56 trans (93,265,2063)
@56 auth (6,425)
@56 trans (57,273,1774)
@56 trans (45,453,1372)
@56 trans (92,133,1662)
@57 auth (5,11)
@57 trans (73,173,1160)
@57 trans (44,599,1260)
@57 trans (74,9,609)
@57 trans (68,919,1754)
@57 trans (51,503,1870)
@57 trans (100,611,28)
@57 trans (97,29,1412)
@57 trans (35,731,501)
@57 trans (75,707,391)
@57 trans (10,559,236)
@57 auth (5,593)
@57 trans (39,867,979)
@57 auth (6,743)
@57 trans (15,991,1934)
@57 auth (3,35)
@57 trans (27,503,1678)
@57 auth (6,213)
@57 trans (38,31,125)
@57 trans (59,539,156)
@57 trans (35,549,1982)
@57 trans (96,303,1608)
@57 trans (87,445,2119)
@57 trans (17,407,635)
@57 trans (39,1,756)
@57 trans (54,469,1438)
@57 trans (28,207,1018)
@57 trans (27,391,2030)
@57 trans (8,615,2050)
@57 trans (50,113,32)
@57 trans (72,909,1767)
@57 trans (24,937,2425)
@57 trans (17,243,2082)
@57 trans (32,301,617)
@57 auth (1,423)
@57 trans (82,503,67)
@57 auth (10,257)
@57 trans (19,469,133)
@57 trans (12,309,176)
@57 trans (67,597,1625)
@57 trans (33,75,2430)
@57 trans (58,3,2256)
@57 trans (79,501,365)
@57 trans (27,127,702)
@57 trans (67,119,1068)
@57 trans (26,783,681)
@57 trans (61,889,897)
@57 trans (29,503,1172)
@57 auth (3,429)
@57 trans (3,95,1382)
@57 auth (3,453)
@57 trans (59,845,2347)
@57 trans (21,369,932)
@57 trans (22,315,2286)
@58 auth (2,783)
@58 trans (34,675,594)
@58 trans (42,909,1634)
@58 trans (89,565,1277)
@58 auth (1,317)
@58 trans (93,695,978)
@58 trans (58,365,987)
@58 trans (66,431,2227)
@58 trans (58,137,1658)
@58 trans (94,837,2171)
@58 trans (5,255,1858)
@58 trans (47,605,433)
@58 trans (26,93,579)
@58 trans (88,491,715)
@58 trans (48,981,1667)
@58 trans (51,615,1911)
@58 trans (1,577,516)
@58 trans (77,389,1018)
@58 trans (2,439,1672)
@58 trans (57,665,1908)
@58 trans (73,977,339)
@58 trans (26,313,416)
@58 trans (51,777,429)
@58 trans (31,665,2090)
@58 trans (77,217,1279)
@58 trans (18,207,140)
@58 trans (42,923,714)
@58 trans (72,773,1897)
@58 trans (67,153,2458)
@58 trans (100,655,1833)
@58 trans (84,595,1854)
@58 trans (33,973,1521)
@58 trans (4,471,1766)
@58 trans (34,855,266)
@58 trans (65,593,1271)
@58 auth (9,585)
@58 trans (33,619,2243)
@58 trans (50,955,2419)
@58 trans (23,875,1672)
@58 trans (4,233,1014)
@58 trans (55,463,839)
@58 auth (10,315)
@58 trans (69,615,497)
@58 trans (91,813,249)
@58 trans (34,279,1988)
@58 trans (62,289,927)
@58 trans (28,23,1038)
@58 trans (14,157,1574)
@58 trans (62,861,1294)
@59 auth (6,71)
@59 trans (51,651,2111)
@59 trans (79,953,1825)
@59 auth (9,487)
@59 trans (48,755,1401)
@59 trans (62,491,985)
@59 auth (9,79)
@59 trans (59,455,617)
@59 trans (88,203,2163)
@59 trans (32,899,1751)
@59 trans (51,963,140)
@59 trans (70,201,355)
@59 trans (100,887,889)
@59 auth (1,263)
@59 trans (73,991,806)
@59 trans (42,929,265)
@59 trans (41,821,1891)
@59 auth (6,981)
@59 trans (88,321,605)
@59 trans (78,775,2191)
@59 trans (100,583,961)
@59 trans (64,99,2041)
@59 trans (91,173,701)
@59 auth (9,455)
@59 trans (42,283,1765)
@59 trans (96,927,1843)
@59 trans (67,499,434)
@59 trans (63,865,400)
@59 trans (56,37,1043)
@59 auth (2,907)
@59 trans (9,105,2491)
@59 trans (67,285,1568)
@59 trans (11,447,645)
@59 auth (4,823)
@59 trans (79,651,2032)
@59 trans (48,317,1853)
@59 auth (10,829)
@59 trans (70,743,346)
@59 trans (45,575,1505)
@59 trans (3,251,185)
@59 trans (70,625,2137)
@59 trans (68,391,859)
@59 trans (31,201,2094)
@59 trans (81,259,2131)
@59 trans (52,205,2001)
@59 trans (72,35,2036)
@59 trans (9,831,945)
@59 trans (27,499,2341)
@59 trans (89,129,1979)
@59 trans (25,243,1036)
@60 trans (1,455,896)
@60 trans (21,243,1202)
@60 trans (44,851,1150)
@60 trans (12,41,1946)
@60 auth (8,603)
@60 trans (63,281,1846)
@60 trans (87,641,796)
@60 auth (2,445)
@60 trans (92,433,1957)
@60 trans (81,311,1678)
@60 trans (62,617,5)
@60 trans (85,209,723)
@60 trans (4,215,2037)
@60 trans (17,167,1734)
@60 auth (3,761)
@60 trans (100,273,466)
@60 trans (21,591,1408)
@60 trans (79,669,1449)
@60 trans (6,455,2185)
@60 trans (47,593,2466)
@60 trans (51,191,2021)
@60 auth (3,307)
@60 trans (21,55,930)
@60 auth (4,617)
@60 trans (46,187,466)
@60 trans (14,599,591)
@60 trans (67,391,421)
@60 trans (28,665,1848)
@60 trans (90,241,454)
@60 trans (87,737,610)
@60 trans (68,235,656)
@60 trans (2,497,714)
@60 auth (10,961)
@60 trans (75,407,8)
@60 trans (82,197,2260)
@60 trans (65,237,2167)
@60 trans (51,19,1798)
@60 trans (61,529,1335)
@60 trans (1,495,999)
@60 trans (57,227,1172)
@60 trans (39,685,357)
@60 trans (76,471,444)
@60 auth (4,667)
@60 trans (27,957,1836)
@60 trans (55,83,1795)
@60 trans (14,929,1537)
@60 trans (46,273,956)
@60 auth (10,735)
@60 trans (53,43,1990)
@60 auth (5,233)
@60 trans (43,455,195)
@61 trans (77,153,2234)
@61 trans (75,789,1288)
@61 trans (78,937,386)
@61 trans (82,695,926)
@61 trans (62,909,829)
@61 trans (69,175,24)
@61 trans (55,475,1974)
@61 trans (8,63,1140)
@61 trans (84,963,1934)
@61 trans (14,993,371)
@61 trans (23,15,175)
@61 trans (27,359,1317)
@61 trans (46,465,556)
@61 trans (80,673,803)
@61 trans (16,7,87)
@61 auth (4,561)
@61 trans (2,759,674)
@61 trans (82,387,2167)
@61 trans (82,475,556)
@61 trans (31,73,976)
@61 trans (98,443,1928)
@61 trans (14,611,1113)
@61 trans (29,137,169)
@61 auth (7,191)
@61 trans (92,361,2004)
@61 trans (3,771,1274)
@61 auth (10,371)
@61 trans (59,307,726)
@61 auth (8,355)
@61 trans (6,947,1265)
@61 trans (53,43,16)
@61 trans (51,877,1716)
@61 trans (89,465,1664)
@61 trans (92,341,17)
@61 trans (94,699,1576)
@61 auth (7,925)
@61 trans (81,905,776)
@61 trans (50,271,795)
@61 trans (86,489,328)
@61 trans (2,91,2352)
@61 trans (72,917,989)
@61 auth (9,917)
@61 trans (32,743,1645)
@61 trans (55,667,1811)
@61 auth (10,9)
@61 trans (44,801,482)
@61 auth (3,855)
@61 trans (20,637,2092)
@61 auth (2,893)
@61 trans (69,733,1303)
@61 auth (8,187)
@61 trans (26,837,563)
@61 trans (68,921,1636)
@61 auth (7,859)
@61 trans (13,373,200)
@61 trans (74,863,976)
@61 trans (32,377,897)
@62 auth (10,993)
@62 trans (78,453,2012)
@62 trans (16,633,856)
@62 trans (61,321,1571)
@62 trans (34,457,2457)
@62 trans (36,147,764)
@62 trans (66,411,2365)
@62 trans (65,805,2251)
@62 trans (50,997,1110)
@62 trans (76,553,1874)
@62 trans (88,205,159)
@62 trans (59,183,389)
@62 auth (5,41)
@62 trans (74,485,804)
@62 trans (1,791,313)
@62 trans (85,549,888)
@62 trans (52,637,2218)
@62 trans (44,881,2469)
@62 trans (89,537,819)
@62 trans (51,961,497)
@62 trans (54,603,332)
@62 trans (9,513,2447)
@62 trans (79,169,2366)
@62 trans (33,911,1436)
@62 trans (34,147,354)
@62 trans (97,439,767)
@62 trans (68,697,991)
@62 trans (100,257,1731)
@62 trans (8,959,312)
@62 auth (10,195)
@62 trans (47,241,1797)
@62 trans (78,129,1613)
@62 trans (3,83,1164)
@62 trans (66,985,1719)
@62 trans (94,391,1933)
@62 trans (83,315,1585)
@62 trans (82,219,1165)
@62 trans (19,65,214)
@62 trans (5,963,280)
@62 trans (89,571,582)
@62 trans (77,773,1703)
@62 trans (68,921,1051)
@62 trans (49,483,2393)
@62 trans (31,557,1863)
@62 trans (85,223,1603)
@62 trans (17,947,461)
@62 trans (45,371,1976)
@62 auth (8,949)
@62 trans (5,231,911)
@62 trans (52,365,2101)
@62 trans (49,411,246)
@63 trans (63,917,845)
@63 trans (2,139,207)
@63 trans (62,183,756)
@63 trans (29,253,1165)
@63 trans (92,517,367)
@63 auth (7,335)
@63 auth (1,615)
@63 trans (76,965,597)
@63 auth (8,579)
@63 trans (73,85,916)
@63 trans (96,103,2302)
@63 trans (93,165,1753)
@63 trans (50,369,1542)
@63 auth (7,601)
@63 auth (7,611)
@63 trans (83,507,448)
@63 trans (72,993,1622)
@63 trans (14,747,1073)
@63 trans (31,919,2020)
@63 trans (14,591,791)
@63 trans (3,749,683)
@63 trans (99,801,1814)
@63 trans (32,417,1085)
@63 trans (94,179,727)
@63 trans (29,757,890)
@63 trans (23,305,18)
@63 trans (78,937,2467)
@63 trans (31,915,346)
@63 trans (89,33,2361)
@63 trans (37,949,2372)
@63 trans (22,277,2231)
@63 trans (1,591,1577)
@63 trans (22,747,1270)
@63 trans (51,809,1477)
@63 trans (82,313,2243)
@63 trans (79,971,875)
@63 trans (23,193,970)
@63 trans (8,103,1088)
@63 trans (59,69,2240)
@63 trans (22,883,1666)
@63 trans (12,59,2372)
@63 trans (59,743,2016)
@63 trans (38,57,1172)
@63 trans (39,743,1046)
@63 auth (8,329)
@63 trans (58,633,886)
@63 trans (38,895,805)
@63 auth (3,925)
@63 trans (25,201,2362)
@63 trans (66,917,2354)
@63 trans (82,711,65)
@63 auth (8,801)
@63 trans (46,963,726)
@63 trans (29,367,1019)
@63 auth (4,315)
@63 trans (87,483,822)
@63 trans (75,885,600)
@63 trans (81,843,1117)
@63 auth (1,483)
@63 trans (25,135,2431)
@63 auth (7,407)
@63 trans (86,613,1527)
@63 auth (5,197)
@63 trans (96,767,2048)
@63 trans (27,79,2240)
@63 trans (90,7,238)
@64 auth (1,987)
@64 trans (2,743,1905)
@64 trans (74,527,883)
@64 trans (88,61,994)
@64 trans (65,649,2216)
@64 trans (56,841,334)
@64 trans (37,987,2308)
@64 trans (37,773,1462)
@64 trans (25,35,1941)
@64 auth (5,227)
@64 trans (99,135,128)
@64 trans (39,37,757)
@64 trans (16,233,2213)
@64 trans (6,489,589)
@64 trans (48,125,1087)
@64 trans (5,265,1136)
@64 trans (100,893,760)
@64 trans (86,101,232)
@64 auth (6,937)
@64 trans (76,215,137)
@64 trans (14,187,1058)
@64 trans (15,523,1462)
@64 trans (41,195,2124)
@64 trans (23,593,1156)
@64 trans (84,931,1087)
@64 trans (37,9,1728)
@64 trans (27,777,1299)
@64 trans (33,587,685)
@64 trans (67,961,601)
@64 auth (1,163)
@64 trans (48,563,1178)
@64 trans (62,743,178)
@64 trans (58,671,844)
@64 auth (3,941)
@64 trans (32,561,2304)
@64 trans (73,477,1699)
@64 trans (90,645,441)
@64 auth (3,771)
@64 trans (44,191,2066)
@64 trans (39,639,1058)
@64 trans (93,307,2164)
@64 trans (66,507,1612)
@64 trans (66,1,1043)
@64 trans (24,607,2407)
@64 auth (1,217)
@64 auth (7,687)
@64 trans (99,427,821)
@64 trans (44,925,847)
@64 trans (75,195,791)
@64 trans (4,761,2383)
@64 trans (30,947,557)
@64 trans (9,113,1671)
@64 trans (7,479,1461)
@65 auth (8,253)
@65 trans (80,271,1705)
@65 trans (99,65,852)
@65 trans (85,409,2470)
@65 trans (49,931,601)
@65 trans (70,527,1413)
@65 trans (62,591,1398)
@65 trans (19,381,2350)
@65 trans (53,165,2305)
@65 auth (7,817)
@65 trans (4,729,479)
@65 trans (7,991,1749)
@65 trans (84,607,1958)
@65 trans (79,909,1988)
@65 trans (35,189,1816)
@65 trans (31,769,2117)
@65 trans (41,911,1486)
@65 trans (83,147,87)
@65 trans (82,733,1308)
@65 trans (33,833,808)
@65 trans (73,493,330)
@65 trans (75,439,1926)
@65 trans (20,843,362)
@65 trans (50,763,1433)
@65 trans (87,571,257)
@65 trans (68,667,1421)
@65 trans (20,541,883)
@65 trans (27,391,1815)
@65 trans (91,133,1072)
@65 trans (34,719,2110)
@65 trans (88,783,1150)
@65 trans (47,449,1601)
@65 trans (91,83,463)
@65 trans (26,289,1260)
@65 trans (61,161,2064)
@65 trans (78,763,366)
@65 trans (23,487,2151)
@65 auth (6,931)
@65 trans (81,539,858)
@65 trans (78,269,526)
@65 trans (100,667,2178)
@65 trans (76,149,869)
@65 trans (40,19,874)
@65 auth (9,863)
@65 trans (13,861,2490)
@65 trans (8,805,749)
@65 trans (4,981,230)
@65 trans (48,435,1708)
@65 trans (96,325,686)
@65 trans (7,611,2070)
@65 trans (68,151,1373)
@66 trans (33,245,1416)
@66 trans (100,279,995)
@66 trans (100,491,1062)
@66 trans (100,679,622)
@66 trans (9,595,66)
@66 trans (86,279,891)
@66 trans (5,775,1010)
@66 trans (70,675,1858)
@66 auth (3,185)
@66 trans (75,209,830)
@66 trans (16,69,2134)
@66 auth (2,647)
@66 auth (9,933)
@66 auth (4,27)
@66 auth (3,991)
@66 trans (39,981,2124)
@66 trans (18,855,1295)
@66 trans (93,687,473)
@66 trans (12,247,1530)
@66 trans (93,335,717)
@66 auth (4,203)
@66 auth (7,541)
@66 trans (63,823,1274)
@66 auth (6,365)
@66 trans (63,459,1290)
@66 trans (6,673,1540)
@66 auth (1,643)
@66 trans (57,877,1185)
@66 trans (26,105,1507)
@66 trans (25,975,819)
@66 trans (95,355,2437)
@66 trans (50,467,1640)
@66 trans (20,897,544)
@66 trans (48,61,448)
@66 trans (92,665,1772)
@66 trans (32,229,1009)
@66 trans (12,771,390)
> save_and_exit right-es <
