@65 publish (5,3137)
@65 publish (5,3788)
@65 publish (3,4866)
@65 publish (6,2359)
@65 publish (9,2551)
@65 publish (6,2866)
@65 publish (9,983)
@65 publish (6,2070)
@65 publish (5,3644)
@65 publish (9,637)
@65 publish (9,4300)
@65 publish (5,4381)
@65 publish (5,1416)
@65 publish (6,2389)
@65 publish (3,4916)
@65 publish (5,2740)
@65 publish (5,4525)
@65 approve (11,1841)
@65 approve (10,4584)
@65 approve (10,2596)
@65 approve (10,2304)
@65 approve (2,1238)
@65 approve (10,322)
@65 approve (0,3896)
@65 approve (10,4409)
@65 approve (2,1500)
@65 approve (2,4938)
@65 approve (3,521)
@65 approve (3,3247)
@65 approve (10,1829)
@65 approve (2,4684)
@65 approve (10,2198)
@65 approve (10,543)
@65 approve (3,2084)
@65 approve (0,646)
@65 approve (11,2726)
@65 approve (10,602)
@65 approve (3,92)
@65 approve (11,912)
@65 approve (10,1919)
@65 approve (10,1714)
@65 approve (0,1289)
@65 approve (10,1801)
@65 approve (10,4632)
@65 approve (0,2469)
@65 approve (10,359)
@65 approve (10,1262)
@65 approve (0,4076)
@65 approve (0,4279)
@66 acc_S (4)
@66 acc_S (2)
@66 acc_F (0)
@66 acc_F (6)
@66 mgr_S (1,2)
@66 mgr_S (7,2)
@66 mgr_F (4,0)
@66 mgr_F (6,2)
@66 publish (10,2963)
@66 publish (9,2223)
@66 publish (4,2129)
@66 publish (9,2940)
@66 approve (2,4185)
@66 publish (5,4185)
@66 publish (2,972)
@66 publish (9,3304)
@66 publish (2,4071)
@66 publish (4,332)
@66 publish (9,2658)
@66 publish (2,2348)
@66 publish (2,380)
@66 publish (2,1436)
@66 approve (0,2622)
@66 publish (2,2622)
@66 publish (2,1386)
@66 publish (3,3439)
@66 publish (5,3540)
@66 publish (4,589)
@66 approve (10,217)
@66 publish (5,217)
@66 publish (3,503)
@66 publish (5,2079)
@66 publish (4,4175)
@66 publish (9,1165)
@66 publish (9,683)
@66 publish (2,42)
@66 publish (3,3751)
@66 publish (2,358)
@66 publish (5,2547)
@66 publish (3,2103)
@66 publish (2,4076)
@66 publish (4,1389)
@66 publish (5,4561)
@66 publish (3,2628)
@66 publish (9,2729)
@66 publish (9,582)
@66 publish (4,1182)
@66 publish (3,4609)
@66 publish (3,1632)
@66 publish (3,3573)
@66 publish (5,3460)
@66 publish (4,923)
@66 publish (3,1922)
@66 publish (4,298)
@66 publish (4,4438)
@66 publish (9,4534)
@66 publish (2,613)
@66 publish (4,2057)
@66 publish (5,4367)
@66 approve (10,1171)
@66 approve (0,4165)
@66 approve (0,4132)
@66 approve (3,4664)
@66 approve (10,4363)
@66 approve (10,493)
@66 approve (10,2347)
@66 approve (3,3436)
@66 approve (10,739)
@66 approve (3,310)
@66 approve (3,2520)
@66 approve (0,3054)
@66 approve (10,3358)
@66 approve (10,1556)
@66 approve (10,748)
@66 approve (2,4358)
@66 approve (0,2378)
@66 approve (3,3514)
@66 approve (10,1246)
@66 approve (2,394)
@66 approve (0,4945)
@66 approve (10,3787)
@66 approve (0,1474)
@66 approve (3,4907)
@66 approve (10,709)
@66 approve (2,4033)
@66 approve (2,96)
@66 approve (10,1107)
@66 approve (3,923)
@66 approve (3,2659)
@66 approve (0,840)
@66 approve (3,4572)
@66 approve (10,4218)
@66 approve (10,2519)
@66 approve (3,1429)
@66 approve (10,4591)
@66 approve (3,2649)
@66 approve (10,3555)
@66 approve (10,2498)
@66 approve (10,739)
@66 approve (3,1451)
@66 approve (10,4589)
@66 approve (10,530)
@66 approve (10,2688)
@66 approve (10,2123)
@67 acc_S (5)
@67 acc_S (9)
@67 acc_F (4)
@67 acc_F (5)
@67 mgr_S (2,6)
@67 mgr_S (8,7)
@67 mgr_F (6,5)
@67 mgr_F (0,1)
@67 publish (2,3917)
@67 publish (9,2451)
@67 publish (2,12)
@67 publish (3,1171)
@67 publish (9,4122)
@67 publish (3,2467)
@67 publish (2,4165)
@67 publish (9,33)
@67 publish (9,2776)
@67 publish (3,2745)
@67 publish (3,4971)
@67 publish (9,135)
@67 publish (2,3241)
@67 publish (2,2346)
@67 publish (3,414)
@67 publish (9,1462)
@67 publish (3,128)
@67 publish (2,1276)
@67 publish (3,997)
@67 publish (2,959)
@67 publish (9,4740)
@67 publish (9,3633)
@67 publish (2,3890)
@67 publish (9,2103)
@67 publish (2,2096)
@67 publish (9,2372)
@67 publish (2,4944)
@67 publish (2,99)
@67 publish (9,3376)
@67 publish (3,4132)
@67 publish (3,759)
@67 publish (9,3936)
@67 publish (2,890)
@67 publish (2,4802)
@67 publish (3,1830)
@67 publish (3,3081)
@67 publish (9,4664)
@67 publish (9,2777)
@67 publish (3,3332)
@67 publish (3,3378)
@67 publish (3,795)
@67 publish (2,62)
@67 publish (9,2896)
@67 publish (3,2124)
@67 publish (2,1773)
@67 publish (3,265)
@67 approve (3,1061)
@67 publish (9,1061)
@67 approve (10,4031)
@67 approve (10,794)
@67 approve (10,3126)
@67 approve (3,2595)
@67 approve (10,2576)
@67 approve (2,537)
@67 approve (3,4833)
@67 approve (3,2136)
@67 approve (3,4749)
@67 approve (3,2144)
@67 approve (2,2866)
@67 approve (10,1975)
@67 approve (2,2350)
@67 approve (0,2460)
@67 approve (10,3295)
@67 approve (10,4077)
@67 approve (11,1278)
@67 approve (10,1425)
@67 approve (10,2895)
@67 approve (10,1665)
@67 approve (3,2147)
@67 approve (3,532)
@67 approve (0,424)
@67 approve (3,1389)
@67 approve (11,3580)
@67 approve (10,1862)
@67 approve (10,4536)
@67 approve (0,4732)
@67 approve (3,4186)
@67 approve (10,3991)
@67 approve (10,2143)
@67 approve (10,2844)
@67 approve (0,734)
@67 approve (10,4769)
@67 approve (0,4080)
@67 approve (2,2513)
@67 approve (10,948)
@67 approve (10,1187)
@67 approve (10,1493)
@68 acc_S (5)
@68 acc_S (9)
@68 acc_F (3)
@68 acc_F (6)
@68 mgr_S (9,1)
@68 mgr_S (8,6)
@68 mgr_F (9,2)
@68 mgr_F (9,7)
@68 publish (2,1841)
@68 publish (9,1715)
@68 publish (5,3998)
@68 approve (10,4783)
@68 publish (9,4783)
@68 publish (2,4363)
@68 publish (5,4984)
@68 publish (2,4539)
@68 publish (5,225)
@68 publish (9,4923)
@68 approve (0,3661)
@68 publish (2,3661)
@68 approve (0,2477)
@68 publish (2,2477)
@68 publish (2,4001)
@68 publish (5,587)
@68 publish (9,4584)
@68 publish (9,2390)
@68 publish (5,493)
@68 publish (5,2127)
@68 publish (2,1216)
@68 publish (5,3558)
@68 publish (5,4031)
@68 publish (2,794)
@68 publish (5,4996)
@68 publish (2,2596)
@68 approve (3,884)
@68 publish (9,884)
@68 publish (5,3126)
@68 publish (9,2595)
@68 publish (5,2347)
@68 publish (9,2304)
@68 publish (5,1607)
@68 publish (5,3724)
@68 publish (2,883)
@68 publish (5,1156)
@68 publish (2,4649)
@68 publish (2,4656)
@68 publish (5,581)
@68 publish (9,2576)
@68 publish (5,1154)
@68 publish (5,4614)
@68 publish (5,3152)
@68 publish (2,3479)
@68 publish (9,4110)
@68 publish (5,537)
@68 publish (9,1926)
@68 approve (3,1570)
@68 approve (2,4591)
@68 approve (10,4718)
@68 approve (10,4590)
@68 approve (3,4458)
@68 approve (10,289)
@68 approve (10,4687)
@68 approve (10,4459)
@68 approve (0,345)
@68 approve (10,1162)
@68 approve (10,1729)
@68 approve (3,4297)
@68 approve (2,3232)
@68 approve (3,1420)
@68 approve (0,4466)
@68 approve (2,4192)
@68 approve (2,679)
@68 approve (10,2812)
@68 approve (10,801)
@68 approve (0,2988)
@68 approve (3,4226)
@68 approve (3,3574)
@68 approve (10,4367)
@68 approve (10,3366)
@68 approve (10,1668)
@68 approve (11,2730)
@68 approve (0,3701)
@68 approve (0,2043)
@68 approve (3,1856)
@68 approve (10,1914)
@68 approve (10,974)
@68 approve (10,327)
@68 approve (3,1714)
@68 approve (3,2124)
@68 approve (10,4538)
@68 approve (10,4050)
@68 approve (2,2812)
@69 acc_S (8)
@69 acc_S (0)
@69 acc_F (8)
@69 acc_F (8)
@69 mgr_S (1,0)
@69 mgr_S (6,0)
@69 mgr_F (4,9)
@69 mgr_F (6,0)
@69 publish (0,4833)
@69 publish (9,2136)
@69 approve (10,4189)
@69 publish (5,4189)
@69 publish (0,3436)
@69 publish (5,2571)
@69 publish (5,1259)
@69 publish (5,2178)
@69 publish (9,1570)
@69 approve (3,756)
@69 publish (9,756)
@69 publish (9,1070)
@69 publish (5,1238)
@69 approve (3,837)
@69 publish (9,837)
@69 publish (0,1908)
@69 publish (2,3800)
@69 publish (5,739)
@69 publish (2,4755)
@69 publish (2,4052)
@69 publish (0,1308)
@69 publish (5,4591)
@69 publish (5,1909)
@69 publish (0,4749)
@69 publish (2,1900)
@69 publish (5,463)
@69 publish (0,1155)
@69 publish (5,2698)
@69 publish (0,310)
@69 publish (0,2144)
@69 publish (0,2520)
@69 approve (1,2090)
@69 publish (0,2090)
@69 publish (10,322)
@69 publish (9,3843)
@69 publish (2,4718)
@69 publish (5,3608)
@69 publish (0,1165)
@69 publish (9,1180)
@69 publish (2,3054)
@69 publish (2,3878)
@69 publish (9,2445)
@69 publish (2,1504)
@69 publish (5,2866)
@69 publish (5,3358)
@69 publish (0,883)
@69 approve (1,688)
@69 approve (3,3239)
@69 approve (10,1644)
@69 approve (10,1361)
@69 approve (2,4336)
@69 approve (10,1634)
@69 approve (0,4914)
@69 approve (0,1762)
@69 approve (0,4945)
@69 approve (10,4827)
@69 approve (10,1265)
@69 approve (10,2684)
@69 approve (10,2499)
@69 approve (10,2186)
@69 approve (3,3325)
@69 approve (10,1752)
@69 approve (0,2305)
@69 approve (11,2888)
@69 approve (10,2091)
@69 approve (10,768)
@69 approve (0,1427)
@69 approve (10,4541)
@69 approve (10,1320)
@69 approve (0,1091)
@69 approve (0,3117)
@69 approve (10,1786)
@69 approve (0,1442)
@69 approve (10,787)
@69 approve (0,943)
@69 approve (10,4862)
@69 approve (10,1958)
@69 approve (3,2673)
@69 approve (10,3881)
@69 approve (10,622)
@69 approve (10,2466)
@69 approve (3,2773)
@69 approve (10,2580)
@69 approve (10,4630)
@70 acc_S (2)
@70 acc_S (7)
@70 acc_F (6)
@70 acc_F (7)
@70 mgr_S (9,1)
@70 mgr_S (7,6)
@70 mgr_F (8,3)
@70 mgr_F (9,1)
@70 publish (0,1556)
@70 publish (9,3796)
@70 publish (5,3933)
@70 publish (2,3896)
@70 approve (2,1486)
@70 publish (5,1486)
@70 publish (0,995)
@70 publish (0,688)
@70 publish (2,4409)
@70 publish (9,3533)
@70 publish (10,3239)
@70 publish (5,1316)
@70 publish (5,2890)
@70 publish (5,4298)
@70 publish (2,3058)
@70 publish (5,1500)
@70 publish (5,4938)
@70 publish (2,4590)
@70 publish (0,4458)
@70 publish (0,1975)
@70 publish (9,229)
@70 publish (0,4322)
@70 approve (10,3726)
@70 publish (5,3726)
@70 publish (9,289)
@70 publish (0,492)
@70 publish (0,1644)
@70 publish (2,748)
@70 publish (5,4820)
@70 publish (0,1361)
@70 publish (0,1253)
@70 approve (10,4038)
@70 publish (2,4038)
@70 publish (9,3685)
@70 publish (5,4358)
@70 publish (2,2907)
@70 publish (2,2378)
@70 publish (0,4687)
@70 publish (0,775)
@70 publish (2,1152)
@70 publish (0,521)
@70 publish (5,4336)
@70 publish (9,1634)
@70 publish (2,4794)
@70 publish (9,3514)
@70 publish (2,4914)
@70 publish (5,4459)
@70 publish (5,378)
@70 publish (2,345)
@70 publish (2,1605)
@70 publish (10,3420)
@70 approve (3,2335)
@70 approve (0,1519)
@70 approve (10,2450)
@70 approve (0,2614)
@70 approve (10,2268)
@70 approve (10,3532)
@70 approve (3,4227)
@70 approve (10,2772)
@70 approve (10,4859)
@70 approve (0,300)
@70 approve (10,3391)
@70 approve (10,4235)
@70 approve (3,4143)
@70 approve (10,1036)
@70 approve (10,1141)
@70 approve (0,1088)
@70 approve (10,1839)
@70 approve (3,254)
@70 approve (10,3284)
@70 approve (3,4784)
@70 approve (10,1763)
@70 approve (10,1568)
@70 approve (0,783)
@70 approve (0,1802)
@70 approve (10,3927)
@70 approve (3,478)
@70 approve (0,82)
@70 approve (0,4327)
@70 approve (2,579)
@70 approve (10,2265)
@70 approve (3,3582)
@70 approve (10,1953)
@70 approve (0,1300)
@70 approve (2,40)
@70 approve (10,331)
@70 approve (0,4917)
@70 approve (10,209)
@70 approve (0,4292)
@70 approve (10,2998)
@70 approve (10,3345)
@70 approve (10,2167)
@70 approve (3,1090)
@70 approve (2,930)
@70 approve (1,2780)
@70 approve (1,4282)
@70 approve (10,2767)
@70 approve (2,512)
@70 approve (1,909)
@70 approve (7,3677)
@71 acc_S (6)
@71 acc_S (5)
@71 acc_F (0)
@71 acc_F (7)
@71 mgr_S (0,1)
@71 mgr_S (5,8)
@71 mgr_F (7,4)
@71 mgr_F (9,9)
@71 publish (9,3247)
@71 publish (5,2826)
@71 publish (9,4424)
@71 approve (3,1061)
@71 publish (9,1061)
@71 publish (9,2335)
@71 publish (2,2126)
@71 approve (3,3405)
@71 publish (9,3405)
@71 publish (6,1519)
@71 publish (2,2450)
@71 publish (9,2205)
@71 publish (2,241)
@71 publish (9,983)
@71 publish (6,2614)
@71 publish (9,1246)
@71 publish (6,4445)
@71 publish (6,2333)
@71 publish (5,2350)
@71 publish (2,1762)
@71 publish (5,1162)
@71 publish (9,2337)
@71 publish (5,2268)
@71 publish (5,728)
@71 publish (9,1829)
@71 publish (2,4945)
@71 approve (0,3184)
@71 publish (2,3184)
@71 publish (5,394)
@71 publish (2,4827)
@71 publish (6,358)
@71 publish (5,4684)
@71 publish (9,1729)
@71 publish (2,3052)
@71 publish (2,4945)
@71 publish (6,3419)
@71 publish (10,4630)
@71 publish (5,3312)
@71 publish (2,2542)
@71 publish (9,3532)
@71 publish (10,2460)
@71 publish (9,3295)
@71 publish (9,4227)
@71 publish (2,3787)
@71 publish (6,2198)
@71 publish (5,4894)
@71 publish (6,1582)
@71 publish (6,4077)
@71 approve (0,3459)
@71 approve (0,3549)
@71 approve (0,3603)
@71 approve (11,178)
@71 approve (10,3049)
@71 approve (10,3412)
@71 approve (0,2046)
@71 approve (10,474)
@71 approve (0,3629)
@71 approve (10,1150)
@71 approve (0,1101)
@71 approve (0,96)
@71 approve (10,1651)
@71 approve (0,4927)
@71 approve (10,3924)
@71 approve (10,3585)
@71 approve (10,2687)
@71 approve (10,1782)
@71 approve (11,418)
@71 approve (10,3965)
@71 approve (3,3658)
@71 approve (0,3762)
@71 approve (0,4811)
@71 approve (0,3752)
@71 approve (2,2109)
@71 approve (1,1720)
@71 approve (0,1848)
@71 approve (10,1994)
@71 approve (3,2893)
@71 approve (3,2173)
@71 approve (3,2927)
@71 approve (1,1125)
@71 approve (10,1195)
@71 approve (10,2427)
@71 approve (10,2302)
@71 approve (1,584)
@71 approve (2,491)
@71 approve (3,2409)
@71 approve (10,1631)
@71 approve (10,1831)
@72 acc_S (1)
@72 acc_S (3)
@72 acc_F (2)
@72 acc_F (8)
@72 mgr_S (4,2)
@72 mgr_S (3,5)
@72 mgr_F (2,1)
@72 mgr_F (6,9)
@72 publish (1,4297)
@72 publish (9,4158)
@72 publish (6,1474)
@72 publish (9,74)
@72 publish (5,3232)
@72 publish (1,162)
@72 publish (3,1279)
@72 publish (3,2718)
@72 publish (1,4907)
@72 publish (3,2772)
@72 publish (9,1420)
@72 publish (9,3293)
@72 publish (9,4859)
@72 publish (9,2307)
@72 approve (2,1824)
@72 publish (5,1824)
@72 publish (5,543)
@72 publish (6,300)
@72 publish (1,2084)
@72 publish (6,4466)
@72 publish (9,3391)
@72 approve (0,118)
@72 publish (3,118)
@72 publish (9,3600)
@72 publish (3,2546)
@72 publish (5,1278)
@72 publish (5,1253)
@72 publish (5,4192)
@72 publish (3,709)
@72 approve (3,2767)
@72 publish (9,2767)
@72 publish (3,1776)
@72 publish (1,3459)
@72 publish (5,4033)
@72 publish (5,3226)
@72 publish (6,4197)
@72 publish (3,646)
@72 publish (9,1265)
@72 publish (3,3990)
@72 publish (5,96)
@72 publish (1,2684)
@72 publish (5,1883)
@72 publish (9,2726)
@72 approve (0,3103)
@72 publish (1,3103)
@72 publish (5,679)
@72 publish (3,2499)
@72 publish (6,1425)
@72 publish (1,4561)
@72 publish (9,602)
@72 approve (0,1107)
@72 approve (10,2221)
@72 approve (3,4895)
@72 approve (10,3361)
@72 approve (10,3657)
@72 approve (10,3420)
@72 approve (3,3718)
@72 approve (0,1067)
@72 approve (0,3481)
@72 approve (10,127)
@72 approve (10,4950)
@72 approve (10,3726)
@72 approve (10,558)
@72 approve (0,4514)
@72 approve (10,963)
@72 approve (10,3497)
@72 approve (11,1362)
@72 approve (10,3531)
@72 approve (10,3190)
@72 approve (10,2581)
@72 approve (10,2489)
@72 approve (10,3507)
@72 approve (3,611)
@72 approve (10,3028)
@72 approve (10,2187)
@72 approve (10,4676)
@72 approve (10,2627)
@72 approve (10,579)
@72 approve (2,3436)
@72 approve (10,2578)
@72 approve (4,2218)
@73 acc_S (7)
@73 acc_S (8)
@73 acc_F (5)
@73 acc_F (3)
@73 mgr_S (8,3)
@73 mgr_S (8,3)
@73 mgr_F (1,0)
@73 mgr_F (3,9)
@73 publish (7,1107)
@73 publish (8,3549)
@73 approve (0,1298)
@73 publish (1,1298)
@73 publish (8,1107)
@73 approve (0,2218)
@73 publish (1,2218)
@73 publish (1,92)
@73 publish (7,923)
@73 approve (10,496)
@73 publish (8,496)
@73 publish (8,2812)
@73 approve (0,1609)
@73 publish (8,1609)
@73 publish (6,363)
@73 publish (9,4328)
@73 approve (0,4395)
@73 publish (6,4395)
@73 publish (7,2659)
@73 publish (9,912)
@73 publish (7,2895)
@73 publish (8,4235)
@73 publish (1,3603)
@73 publish (1,1665)
@73 publish (6,178)
@73 publish (7,2147)
@73 publish (7,3049)
@73 approve (5,2046)
@73 publish (9,2046)
@73 publish (8,1187)
@73 approve (3,2466)
@73 publish (10,2466)
@73 publish (6,2186)
@73 approve (0,151)
@73 publish (1,151)
@73 publish (9,1103)
@73 publish (7,3325)
@73 publish (6,1752)
@73 publish (8,3412)
@73 publish (6,1919)
@73 publish (8,2046)
@73 publish (7,1714)
@73 publish (8,2221)
@73 publish (9,2254)
@73 publish (6,64)
@73 publish (9,532)
@73 publish (6,3336)
@73 publish (6,1289)
@73 publish (6,1801)
@73 publish (7,4895)
@73 publish (9,4143)
@73 approve (11,641)
@73 approve (10,4538)
@73 approve (0,4047)
@73 approve (3,3114)
@73 approve (0,152)
@73 approve (10,1868)
@73 approve (0,4539)
@73 approve (0,2207)
@73 approve (0,2946)
@73 approve (10,2171)
@73 approve (10,709)
@73 approve (2,4774)
@73 approve (0,274)
@73 approve (10,2772)
@73 approve (2,2991)
@73 approve (10,2190)
@73 approve (3,4027)
@73 approve (10,1248)
@73 approve (3,414)
@73 approve (10,2700)
@73 approve (10,2978)
@73 approve (5,3436)
@73 approve (10,3256)
@73 approve (1,4287)
@73 approve (10,3596)
@73 approve (5,4781)
@73 approve (5,285)
@73 approve (5,1356)
@73 approve (10,3417)
@73 approve (11,417)
@73 approve (3,349)
@73 approve (10,1740)
@73 approve (1,3105)
@73 approve (10,3794)
@73 approve (3,3049)
@73 approve (10,397)
@73 approve (10,2137)
@73 approve (3,4028)
@73 approve (3,1043)
@73 approve (3,4371)
@73 approve (10,3786)
@74 acc_S (9)
@74 acc_S (2)
@74 acc_F (7)
@74 acc_F (0)
@74 mgr_S (4,9)
@74 mgr_S (8,8)
@74 mgr_F (1,6)
@74 mgr_F (6,5)
@74 approve (0,1044)
@74 publish (6,1044)
@74 publish (2,840)
@74 publish (10,1036)
@74 publish (6,1141)
@74 publish (6,3073)
@74 publish (6,2305)
@74 publish (6,801)
@74 publish (6,2888)
@74 publish (9,4632)
@74 publish (1,4572)
@74 publish (8,4218)
@74 publish (9,2519)
@74 publish (8,2469)
@74 publish (6,474)
@74 publish (1,2091)
@74 publish (2,768)
@74 approve (11,2624)
@74 publish (6,2624)
@74 publish (2,1427)
@74 publish (2,2988)
@74 approve (10,3215)
@74 publish (8,3215)
@74 publish (2,1088)
@74 publish (6,4881)
@74 publish (1,4226)
@74 approve (0,931)
@74 publish (2,931)
@74 publish (8,641)
@74 publish (2,424)
@74 publish (9,1389)
@74 publish (2,359)
@74 publish (1,3574)
@74 publish (9,1429)
@74 publish (8,4591)
@74 publish (8,3024)
@74 publish (8,4367)
@74 publish (8,3361)
@74 publish (9,3657)
@74 publish (9,1839)
@74 publish (2,3580)
@74 publish (1,3420)
@74 publish (1,1288)
@74 publish (9,1862)
@74 publish (2,1262)
@74 publish (9,254)
@74 publish (1,3284)
@74 publish (2,4536)
@74 publish (6,3629)
@74 publish (9,2649)
@74 publish (1,1150)
@74 publish (9,3718)
@74 approve (0,1814)
@74 approve (0,2539)
@74 approve (0,1497)
@74 approve (0,2087)
@74 approve (10,3524)
@74 approve (10,2124)
@74 approve (10,653)
@74 approve (10,3432)
@74 approve (10,880)
@74 approve (3,2439)
@74 approve (10,2020)
@74 approve (10,3330)
@74 approve (2,4265)
@74 approve (2,369)
@74 approve (10,4102)
@74 approve (2,629)
@74 approve (10,3532)
@74 approve (0,959)
@74 approve (0,1422)
@74 approve (11,799)
@74 approve (1,4832)
@74 approve (10,597)
@74 approve (3,2309)
@74 approve (4,951)
@74 approve (10,4722)
@74 approve (3,4424)
@74 approve (4,3398)
@74 approve (0,2350)
@74 approve (4,543)
@74 approve (3,3743)
@74 approve (10,1767)
@74 approve (3,3140)
@74 approve (4,735)
@74 approve (3,1643)
@74 approve (4,2406)
@75 acc_S (7)
@75 acc_S (4)
@75 acc_F (9)
@75 acc_F (4)
@75 mgr_S (7,3)
@75 mgr_S (4,1)
@75 mgr_F (8,3)
@75 mgr_F (5,5)
@75 publish (6,421)
@75 publish (2,4076)
@75 publish (6,1814)
@75 publish (6,4538)
@75 publish (2,4732)
@75 publish (6,4047)
@75 approve (10,4898)
@75 publish (6,4898)
@75 publish (7,4784)
@75 publish (1,1067)
@75 publish (2,1763)
@75 approve (10,778)
@75 publish (2,778)
@75 publish (7,3555)
@75 publish (7,3114)
@75 approve (10,1601)
@75 publish (2,1601)
@75 approve (10,3085)
@75 publish (2,3085)
@75 publish (8,4541)
@75 publish (1,152)
@75 approve (0,1521)
@75 publish (6,1521)
@75 approve (0,4346)
@75 publish (10,4346)
@75 publish (6,2498)
@75 publish (1,1320)
@75 publish (2,3653)
@75 publish (7,4186)
@75 publish (6,1101)
@75 publish (1,3481)
@75 approve (10,930)
@75 publish (1,930)
@75 publish (6,1091)
@75 publish (2,1568)
@75 publish (1,3307)
@75 publish (6,783)
@75 publish (8,96)
@75 publish (2,1802)
@75 publish (1,1868)
@75 publish (6,3366)
@75 publish (8,3991)
@75 publish (6,4279)
@75 publish (2,1651)
@75 publish (6,2539)
@75 approve (0,984)
@75 publish (8,984)
@75 publish (8,1668)
@75 publish (2,4539)
@75 publish (8,2207)
@75 approve (10,829)
@75 approve (10,349)
@75 approve (3,4882)
@75 approve (0,3334)
@75 approve (3,1478)
@75 approve (10,426)
@75 approve (2,1597)
@75 approve (10,3510)
@75 approve (10,1463)
@75 approve (10,2700)
@75 approve (10,4315)
@75 approve (3,4113)
@75 approve (0,1768)
@75 approve (10,1009)
@75 approve (10,174)
@75 approve (0,3734)
@75 approve (3,3796)
@75 approve (1,3392)
@75 approve (3,949)
@75 approve (2,3354)
@75 approve (10,1627)
@75 approve (0,1439)
@75 approve (4,3087)
@75 approve (10,2760)
@75 approve (2,422)
@75 approve (2,4883)
@75 approve (1,2123)
@75 approve (10,2702)
@75 approve (1,768)
@75 approve (10,3550)
@75 approve (10,1276)
@75 approve (10,3213)
@75 approve (10,3743)
@75 approve (11,1191)
@75 approve (3,1944)
@75 approve (4,4514)
@75 approve (4,3611)
@75 approve (10,750)
@75 approve (1,3968)
@75 approve (4,3616)
@76 acc_S (2)
@76 acc_S (3)
@76 acc_F (4)
@76 acc_F (4)
@76 mgr_S (5,9)
@76 mgr_S (4,8)
@76 mgr_F (9,8)
@76 mgr_F (9,7)
@76 publish (2,1497)
@76 publish (7,2143)
@76 publish (2,739)
@76 publish (7,127)
@76 publish (8,4927)
@76 publish (1,2844)
@76 publish (10,3927)
@76 publish (2,3924)
@76 publish (2,3585)
@76 publish (1,1451)
@76 publish (7,2730)
@76 approve (0,927)
@76 publish (8,927)
@76 publish (1,2687)
@76 publish (1,478)
@76 publish (3,3701)
@76 publish (1,2087)
@76 publish (2,2043)
@76 publish (3,1782)
@76 publish (3,3117)
@76 publish (3,2946)
@76 approve (0,2536)
@76 publish (6,2536)
@76 publish (8,3524)
@76 publish (6,1786)
@76 publish (3,82)
@76 publish (6,4950)
@76 publish (2,734)
@76 publish (7,829)
@76 publish (8,4769)
@76 publish (7,418)
@76 publish (6,4080)
@76 publish (1,4589)
@76 publish (1,3726)
@76 publish (8,4327)
@76 publish (6,530)
@76 publish (3,2124)
@76 approve (0,1055)
@76 publish (8,1055)
@76 publish (3,4407)
@76 publish (6,2171)
@76 publish (1,3965)
@76 publish (2,709)
@76 publish (2,349)
@76 publish (7,4882)
@76 approve (0,4850)
@76 approve (4,823)
@76 approve (2,2828)
@76 approve (4,1416)
@76 approve (4,942)
@76 approve (10,2405)
@76 approve (10,2316)
@76 approve (11,1788)
@76 approve (0,4692)
@76 approve (1,4465)
@76 approve (10,2213)
@76 approve (10,1281)
@76 approve (3,13)
@76 approve (10,212)
@76 approve (1,2245)
@76 approve (1,2504)
@76 approve (10,172)
@76 approve (4,615)
@76 approve (10,1746)
@76 approve (4,2733)
@76 approve (1,4923)
@76 approve (10,3372)
@76 approve (3,2377)
@76 approve (10,481)
@76 approve (3,3987)
@76 approve (10,3439)
@76 approve (10,2241)
@76 approve (10,4213)
@76 approve (3,750)
@76 approve (10,3903)
@76 approve (10,4507)
@76 approve (3,4068)
@76 approve (10,1548)
@76 approve (4,3046)
@76 approve (10,2673)
@76 approve (10,770)
@76 approve (4,1815)
@76 approve (10,1024)
@77 acc_S (6)
@77 acc_S (5)
@77 acc_F (1)
@77 acc_F (3)
@77 mgr_S (0,3)
@77 mgr_S (6,4)
@77 mgr_F (0,0)
@77 mgr_F (2,9)
@77 publish (7,3658)
@77 publish (8,3334)
@77 publish (5,579)
@77 publish (8,2265)
@77 publish (5,4774)
@77 publish (7,3582)
@77 publish (7,558)
@77 publish (7,1478)
@77 publish (8,274)
@77 publish (10,426)
@77 publish (7,1953)
@77 publish (8,121)
@77 approve (10,3658)
@77 publish (2,3658)
@77 publish (2,1442)
@77 publish (5,2513)
@77 publish (8,948)
@77 publish (2,1300)
@77 publish (2,2772)
@77 publish (5,2991)
@77 publish (6,3762)
@77 publish (7,2190)
@77 publish (2,4811)
@77 publish (5,1597)
@77 publish (2,2688)
@77 publish (5,40)
@77 publish (7,4027)
@77 publish (2,3510)
@77 publish (5,1187)
@77 publish (8,331)
@77 publish (7,653)
@77 publish (8,4917)
@77 publish (7,1856)
@77 approve (0,3212)
@77 publish (6,3212)
@77 publish (7,787)
@77 publish (8,209)
@77 publish (8,1914)
@77 publish (6,1248)
@77 publish (7,414)
@77 publish (8,3432)
@77 publish (7,2123)
@77 publish (7,1463)
@77 publish (6,880)
@77 publish (6,974)
@77 approve (0,2856)
@77 approve (10,4575)
@77 approve (0,856)
@77 approve (10,3039)
@77 approve (10,3195)
@77 approve (10,831)
@77 approve (4,1211)
@77 approve (10,655)
@77 approve (10,571)
@77 approve (10,162)
@77 approve (10,1309)
@77 approve (10,1283)
@77 approve (4,1716)
@77 approve (10,2902)
@77 approve (1,1588)
@77 approve (3,1683)
@77 approve (10,2901)
@77 approve (4,3193)
@77 approve (3,1036)
@77 approve (10,2383)
@77 approve (11,3095)
@77 approve (10,396)
@77 approve (1,4836)
@77 approve (10,1127)
@77 approve (4,3345)
@77 approve (3,4345)
@77 approve (0,1916)
@77 approve (10,814)
@77 approve (10,548)
@77 approve (10,3293)
@77 approve (10,3809)
@77 approve (10,1919)
@77 approve (0,3252)
@77 approve (4,4431)
@78 acc_S (0)
@78 acc_S (1)
@78 acc_F (8)
@78 acc_F (7)
@78 mgr_S (3,1)
@78 mgr_S (1,6)
@78 mgr_F (9,5)
@78 mgr_F (0,6)
@78 publish (2,943)
@78 publish (2,2700)
@78 publish (0,4315)
@78 approve (3,2839)
@78 publish (0,2839)
@78 publish (6,3752)
@78 publish (6,1493)
@78 publish (2,2856)
@78 publish (2,4514)
@78 publish (2,4292)
@78 publish (5,2109)
@78 publish (6,327)
@78 approve (10,1991)
@78 publish (10,1991)
@78 publish (0,2439)
@78 publish (6,4862)
@78 publish (0,1958)
@78 approve (10,1050)
@78 publish (6,1050)
@78 publish (0,2020)
@78 approve (3,2886)
@78 publish (0,2886)
@78 publish (1,2673)
@78 publish (6,4575)
@78 approve (10,422)
@78 publish (0,422)
@78 publish (5,3881)
@78 publish (2,3330)
@78 publish (10,856)
@78 publish (0,1720)
@78 publish (2,963)
@78 publish (2,3039)
@78 publish (1,1848)
@78 publish (5,2998)
@78 publish (5,4265)
@78 approve (1,2392)
@78 publish (6,2392)
@78 publish (0,4113)
@78 publish (2,3195)
@78 publish (6,831)
@78 approve (10,4067)
@78 publish (6,4067)
@78 publish (1,1714)
@78 publish (10,2124)
@78 approve (10,4924)
@78 publish (1,4924)
@78 publish (0,4538)
@78 publish (0,3497)
@78 publish (5,3345)
@78 publish (6,2700)
@78 publish (0,2167)
@78 publish (2,4050)
@78 publish (0,2978)
@78 publish (5,369)
@78 publish (2,4850)
@78 publish (2,1994)
@78 approve (10,689)
@78 approve (10,119)
@78 approve (0,2477)
@78 approve (10,709)
@78 approve (3,57)
@78 approve (10,153)
@78 approve (11,3585)
@78 approve (4,519)
@78 approve (10,423)
@78 approve (10,1263)
@78 approve (10,2742)
@78 approve (3,1878)
@78 approve (4,2950)
@78 approve (10,4752)
@78 approve (4,4447)
@78 approve (10,3501)
@78 approve (10,970)
@78 approve (10,425)
@78 approve (10,2571)
@78 approve (10,3257)
@78 approve (1,382)
@78 approve (1,4544)
@78 approve (3,155)
@78 approve (3,2715)
@78 approve (10,290)
@78 approve (10,4840)
@78 approve (1,3550)
@78 approve (10,4837)
@78 approve (3,1736)
@78 approve (3,2209)
@78 approve (10,4897)
@78 approve (10,3623)
@78 approve (10,2375)
@78 approve (10,1935)
@78 approve (0,1890)
@78 approve (10,4714)
@79 acc_S (9)
@79 acc_S (1)
@79 acc_F (7)
@79 acc_F (6)
@79 mgr_S (9,4)
@79 mgr_S (6,5)
@79 mgr_F (8,4)
@79 mgr_F (7,3)
@79 publish (9,1211)
@79 approve (3,4301)
@79 publish (0,4301)
@79 publish (9,622)
@79 publish (2,655)
@79 publish (1,1362)
@79 approve (0,1917)
@79 publish (1,1917)
@79 publish (5,571)
@79 publish (1,2466)
@79 publish (9,823)
@79 publish (2,4102)
@79 publish (9,3531)
@79 publish (10,2893)
@79 publish (10,3190)
@79 publish (5,689)
@79 publish (2,1768)
@79 publish (2,1009)
@79 publish (9,2773)
@79 publish (0,119)
@79 publish (1,2477)
@79 publish (10,162)
@79 publish (2,2580)
@79 publish (5,629)
@79 approve (10,4298)
@79 publish (1,4298)
@79 publish (9,1090)
@79 publish (5,930)
@79 publish (0,709)
@79 approve (0,433)
@79 publish (2,433)
@79 publish (9,2173)
@79 approve (4,2715)
@79 publish (9,2715)
@79 publish (5,2812)
@79 publish (1,2581)
@79 publish (0,2780)
@79 publish (9,3436)
@79 publish (1,3532)
@79 publish (0,4282)
@79 publish (9,1309)
@79 publish (1,3256)
@79 publish (0,57)
@79 approve (2,145)
@79 publish (5,145)
@79 publish (2,153)
@79 publish (9,2927)
@79 publish (9,916)
@79 publish (2,174)
@79 publish (5,2828)
@79 publish (1,3734)
@79 publish (9,1416)
@79 publish (0,1125)
@79 publish (9,942)
@79 approve (10,3508)
@79 approve (10,3537)
@79 approve (10,261)
@79 approve (10,2420)
@79 approve (4,991)
@79 approve (10,3424)
@79 approve (4,3214)
@79 approve (10,3619)
@79 approve (11,2360)
@79 approve (10,959)
@79 approve (3,1082)
@79 approve (3,1106)
@79 approve (10,1703)
@79 approve (10,4160)
@79 approve (0,3007)
@79 approve (1,2159)
@79 approve (3,3315)
@79 approve (4,4898)
@79 approve (0,1326)
@79 approve (3,2238)
@79 approve (3,1170)
@79 approve (10,1716)
@79 approve (4,2662)
@79 approve (11,1757)
@79 approve (4,3886)
@79 approve (0,3045)
@79 approve (10,358)
@79 approve (10,3642)
@79 approve (10,1909)
@79 approve (10,3074)
@79 approve (3,4298)
@79 approve (10,4239)
@79 approve (11,3322)
@79 approve (10,3418)
@79 approve (10,4984)
@79 approve (0,2900)
@79 approve (10,3429)
@79 approve (3,203)
@79 approve (0,2920)
@79 approve (10,729)
@80 acc_S (5)
@80 acc_S (4)
@80 acc_F (8)
@80 acc_F (1)
@80 mgr_S (0,4)
@80 mgr_S (9,6)
@80 mgr_F (1,4)
@80 mgr_F (2,5)
@80 publish (4,1283)
@80 publish (9,1716)
@80 publish (0,3796)
@80 publish (2,1463)
@80 publish (4,1195)
@80 publish (2,3585)
@80 publish (4,3508)
@80 publish (4,3392)
@80 publish (4,4287)
@80 publish (4,4647)
@80 publish (0,949)
@80 approve (3,3938)
@80 publish (0,3938)
@80 publish (9,2489)
@80 approve (0,4384)
@80 publish (2,4384)
@80 publish (0,3507)
@80 publish (9,611)
@80 publish (9,519)
@80 publish (5,3354)
@80 publish (4,2405)
@80 publish (0,1474)
@80 approve (3,1383)
@80 publish (5,1383)
@80 publish (5,3028)
@80 publish (5,2902)
@80 publish (2,2767)
@80 publish (2,4630)
@80 publish (9,2316)
@80 publish (5,512)
@80 publish (5,1788)
@80 publish (4,3596)
@80 approve (3,3529)
@80 publish (0,3529)
@80 publish (5,1627)
@80 approve (3,1923)
@80 publish (0,1923)
@80 publish (2,959)
@80 publish (2,1439)
@80 publish (4,1588)
@80 publish (2,3755)
@80 publish (9,3537)
@80 publish (2,4692)
@80 publish (2,2427)
@80 publish (0,909)
@80 publish (5,261)
@80 publish (2,1422)
@80 approve (4,3929)
@80 publish (9,3929)
@80 publish (4,799)
@80 approve (3,4097)
@80 publish (5,4097)
@80 publish (4,423)
@80 publish (0,1683)
@80 publish (0,2420)
@80 approve (3,3961)
@80 approve (10,2238)
@80 approve (3,208)
@80 approve (0,2232)
@80 approve (0,3326)
@80 approve (10,221)
@80 approve (10,4602)
@80 approve (0,4862)
@80 approve (0,3647)
@80 approve (10,1604)
@80 approve (11,1005)
@80 approve (0,467)
@80 approve (4,204)
@80 approve (3,3568)
@80 approve (10,3227)
@80 approve (0,2268)
@80 approve (10,2366)
@80 approve (10,212)
@80 approve (0,2251)
@80 approve (0,2065)
@80 approve (0,2408)
@80 approve (0,4139)
@80 approve (10,4014)
@80 approve (10,2110)
@80 approve (10,977)
@80 approve (10,3705)
@80 approve (10,367)
@80 approve (10,762)
@80 approve (10,1727)
@80 approve (10,429)
@80 approve (0,2958)
@80 approve (4,804)
@80 approve (10,98)
@80 approve (10,800)
@80 approve (3,2391)
@80 approve (0,1232)
@80 approve (4,3356)
@80 approve (0,690)
@80 approve (3,4750)
@80 approve (10,4579)
@80 approve (0,2131)
@80 approve (0,4037)
@80 approve (10,4481)
@80 approve (0,3876)
@81 acc_S (0)
@81 acc_S (5)
@81 acc_F (8)
@81 acc_F (2)
@81 mgr_S (4,8)
@81 mgr_S (8,3)
@81 mgr_F (3,0)
@81 mgr_F (0,3)
@81 publish (0,3961)
@81 publish (9,2302)
@81 publish (9,4781)
@81 publish (4,2238)
@81 publish (9,285)
@81 publish (9,2901)
@81 publish (5,2187)
@81 publish (5,208)
@81 publish (9,3087)
@81 publish (0,584)
@81 publish (4,2232)
@81 publish (4,4832)
@81 publish (4,3326)
@81 publish (10,4676)
@81 publish (5,2627)
@81 publish (0,3677)
@81 publish (9,991)
@81 publish (5,491)
@81 publish (5,221)
@81 publish (9,3424)
@81 publish (9,1356)
@81 publish (9,3193)
@81 publish (0,1263)
@81 publish (9,2760)
@81 publish (5,2742)
@81 approve (3,718)
@81 publish (5,718)
@81 approve (7,4219)
@81 publish (0,4219)
@81 publish (9,2409)
@81 publish (9,3214)
@81 publish (9,4602)
@81 publish (0,1878)
@81 approve (10,1855)
@81 publish (5,1855)
@81 publish (5,422)
@81 publish (0,1631)
@81 publish (5,4883)
@81 publish (4,2123)
@81 approve (3,1808)
@81 publish (5,1808)
@81 publish (9,2950)
@81 publish (4,597)
@81 publish (0,3619)
@81 publish (0,2309)
@81 publish (9,3417)
@81 approve (10,4289)
@81 approve (7,2514)
@81 approve (3,1198)
@81 approve (0,1456)
@81 approve (10,137)
@81 approve (0,4298)
@81 approve (10,4046)
@81 approve (3,3355)
@81 approve (7,3647)
@81 approve (7,2192)
@81 approve (0,3856)
@81 approve (10,4047)
@81 approve (10,3999)
@81 approve (10,2639)
@81 approve (4,265)
@81 approve (11,1889)
@81 approve (10,907)
@81 approve (7,236)
@81 approve (7,655)
@81 approve (11,1829)
@81 approve (10,3854)
@81 approve (0,3373)
@81 approve (10,4828)
@81 approve (4,453)
@81 approve (7,2918)
@81 approve (4,1590)
@81 approve (7,2126)
@81 approve (10,3245)
@81 approve (10,2809)
@81 approve (0,730)
@81 approve (0,4351)
@81 approve (10,1424)
@81 approve (10,4311)
@81 approve (10,2993)
@81 approve (10,1651)
@81 approve (10,3295)
@82 acc_S (7)
@82 acc_S (0)
@82 acc_F (1)
@82 acc_F (2)
@82 mgr_S (1,8)
@82 mgr_S (0,4)
@82 mgr_F (5,0)
@82 mgr_F (7,5)
@82 publish (9,2360)
@82 publish (0,4752)
@82 publish (7,417)
@82 publish (4,4465)
@82 publish (7,349)
@82 publish (9,2213)
@82 publish (0,1281)
@82 publish (7,2702)
@82 publish (7,959)
@82 publish (9,4289)
@82 publish (0,1082)
@82 publish (5,579)
@82 publish (0,13)
@82 publish (9,1740)
@82 publish (4,3105)
@82 publish (7,1036)
@82 publish (9,4447)
@82 approve (0,1398)
@82 publish (4,1398)
@82 publish (7,212)
@82 approve (3,3295)
@82 publish (5,3295)
@82 publish (0,1106)
@82 publish (10,768)
@82 publish (5,3794)
@82 publish (0,2514)
@82 publish (9,951)
@82 publish (4,3550)
@82 publish (0,4722)
@82 publish (5,1198)
@82 publish (9,672)
@82 publish (4,2245)
@82 publish (4,2504)
@82 approve (7,4133)
@82 publish (0,4133)
@82 publish (4,1456)
@82 publish (0,1831)
@82 publish (5,1703)
@82 publish (5,3601)
@82 approve (0,4881)
@82 publish (4,4881)
@82 publish (5,3436)
@82 publish (5,3501)
@82 publish (4,4862)
@82 publish (7,3049)
@82 approve (4,3068)
@82 publish (9,3068)
@82 publish (9,172)
@82 publish (4,1764)
@82 publish (4,3647)
@82 publish (7,1276)
@82 approve (8,3193)
@82 approve (4,408)
@82 approve (10,4501)
@82 approve (10,3249)
@82 approve (10,22)
@82 approve (10,2656)
@82 approve (10,22)
@82 approve (10,1161)
@82 approve (10,4831)
@82 approve (0,801)
@82 approve (7,2920)
@82 approve (0,1193)
@82 approve (0,2045)
@82 approve (0,3902)
@82 approve (10,4627)
@82 approve (0,927)
@82 approve (10,471)
@82 approve (10,3566)
@82 approve (10,2086)
@82 approve (10,3929)
@82 approve (10,2606)
@82 approve (10,1675)
@82 approve (0,1883)
@82 approve (7,4449)
@82 approve (10,987)
@82 approve (10,877)
@82 approve (10,3677)
@82 approve (10,408)
@82 approve (10,2562)
@82 approve (10,460)
@82 approve (10,1768)
@82 approve (10,3286)
@82 approve (7,3733)
@83 acc_S (9)
@83 acc_S (3)
@83 acc_F (6)
@83 acc_F (5)
@83 mgr_S (5,1)
@83 mgr_S (7,4)
@83 mgr_F (2,1)
@83 mgr_F (6,2)
@83 approve (10,3667)
@83 publish (0,3667)
@83 publish (4,397)
@83 publish (7,137)
@83 publish (3,3193)
@83 publish (7,2578)
@83 publish (4,4160)
@83 publish (9,408)
@83 publish (7,4424)
@83 publish (3,3007)
@83 publish (10,2159)
@83 publish (0,1604)
@83 publish (7,3315)
@83 publish (4,4298)
@83 publish (4,1005)
@83 publish (10,4501)
@83 publish (9,4898)
@83 publish (0,3249)
@83 publish (4,3213)
@83 publish (9,22)
@83 publish (10,615)
@83 publish (3,970)
@83 publish (3,467)
@83 publish (3,425)
@83 publish (9,3398)
@83 publish (0,2383)
@83 publish (0,2571)
@83 publish (4,2137)
@83 publish (0,3743)
@83 publish (7,1746)
@83 publish (9,204)
@83 approve (10,4533)
@83 publish (0,4533)
@83 publish (3,2350)
@83 publish (9,4046)
@83 publish (7,2656)
@83 publish (0,3568)
@83 publish (7,3227)
@83 publish (9,543)
@83 publish (7,22)
@83 publish (7,3257)
@83 publish (7,3743)
@83 publish (4,2268)
@83 publish (4,382)
@83 publish (3,1326)
@83 publish (9,2733)
@83 publish (9,1191)
@83 publish (9,2218)
@83 approve (0,2332)
@83 approve (7,2494)
@83 approve (10,4333)
@83 approve (10,3132)
@83 approve (3,2030)
@83 approve (4,1322)
@83 approve (10,110)
@83 approve (4,4923)
@83 approve (10,2285)
@83 approve (10,2342)
@83 approve (10,1398)
@83 approve (7,2603)
@83 approve (7,1299)
@83 approve (7,3042)
@83 approve (0,4968)
@83 approve (4,4472)
@83 approve (10,547)
@83 approve (10,500)
@83 approve (10,2316)
@83 approve (10,1854)
@83 approve (0,1315)
@83 approve (7,3984)
@83 approve (10,3054)
@83 approve (7,3789)
@83 approve (10,3471)
@83 approve (10,4173)
@83 approve (10,4388)
@83 approve (0,1705)
@83 approve (10,1215)
@83 approve (7,2676)
@83 approve (7,1974)
@83 approve (10,740)
@83 approve (0,2461)
@83 approve (0,362)
@83 approve (10,3228)
@83 approve (0,507)
@83 approve (0,2588)
@84 acc_S (9)
@84 acc_S (6)
@84 acc_F (3)
@84 acc_F (6)
@84 mgr_S (6,0)
@84 mgr_S (8,8)
@84 mgr_F (9,1)
@84 mgr_F (2,1)
@84 publish (7,1161)
@84 publish (7,3355)
@84 approve (6,2456)
@84 publish (0,2456)
@84 publish (0,3647)
@84 approve (0,523)
@84 publish (4,523)
@84 publish (9,3095)
@84 publish (7,1944)
@84 publish (10,1767)
@84 publish (4,4544)
@84 publish (7,4028)
@84 publish (7,3140)
@84 publish (4,4923)
@84 publish (4,3372)
@84 publish (7,1043)
@84 publish (9,396)
@84 publish (10,2332)
@84 publish (9,735)
@84 publish (4,2415)
@84 approve (4,41)
@84 publish (9,41)
@84 publish (0,2494)
@84 publish (0,2238)
@84 publish (7,155)
@84 publish (0,2377)
@84 publish (10,2715)
@84 approve (10,4119)
@84 publish (9,4119)
@84 publish (7,4371)
@84 publish (7,290)
@84 publish (7,1643)
@84 publish (9,2366)
@84 publish (4,4907)
@84 approve (4,1905)
@84 publish (9,1905)
@84 publish (9,481)
@84 publish (4,4333)
@84 publish (0,2192)
@84 publish (0,3786)
@84 publish (9,2406)
@84 publish (4,4836)
@84 publish (9,3132)
@84 publish (4,212)
@84 publish (7,1170)
@84 publish (9,4514)
@84 publish (7,3987)
@84 publish (7,2030)
@84 publish (0,1127)
@84 publish (4,2251)
@84 approve (10,4382)
@84 approve (10,199)
@84 approve (6,3310)
@84 approve (0,3217)
@84 approve (0,2146)
@84 approve (6,308)
@84 approve (6,2313)
@84 approve (11,1771)
@84 approve (6,3267)
@84 approve (10,2230)
@84 approve (6,1130)
@84 approve (4,1041)
@84 approve (10,3257)
@84 approve (10,4464)
@84 approve (10,184)
@84 approve (10,3318)
@84 approve (10,1392)
@84 approve (6,3041)
@84 approve (10,3763)
@84 approve (6,723)
@84 approve (0,4592)
@84 approve (10,4554)
@84 approve (0,4785)
@84 approve (10,4330)
@84 approve (0,4580)
@84 approve (6,1812)
@84 approve (10,2762)
@84 approve (11,3691)
@84 approve (0,3379)
@85 acc_S (0)
@85 acc_S (7)
@85 acc_F (8)
@85 acc_F (7)
@85 mgr_S (4,0)
@85 mgr_S (8,2)
@85 mgr_F (0,8)
@85 mgr_F (0,5)
@85 publish (9,4840)
@85 approve (10,4294)
@85 publish (4,4294)
@85 approve (4,2722)
@85 publish (9,2722)
@85 publish (4,3439)
@85 publish (9,3611)
@85 publish (0,750)
@85 publish (9,1322)
@85 publish (4,4382)
@85 publish (4,4831)
@85 publish (9,199)
@85 publish (0,3310)
@85 publish (9,110)
@85 publish (4,3856)
@85 publish (9,3345)
@85 publish (10,2241)
@85 publish (9,4923)
@85 publish (4,1716)
@85 publish (4,2065)
@85 publish (9,2285)
@85 publish (0,4047)
@85 publish (9,2662)
@85 publish (9,3999)
@85 publish (9,2639)
@85 publish (0,2342)
@85 publish (9,4213)
@85 publish (4,1398)
@85 publish (0,750)
@85 publish (0,1466)
@85 publish (4,3550)
@85 publish (0,2603)
@85 publish (9,3903)
@85 publish (4,801)
@85 publish (0,4507)
@85 publish (0,4068)
@85 publish (9,265)
@85 publish (0,1548)
@85 publish (4,3968)
@85 publish (9,3046)
@85 publish (0,4345)
@85 publish (0,1757)
@85 publish (9,3886)
@85 publish (4,2408)
@85 approve (4,4576)
@85 approve (10,4618)
@85 approve (1,3668)
@85 approve (4,294)
@85 approve (10,4988)
@85 approve (10,1726)
@85 approve (10,808)
@85 approve (4,3513)
@85 approve (1,4598)
@85 approve (10,3341)
@85 approve (1,2058)
@85 approve (10,2439)
@85 approve (10,1137)
@85 approve (10,4265)
@85 approve (10,3717)
@85 approve (4,2186)
@85 approve (10,3856)
@85 approve (10,924)
@85 approve (10,2245)
@85 approve (0,3967)
@85 approve (11,2650)
@85 approve (10,4409)
@85 approve (4,2235)
@85 approve (10,412)
@85 approve (10,1694)
@85 approve (0,4758)
@86 acc_S (2)
@86 acc_S (9)
@86 acc_F (1)
@86 acc_F (4)
@86 mgr_S (0,6)
@86 mgr_S (5,0)
@86 mgr_F (1,7)
@86 mgr_F (6,5)
@86 publish (9,4576)
@86 publish (9,1889)
@86 approve (10,4105)
@86 publish (2,4105)
@86 publish (0,2920)
@86 publish (0,4837)
@86 publish (2,4139)
@86 publish (2,1916)
@86 publish (2,3045)
@86 publish (2,358)
@86 publish (9,907)
@86 publish (2,3217)
@86 publish (0,1299)
@86 approve (10,750)
@86 publish (0,750)
@86 publish (0,814)
@86 publish (2,4014)
@86 publish (0,3642)
@86 publish (0,236)
@86 publish (2,1193)
@86 approve (10,555)
@86 publish (0,555)
@86 publish (9,2110)
@86 publish (9,4618)
@86 publish (2,2146)
@86 publish (9,977)
@86 publish (2,2673)
@86 approve (4,494)
@86 publish (0,494)
@86 publish (0,3705)
@86 approve (4,3666)
@86 publish (9,3666)
@86 publish (9,548)
@86 publish (0,308)
@86 publish (2,3293)
@86 publish (0,3042)
@86 publish (0,367)
@86 publish (0,762)
@86 publish (2,2736)
@86 publish (9,1727)
@86 publish (9,1909)
@86 approve (10,168)
@86 publish (9,168)
@86 publish (9,3616)
@86 publish (0,655)
@86 publish (0,770)
@86 publish (0,1736)
@86 publish (0,2209)
@86 publish (9,1815)
@86 publish (9,3074)
@86 publish (2,1829)
@86 approve (4,3956)
@86 approve (10,1721)
@86 approve (4,2748)
@86 approve (10,2268)
@86 approve (10,4165)
@86 approve (10,4401)
@86 approve (4,933)
@86 approve (0,4683)
@86 approve (0,1192)
@86 approve (0,2699)
@86 approve (10,241)
@86 approve (4,758)
@86 approve (4,4119)
@86 approve (10,857)
@86 approve (0,4591)
@86 approve (10,1916)
@87 acc_S (7)
@87 acc_S (8)
@87 acc_F (7)
@87 acc_F (7)
@87 mgr_S (4,8)
@87 mgr_S (8,0)
@87 mgr_F (6,1)
@87 mgr_F (3,7)
@87 approve (10,26)
@87 publish (9,26)
@87 approve (10,2934)
@87 publish (0,2934)
@87 publish (9,4897)
@87 publish (0,3956)
@87 publish (9,429)
@87 publish (0,4298)
@87 publish (8,4968)
@87 publish (9,1721)
@87 approve (10,1712)
@87 publish (0,1712)
@87 publish (10,2748)
@87 publish (0,1598)
@87 publish (0,3623)
@87 publish (10,3809)
@87 publish (9,4472)
@87 publish (8,4239)
@87 publish (8,3668)
@87 publish (0,2313)
@87 publish (8,2375)
@87 publish (9,1919)
@87 publish (9,294)
@87 publish (8,1024)
@87 publish (2,3854)
@87 publish (2,856)
@87 publish (2,2045)
@87 publish (8,3902)
@87 publish (0,4627)
@87 publish (9,4988)
@87 publish (8,1726)
@87 publish (9,547)
@87 approve (4,2404)
@87 publish (0,2404)
@87 publish (9,3322)
@87 publish (9,808)
@87 publish (2,1771)
@87 publish (10,927)
@87 publish (2,2268)
@87 publish (8,3373)
@87 publish (0,500)
@87 publish (0,3267)
@87 publish (9,4828)
@87 publish (2,2230)
@87 approve (4,2758)
@87 publish (0,2758)
@87 publish (2,3252)
@87 publish (0,3513)
@87 publish (0,4165)
@87 publish (8,4598)
@87 publish (2,2958)
@87 approve (4,1620)
@87 approve (10,2495)
@87 approve (4,940)
@87 approve (0,3462)
@87 approve (0,1666)
@87 approve (10,4822)
@87 approve (10,1733)
@87 approve (0,4082)
@87 approve (0,1042)
@87 approve (10,3336)
@87 approve (4,2688)
@87 approve (4,3800)
@87 approve (10,3381)
@87 approve (10,1800)
@87 approve (10,1796)
@87 approve (10,2910)
@87 approve (10,4849)
@88 acc_S (6)
@88 acc_S (2)
@88 acc_F (7)
@88 acc_F (6)
@88 mgr_S (8,4)
@88 mgr_S (3,3)
@88 mgr_F (5,8)
@88 mgr_F (3,0)
@88 publish (0,1620)
@88 publish (9,453)
@88 publish (0,1130)
@88 approve (0,2348)
@88 publish (2,2348)
@88 approve (10,1332)
@88 publish (2,1332)
@88 publish (9,804)
@88 publish (9,2495)
@88 publish (10,2918)
@88 publish (2,1935)
@88 publish (2,3341)
@88 publish (9,1041)
@88 publish (9,1590)
@88 publish (10,1890)
@88 publish (2,98)
@88 publish (9,800)
@88 publish (0,4401)
@88 publish (0,2126)
@88 publish (2,4714)
@88 publish (8,3418)
@88 publish (0,471)
@88 publish (9,940)
@88 publish (9,2316)
@88 approve (4,3885)
@88 publish (0,3885)
@88 publish (0,4984)
@88 publish (8,2058)
@88 publish (2,2439)
@88 approve (10,4752)
@88 publish (9,4752)
@88 publish (2,3566)
@88 publish (8,3257)
@88 publish (2,2086)
@88 publish (2,1854)
@88 publish (0,2391)
@88 publish (8,3245)
@88 publish (2,2492)
@88 publish (2,1137)
@88 publish (0,4431)
@88 publish (2,1232)
@88 publish (9,2809)
@88 publish (2,3462)
@88 approve (10,1997)
@88 publish (0,1997)
@88 publish (9,4464)
@88 publish (8,1315)
@88 publish (9,3356)
@88 publish (0,184)
@88 publish (2,730)
@88 approve (10,3190)
@88 approve (10,48)
@88 approve (10,3546)
@88 approve (10,1594)
@88 approve (10,4436)
@88 approve (4,1795)
@88 approve (10,1445)
@88 approve (10,3506)
@88 approve (0,3859)
@88 approve (10,464)
@89 acc_S (9)
@89 acc_S (9)
@89 acc_F (9)
@89 acc_F (8)
@89 mgr_S (9,0)
@89 mgr_S (9,9)
@89 mgr_F (8,6)
@89 mgr_F (4,2)
@89 publish (0,3318)
@89 approve (4,1056)
@89 publish (0,1056)
@89 publish (2,3929)
@89 publish (0,3984)
@89 publish (0,2606)
@89 publish (2,1666)
@89 publish (2,4351)
@89 publish (0,933)
@89 publish (0,3190)
@89 publish (0,1424)
@89 publish (2,3054)
@89 approve (4,1591)
@89 publish (0,1591)
@89 publish (2,1392)
@89 publish (2,4822)
@89 publish (2,4265)
@89 publish (0,1185)
@89 publish (2,3717)
@89 publish (0,4311)
@89 publish (0,3041)
@89 publish (0,3398)
@89 publish (0,2186)
@89 publish (2,3856)
@89 publish (0,3789)
@89 publish (0,1675)
@89 publish (2,690)
@89 publish (2,2900)
@89 publish (0,3471)
@89 publish (2,1883)
@89 publish (0,4750)
@89 publish (2,4683)
@89 publish (2,3763)
@89 publish (0,723)
@89 publish (2,3429)
@89 publish (0,4449)
@89 publish (2,4592)
@89 publish (0,987)
@89 publish (0,1733)
@89 publish (0,4554)
@89 publish (0,4579)
@89 publish (0,203)
@89 publish (0,48)
@89 publish (0,4173)
@89 publish (0,4388)
@89 approve (0,557)
@89 approve (10,1104)
@89 approve (0,601)
@89 approve (4,652)
@89 approve (10,1448)
@90 acc_S (1)
@90 acc_S (1)
@90 acc_F (3)
@90 acc_F (2)
@90 mgr_S (4,1)
@90 mgr_S (1,7)
@90 mgr_F (7,8)
@90 mgr_F (0,0)
@90 publish (1,2993)
@90 approve (10,3579)
@90 publish (0,3579)
@90 publish (1,2920)
@90 publish (1,924)
@90 publish (1,2131)
@90 publish (1,557)
@90 publish (0,4075)
@90 publish (1,1192)
@90 publish (1,2699)
@90 publish (0,3546)
@90 publish (1,4785)
@90 publish (0,2245)
@90 publish (0,241)
@90 publish (0,1594)
@90 publish (0,4436)
@90 approve (10,3280)
@90 publish (0,3280)
@90 publish (1,4037)
@90 publish (1,3967)
@90 publish (0,877)
@90 publish (0,2650)
@90 publish (1,3677)
@90 publish (1,1705)
@90 publish (0,4481)
@90 publish (1,4082)
@90 approve (10,3330)
@90 publish (1,3330)
@90 publish (1,1215)
@90 publish (0,2676)
@90 publish (0,1974)
@90 publish (1,1042)
@90 publish (1,4409)
@90 publish (0,2235)
@90 approve (10,4172)
@90 publish (1,4172)
@90 publish (0,408)
@90 publish (1,3876)
@90 publish (0,729)
@90 approve (10,3923)
@90 publish (1,3923)
@90 approve (10,3497)
@90 publish (0,3497)
@90 publish (0,740)
@90 publish (1,3336)
@90 publish (0,1795)
@90 publish (0,2688)
@90 publish (1,4330)
@90 publish (1,4580)
@90 publish (1,2461)
@90 publish (1,1651)
@90 publish (0,758)
@90 publish (0,4119)
@90 approve (1,1314)
@90 approve (10,4622)
@90 approve (10,2790)
@90 approve (10,1841)
@90 approve (4,427)
@90 approve (10,3438)
@91 acc_S (0)
@91 acc_S (8)
@91 acc_F (5)
@91 acc_F (9)
@91 mgr_S (4,6)
@91 mgr_S (4,9)
@91 mgr_F (3,5)
@91 mgr_F (6,9)
@91 publish (8,857)
@91 publish (8,2562)
@91 publish (0,3800)
@91 publish (8,1314)
@91 publish (1,4622)
@91 publish (10,1445)
@91 publish (0,3295)
@91 publish (8,3506)
@91 publish (0,1812)
@91 publish (1,3381)
@91 publish (8,3340)
@91 publish (1,2790)
@91 publish (8,362)
@91 publish (1,460)
@91 publish (1,3411)
@91 publish (0,1768)
@91 publish (0,2762)
@91 publish (1,412)
@91 approve (1,1707)
@91 publish (8,1707)
@91 publish (8,3228)
@91 publish (1,3859)
@91 publish (0,3286)
@91 publish (8,507)
@91 publish (0,1694)
@91 publish (1,1800)
@91 publish (1,1104)
@91 publish (1,4591)
@91 publish (1,2588)
@91 publish (0,1796)
@91 publish (1,601)
@91 publish (1,1841)
@91 approve (0,2687)
@91 publish (1,2687)
@91 publish (1,3691)
@91 publish (1,4758)
@91 publish (1,464)
@91 publish (0,427)
@91 publish (1,2910)
@91 approve (10,4341)
@91 publish (8,4341)
@91 publish (0,4849)
@91 publish (0,652)
@91 publish (1,3379)
@91 publish (1,1448)
@91 publish (0,3733)
@91 publish (1,3438)
@91 publish (0,1916)
@92 acc_S (7)
@92 acc_S (2)
@92 acc_F (4)
@92 acc_F (9)
@92 mgr_S (0,3)
@92 mgr_S (0,2)
@92 mgr_F (7,8)
@92 mgr_F (4,7)
