@50 publish (6,290)
@50 publish (6,4102)
@50 approve (10,4348)
@50 publish (3,4348)
@50 publish (1,926)
@50 publish (6,3514)
@50 publish (8,1424)
@50 publish (6,928)
@50 approve (10,106)
@50 publish (1,106)
@50 publish (3,3804)
@50 publish (1,2142)
@50 publish (6,2204)
@50 publish (10,4860)
@50 publish (8,60)
@50 publish (8,460)
@50 publish (8,634)
@50 publish (1,3092)
@50 publish (3,3760)
@50 publish (3,394)
@50 publish (8,1024)
@50 approve (0,1830)
@50 approve (10,4924)
@50 approve (10,898)
@50 approve (10,3694)
@50 approve (0,2394)
@50 approve (10,2442)
@50 approve (3,4990)
@50 approve (10,1204)
@50 approve (0,3130)
@50 approve (10,1984)
@50 approve (0,3408)
@50 approve (3,192)
@50 approve (3,488)
@50 approve (10,2536)
@50 approve (0,1248)
@50 approve (1,2432)
@50 approve (0,1820)
@50 approve (3,4720)
@50 approve (0,4582)
@50 approve (10,2282)
@50 approve (3,3574)
@50 approve (0,4742)
@51 acc_S (5)
@51 acc_S (4)
@51 acc_F (3)
@51 acc_F (0)
@51 mgr_S (8,3)
@51 mgr_S (5,9)
@51 mgr_F (1,9)
@51 mgr_F (0,4)
@51 publish (5,1840)
@51 publish (6,4028)
@51 publish (5,864)
@51 publish (4,1512)
@51 publish (6,2428)
@51 publish (6,578)
@51 publish (5,1338)
@51 publish (8,1764)
@51 publish (8,3762)
@51 publish (5,4486)
@51 publish (4,4516)
@51 publish (8,3122)
@51 publish (1,4472)
@51 publish (6,1150)
@51 publish (4,2434)
@51 approve (1,4626)
@51 approve (1,2988)
@51 approve (10,2082)
@51 approve (3,1806)
@51 approve (0,2268)
@51 approve (0,3820)
@51 approve (1,2332)
@51 approve (10,1956)
@51 approve (0,1786)
@51 approve (0,4352)
@51 approve (10,3660)
@51 approve (10,4722)
@51 approve (10,2324)
@51 approve (3,1120)
@51 approve (0,4434)
@51 approve (3,406)
@51 approve (10,3322)
@51 approve (10,2218)
@51 approve (0,504)
@52 acc_S (9)
@52 acc_S (9)
@52 acc_F (3)
@52 acc_F (7)
@52 mgr_S (0,3)
@52 mgr_S (2,3)
@52 mgr_F (8,4)
@52 mgr_F (6,4)
@52 publish (6,4900)
@52 publish (4,4626)
@52 publish (4,1830)
@52 publish (6,1126)
@52 publish (5,2988)
@52 publish (6,782)
@52 publish (10,3336)
@52 publish (4,956)
@52 publish (5,4924)
@52 approve (10,938)
@52 publish (10,938)
@52 publish (1,528)
@52 publish (4,898)
@52 publish (8,2658)
@52 publish (1,3932)
@52 publish (9,1530)
@52 publish (1,4206)
@52 approve (3,1218)
@52 approve (0,2930)
@52 approve (10,4258)
@52 approve (3,4552)
@52 approve (10,4902)
@52 approve (3,4956)
@52 approve (10,728)
@52 approve (10,2108)
@52 approve (10,288)
@52 approve (10,2212)
@52 approve (10,3340)
@52 approve (0,4184)
@52 approve (0,4682)
@52 approve (3,2036)
@52 approve (0,4324)
@52 approve (10,2042)
@52 approve (0,1026)
@52 approve (3,1010)
@52 approve (3,4022)
@52 approve (10,2738)
@52 approve (10,2684)
@52 approve (10,728)
@52 approve (10,854)
@52 approve (0,3912)
@52 approve (0,2584)
@52 approve (10,3730)
@53 acc_S (9)
@53 acc_S (3)
@53 acc_F (2)
@53 acc_F (3)
@53 mgr_S (8,3)
@53 mgr_S (3,9)
@53 mgr_F (7,6)
@53 mgr_F (7,8)
@53 approve (3,4154)
@53 publish (9,4154)
@53 approve (3,140)
@53 publish (9,140)
@53 publish (4,1602)
@53 publish (9,2538)
@53 publish (4,3090)
@53 publish (8,3694)
@53 publish (6,2082)
@53 publish (1,1218)
@53 publish (5,2874)
@53 publish (6,2930)
@53 publish (9,4258)
@53 publish (8,1608)
@53 publish (9,1968)
@53 publish (9,3942)
@53 publish (6,1762)
@53 publish (1,2126)
@53 publish (1,1806)
@53 publish (8,4388)
@53 publish (9,2512)
@53 publish (1,4552)
@53 publish (1,3434)
@53 approve (0,346)
@53 approve (10,1112)
@53 approve (10,294)
@53 approve (10,2898)
@53 approve (10,3812)
@53 approve (0,4352)
@53 approve (10,4850)
@53 approve (0,2708)
@53 approve (0,2392)
@53 approve (10,770)
@53 approve (10,1152)
@53 approve (10,318)
@53 approve (10,1302)
@53 approve (3,2506)
@53 approve (0,4142)
@53 approve (11,3080)
@53 approve (10,3230)
@53 approve (1,882)
@53 approve (1,3372)
@53 approve (10,3784)
@53 approve (10,4932)
@53 approve (10,1958)
@53 approve (0,714)
@53 approve (10,1554)
@53 approve (0,3424)
@53 approve (3,2802)
@54 acc_S (2)
@54 acc_S (9)
@54 acc_F (7)
@54 acc_F (2)
@54 mgr_S (7,3)
@54 mgr_S (4,2)
@54 mgr_F (8,7)
@54 mgr_F (0,9)
@54 publish (9,2336)
@54 publish (9,620)
@54 publish (9,674)
@54 publish (4,2394)
@54 publish (8,352)
@54 publish (9,3440)
@54 publish (9,2216)
@54 publish (4,4902)
@54 publish (8,346)
@54 publish (1,1776)
@54 publish (9,58)
@54 publish (4,2442)
@54 publish (4,1112)
@54 publish (8,3626)
@54 publish (9,1754)
@54 publish (8,2362)
@54 publish (4,1616)
@54 publish (5,954)
@54 publish (9,4990)
@54 publish (4,2276)
@54 publish (9,294)
@54 publish (1,3484)
@54 publish (4,2244)
@54 publish (8,2268)
@54 approve (0,2576)
@54 approve (10,1568)
@54 approve (0,1360)
@54 approve (10,1310)
@54 approve (1,2862)
@54 approve (0,944)
@54 approve (0,1462)
@54 approve (10,1438)
@54 approve (0,1282)
@54 approve (3,3912)
@54 approve (10,1778)
@54 approve (0,4866)
@55 acc_S (8)
@55 acc_S (0)
@55 acc_F (3)
@55 acc_F (7)
@55 mgr_S (7,8)
@55 mgr_S (5,8)
@55 mgr_F (2,3)
@55 mgr_F (1,8)
@55 publish (1,4956)
@55 publish (9,4614)
@55 publish (0,3820)
@55 publish (6,62)
@55 publish (8,1204)
@55 publish (8,214)
@55 publish (5,2332)
@55 publish (6,934)
@55 publish (0,2898)
@55 publish (1,2888)
@55 publish (0,3812)
@55 publish (4,2688)
@55 publish (4,3130)
@55 publish (8,2576)
@55 publish (8,3002)
@55 publish (0,728)
@55 publish (8,1408)
@55 approve (11,4342)
@55 publish (5,4342)
@55 publish (4,2108)
@55 approve (10,2518)
@55 publish (10,2518)
@55 publish (1,288)
@55 publish (1,2498)
@55 publish (9,60)
@55 publish (5,1956)
@55 publish (0,1210)
@55 publish (6,1786)
@55 publish (4,1568)
@55 publish (6,4352)
@55 approve (10,4572)
@55 approve (10,2408)
@55 approve (10,1518)
@55 approve (0,570)
@55 approve (1,3058)
@55 approve (10,2390)
@55 approve (3,1296)
@55 approve (1,1544)
@55 approve (10,2558)
@55 approve (10,3936)
@55 approve (0,1996)
@55 approve (0,4144)
@55 approve (10,1004)
@55 approve (0,2050)
@55 approve (10,3538)
@55 approve (10,4366)
@55 approve (10,3366)
@55 approve (10,3122)
@55 approve (3,2650)
@55 approve (10,1592)
@55 approve (0,4140)
@56 acc_S (8)
@56 acc_S (4)
@56 acc_F (7)
@56 acc_F (8)
@56 mgr_S (4,9)
@56 mgr_S (1,4)
@56 mgr_F (7,0)
@56 mgr_F (9,8)
@56 publish (6,490)
@56 publish (9,3474)
@56 publish (6,2798)
@56 approve (1,2952)
@56 publish (4,2952)
@56 publish (6,4850)
@56 publish (6,1984)
@56 publish (0,2212)
@56 publish (6,3408)
@56 publish (4,4572)
@56 publish (10,1360)
@56 publish (9,3340)
@56 publish (6,4352)
@56 publish (0,3984)
@56 publish (10,4462)
@56 publish (4,1226)
@56 publish (6,4804)
@56 publish (6,2708)
@56 publish (5,1310)
@56 publish (0,4184)
@56 publish (1,2380)
@56 publish (5,2982)
@56 publish (5,1666)
@56 publish (9,4574)
@56 approve (10,1112)
@56 approve (10,4774)
@56 approve (10,2534)
@56 approve (1,294)
@56 approve (3,1142)
@56 approve (10,978)
@56 approve (3,1000)
@56 approve (10,3710)
@56 approve (0,1538)
@56 approve (0,1792)
@56 approve (3,4488)
@56 approve (0,3294)
@56 approve (10,4908)
@56 approve (0,4582)
@56 approve (0,1650)
@56 approve (10,2420)
@56 approve (1,1842)
@56 approve (0,1934)
@56 approve (10,468)
@56 approve (1,1416)
@56 approve (3,3304)
@56 approve (10,1922)
@56 approve (10,4534)
@57 acc_S (2)
@57 acc_S (3)
@57 acc_F (8)
@57 acc_F (7)
@57 mgr_S (7,0)
@57 mgr_S (1,6)
@57 mgr_F (1,5)
@57 mgr_F (0,0)
@57 publish (3,3588)
@57 publish (1,2436)
@57 publish (2,2392)
@57 publish (2,4682)
@57 publish (2,1112)
@57 publish (9,2036)
@57 publish (9,192)
@57 publish (5,2862)
@57 publish (3,1134)
@57 publish (5,4774)
@57 publish (5,3660)
@57 publish (9,488)
@57 publish (2,2408)
@57 publish (2,1518)
@57 publish (6,680)
@57 publish (5,4000)
@57 publish (5,2536)
@57 publish (4,2460)
@57 publish (2,4324)
@57 publish (5,4720)
@57 publish (1,2604)
@57 publish (0,2192)
@57 approve (0,4008)
@57 publish (6,4008)
@57 publish (1,4160)
@57 publish (6,2534)
@57 publish (0,570)
@57 approve (10,4514)
@57 approve (10,286)
@57 approve (10,100)
@57 approve (3,1598)
@57 approve (3,2978)
@57 approve (0,1160)
@57 approve (10,1474)
@57 approve (10,176)
@57 approve (10,3070)
@57 approve (1,3994)
@57 approve (1,1020)
@57 approve (3,164)
@57 approve (10,1556)
@57 approve (10,1798)
@57 approve (3,2872)
@57 approve (2,2950)
@57 approve (10,2568)
@57 approve (10,3540)
@57 approve (10,3890)
@58 acc_S (6)
@58 acc_S (8)
@58 acc_F (2)
@58 acc_F (0)
@58 mgr_S (5,6)
@58 mgr_S (7,9)
@58 mgr_F (7,3)
@58 mgr_F (1,0)
@58 publish (4,232)
@58 publish (4,3054)
@58 approve (10,1786)
@58 publish (6,1786)
@58 publish (8,770)
@58 publish (1,2042)
@58 publish (9,4126)
@58 publish (5,4692)
@58 publish (9,2820)
@58 publish (6,1248)
@58 publish (3,944)
@58 publish (1,4514)
@58 publish (3,1026)
@58 publish (5,3058)
@58 publish (8,1462)
@58 approve (10,1774)
@58 publish (3,1774)
@58 publish (6,1152)
@58 publish (1,246)
@58 publish (5,2432)
@58 publish (1,286)
@58 publish (1,318)
@58 publish (4,1302)
@58 publish (5,100)
@58 publish (1,2506)
@58 publish (5,294)
@58 publish (4,912)
@58 publish (1,1598)
@58 publish (6,1820)
@58 publish (1,3976)
@58 approve (11,4162)
@58 approve (10,564)
@58 approve (3,1402)
@58 approve (0,3850)
@58 approve (3,1228)
@58 approve (0,4492)
@58 approve (10,3812)
@58 approve (10,1974)
@58 approve (0,262)
@58 approve (0,2524)
@58 approve (0,1386)
@58 approve (1,1182)
@58 approve (10,3460)
@58 approve (0,3378)
@58 approve (10,62)
@58 approve (3,2390)
@58 approve (10,1216)
@59 acc_S (4)
@59 acc_S (7)
@59 acc_F (5)
@59 acc_F (3)
@59 mgr_S (7,1)
@59 mgr_S (8,7)
@59 mgr_F (9,0)
@59 mgr_F (8,1)
@59 publish (7,2978)
@59 publish (10,2390)
@59 publish (1,1142)
@59 approve (0,1764)
@59 publish (6,1764)
@59 publish (9,978)
@59 publish (1,3446)
@59 approve (3,258)
@59 publish (7,258)
@59 publish (8,4142)
@59 publish (10,1010)
@59 publish (1,4720)
@59 publish (9,4022)
@59 publish (6,4162)
@59 publish (1,2738)
@59 publish (1,4592)
@59 publish (1,2684)
@59 publish (4,4722)
@59 publish (1,1296)
@59 approve (10,722)
@59 publish (6,722)
@59 publish (1,1438)
@59 publish (7,1000)
@59 publish (4,4204)
@59 approve (3,1676)
@59 approve (3,3476)
@59 approve (10,3686)
@59 approve (10,4354)
@59 approve (3,3680)
@59 approve (10,1872)
@59 approve (10,4172)
@59 approve (10,724)
@59 approve (10,4374)
@59 approve (0,2070)
@59 approve (11,380)
@59 approve (10,1436)
@59 approve (0,358)
@59 approve (10,2628)
@59 approve (10,4122)
@59 approve (0,4802)
@59 approve (2,3558)
@59 approve (10,4656)
@59 approve (10,4052)
@59 approve (3,1180)
@59 approve (10,3878)
@59 approve (10,1504)
@59 approve (10,3796)
@59 approve (2,2890)
@59 approve (10,4794)
@60 acc_S (4)
@60 acc_S (8)
@60 acc_F (5)
@60 acc_F (2)
@60 mgr_S (4,5)
@60 mgr_S (7,5)
@60 mgr_F (9,0)
@60 mgr_F (8,0)
@60 publish (7,1676)
@60 publish (8,4582)
@60 publish (6,1282)
@60 publish (9,2282)
@60 publish (8,3710)
@60 publish (4,1544)
@60 publish (1,3080)
@60 publish (9,2324)
@60 publish (7,2558)
@60 publish (7,1120)
@60 publish (1,3912)
@60 publish (6,4434)
@60 publish (8,1160)
@60 publish (1,3936)
@60 publish (7,406)
@60 publish (6,1996)
@60 publish (8,3230)
@60 publish (8,1538)
@60 publish (9,1474)
@60 publish (6,176)
@60 publish (4,882)
@60 publish (7,3322)
@60 approve (3,1634)
@60 approve (3,1096)
@60 approve (3,2852)
@60 approve (3,1508)
@60 approve (10,200)
@60 approve (0,2004)
@60 approve (0,556)
@60 approve (10,4300)
@60 approve (10,2940)
@60 approve (0,2346)
@60 approve (10,2372)
@60 approve (10,890)
@60 approve (3,2896)
@60 approve (10,4984)
@60 approve (2,1154)
@60 approve (2,2178)
@60 approve (0,3800)
@60 approve (0,1900)
@61 acc_S (8)
@61 acc_S (0)
@61 acc_F (9)
@61 acc_F (3)
@61 mgr_S (7,0)
@61 mgr_S (2,8)
@61 mgr_F (1,8)
@61 mgr_F (2,2)
@61 publish (7,3476)
@61 publish (7,3574)
@61 publish (1,564)
@61 publish (8,1792)
@61 publish (4,3372)
@61 publish (6,4742)
@61 publish (1,3784)
@61 publish (7,2218)
@61 publish (1,728)
@61 publish (8,4144)
@61 approve (10,754)
@61 publish (6,754)
@61 publish (8,504)
@61 publish (7,1634)
@61 publish (8,4932)
@61 publish (1,1096)
@61 publish (8,3070)
@61 publish (0,3994)
@61 publish (0,1020)
@61 publish (8,854)
@61 publish (7,4488)
@61 publish (1,3686)
@61 publish (4,4354)
@61 publish (1,1402)
@61 approve (11,1720)
@61 approve (10,1760)
@61 approve (10,896)
@61 approve (3,2646)
@61 approve (0,1150)
@61 approve (2,3788)
@61 approve (2,2740)
@61 approve (10,972)
@61 approve (10,42)
@61 approve (2,3998)
@61 approve (3,4110)
@61 approve (10,1316)
@61 approve (3,4322)
@61 approve (2,2826)
@62 acc_S (9)
@62 acc_S (4)
@62 acc_F (2)
@62 acc_F (4)
@62 mgr_S (5,2)
@62 mgr_S (7,1)
@62 mgr_F (5,3)
@62 mgr_F (7,6)
@62 publish (7,3680)
@62 approve (3,2738)
@62 publish (1,2738)
@62 publish (0,1872)
@62 publish (0,1958)
@62 publish (1,1030)
@62 publish (0,3912)
@62 publish (8,2584)
@62 publish (9,2852)
@62 publish (8,1720)
@62 publish (8,3850)
@62 publish (7,1004)
@62 publish (7,3730)
@62 publish (9,1760)
@62 approve (3,3490)
@62 publish (7,3490)
@62 publish (8,2050)
@62 publish (6,714)
@62 approve (10,1488)
@62 approve (0,4172)
@62 approve (0,3004)
@62 approve (10,3496)
@62 approve (10,4816)
@62 approve (10,4336)
@62 approve (3,1170)
@62 approve (0,492)
@62 approve (10,2084)
@62 approve (10,3644)
@62 approve (10,4916)
@62 approve (10,1632)
@62 approve (1,4438)
@62 approve (10,12)
@62 approve (3,2776)
@62 approve (3,1462)
@62 approve (10,128)
@62 approve (0,1276)
@62 approve (3,4740)
@62 approve (10,4944)
@62 approve (10,4614)
@62 approve (0,3058)
@62 approve (0,1152)
@62 approve (11,4424)
@62 approve (10,3052)
@62 approve (10,4630)
@62 approve (10,3312)
@62 approve (10,4894)
@62 approve (10,4158)
@62 approve (0,1776)
@62 approve (5,4328)
@62 approve (10,3336)
@63 acc_S (9)
@63 acc_S (7)
@63 acc_F (1)
@63 acc_F (8)
@63 mgr_S (9,4)
@63 mgr_S (6,2)
@63 mgr_F (6,6)
@63 mgr_F (4,9)
@63 publish (9,1554)
@63 publish (0,1488)
@63 publish (9,164)
@63 publish (0,1556)
@63 publish (7,4172)
@63 publish (9,1778)
@63 publish (6,3538)
@63 approve (10,1296)
@63 publish (7,1296)
@63 publish (6,4172)
@63 publish (0,4366)
@63 publish (0,1228)
@63 publish (10,3294)
@63 publish (7,896)
@63 publish (6,3424)
@63 publish (0,4908)
@63 publish (7,1798)
@63 publish (9,2872)
@63 publish (6,3004)
@63 publish (9,3366)
@63 publish (0,3122)
@63 publish (9,2650)
@63 publish (9,2802)
@63 publish (9,3496)
@63 approve (10,3196)
@63 approve (10,976)
@63 approve (3,2658)
@63 approve (10,2348)
@63 approve (10,298)
@63 approve (10,1830)
@63 approve (10,3332)
@63 approve (10,2124)
@63 approve (10,3724)
@63 approve (2,1156)
@63 approve (3,1926)
@63 approve (10,1070)
@63 approve (3,1908)
@63 approve (10,2698)
@63 approve (10,4298)
@63 approve (10,492)
@63 approve (10,378)
@63 approve (0,2126)
@63 approve (0,2542)
@63 approve (3,74)
@63 approve (10,162)
@63 approve (0,2718)
@63 approve (10,3600)
@63 approve (2,3226)
@63 approve (10,2254)
@64 acc_S (0)
@64 acc_S (6)
@64 acc_F (7)
@64 acc_F (2)
@64 mgr_S (9,3)
@64 mgr_S (9,9)
@64 mgr_F (6,6)
@64 mgr_F (5,6)
@64 publish (0,4816)
@64 publish (9,2646)
@64 publish (6,1150)
@64 publish (6,4492)
@64 publish (9,3812)
@64 publish (0,4336)
@64 publish (6,1974)
@64 publish (6,4582)
@64 approve (10,3344)
@64 publish (9,3344)
@64 publish (0,1650)
@64 publish (6,262)
@64 publish (10,1170)
@64 publish (0,1508)
@64 publish (0,724)
@64 publish (6,492)
@64 publish (0,2420)
@64 publish (9,2084)
@64 publish (0,1592)
@64 approve (11,332)
@64 approve (10,4076)
@64 approve (3,582)
@64 approve (3,3936)
@64 approve (2,4996)
@64 approve (10,3152)
@64 approve (10,1308)
@64 approve (10,3608)
@64 approve (10,4820)
@64 approve (10,3420)
@64 approve (2,728)
@64 approve (10,358)
@64 approve (0,1582)
@64 approve (0,2546)
@64 approve (10,3990)
@64 approve (0,3024)
@64 approve (10,1288)
@65 acc_S (3)
@65 acc_S (5)
@65 acc_F (4)
@65 acc_F (0)
@65 mgr_S (9,2)
@65 mgr_S (7,9)
@65 mgr_F (9,5)
@65 mgr_F (8,4)
@65 publish (6,816)
@65 publish (3,200)
@65 publish (5,2950)
@65 publish (5,250)
@65 publish (9,3196)
@65 publish (3,2004)
@65 publish (5,1842)
@65 publish (5,4374)
@65 publish (9,2568)
@65 publish (6,1934)
@65 publish (3,976)
@65 publish (3,556)
@65 publish (6,2524)
@65 publish (6,4140)
@65 publish (5,468)
> save_and_exit left-es <