@50 publish (6,569)
@50 publish (8,613)
@50 publish (6,153)
@50
@50 publish (8,4167)
@50 publish (1,1573)
@50
@50
@50
@50
@50 publish (3,943)
@50 publish (6,4791)
@50 publish (8,4723)
@50
@50
@50
@50
@50
@50 publish (1,4739)
@50
@50 approve (10,1417)
@50 publish (10,1417)
@50
@50
@50
@50
@50 publish (1,4889)
@50 publish (10,3843)
@50 publish (6,3723)
@50
@50
@50 publish (1,2709)
@50 publish (1,3201)
@50 publish (3,4835)
@50
@50
@50 publish (6,2051)
@50 publish (6,3481)
@50
@50 publish (1,1093)
@50
@50 approve (10,399)
@50 approve (10,3269)
@50 approve (10,3347)
@50
@50 approve (10,2553)
@50 approve (10,2639)
@50
@50 approve (0,3023)
@50
@50 approve (1,3955)
@50
@50 approve (3,1801)
@50
@50 approve (3,2001)
@50
@50
@50 approve (10,1947)
@50
@50
@50
@50 approve (10,2353)
@50
@50 approve (3,601)
@50 approve (3,721)
@50 approve (10,4099)
@50
@50
@50
@50
@50
@50 approve (10,711)
@50
@50 approve (10,927)
@50
@50
@50
@50 approve (3,1739)
@50 approve (10,919)
@50
@50
@51 acc_S (5)
@51 acc_S (4)
@51 acc_F (3)
@51 acc_F (0)
@51 mgr_S (8,3)
@51 mgr_S (5,9)
@51 mgr_F (1,9)
@51 mgr_F (0,4)
@51 publish (1,4959)
@51 approve (0,1041)
@51 publish (6,1041)
@51 publish (5,399)
@51 publish (1,2271)
@51 publish (6,1319)
@51
@51
@51 publish (6,4961)
@51
@51 publish (8,1079)
@51 publish (4,157)
@51
@51
@51 publish (1,895)
@51 publish (5,4483)
@51 publish (1,3269)
@51
@51
@51 publish (5,2871)
@51 publish (5,4017)
@51 publish (6,1309)
@51 publish (1,417)
@51
@51 publish (1,307)
@51 approve (0,2031)
@51 publish (8,2031)
@51 publish (6,919)
@51
@51 publish (5,4523)
@51
@51 publish (6,1017)
@51 publish (1,4963)
@51
@51 publish (4,3403)
@51 publish (6,3995)
@51 approve (3,1351)
@51 publish (1,1351)
@51
@51
@51 publish (5,175)
@51 publish (5,3347)
@51
@51
@51 publish (5,1683)
@51 publish (1,4297)
@51
@51
@51 approve (10,2799)
@51 approve (10,2719)
@51
@51
@51 approve (1,4825)
@51 approve (1,885)
@51 approve (0,4725)
@51
@51 approve (10,3545)
@51
@51
@51 approve (10,1439)
@51
@51
@51 approve (10,3761)
@51 approve (1,2709)
@51
@51
@51 approve (0,3527)
@51 approve (10,1523)
@51 approve (3,4551)
@51 approve (3,2829)
@51 approve (0,2273)
@51
@51
@51
@51
@51
@51
@51 approve (3,4839)
@51 approve (0,3331)
@51
@51
@52 acc_S (9)
@52 acc_S (9)
@52 acc_F (3)
@52 acc_F (7)
@52 mgr_S (0,3)
@52 mgr_S (2,3)
@52 mgr_F (8,4)
@52 mgr_F (6,4)
@52 publish (6,4063)
@52
@52 publish (1,619)
@52 publish (4,1373)
@52
@52 publish (8,951)
@52
@52 publish (5,1403)
@52 publish (1,387)
@52 publish (6,2553)
@52 publish (8,4485)
@52 publish (1,1893)
@52
@52
@52 publish (4,707)
@52
@52 publish (1,3659)
@52
@52 publish (4,2639)
@52
@52 publish (1,4043)
@52
@52 approve (10,55)
@52 publish (8,55)
@52 publish (5,2601)
@52
@52
@52 publish (10,4403)
@52 approve (0,2789)
@52 publish (6,2789)
@52 publish (6,3023)
@52 approve (1,3063)
@52 publish (5,3063)
@52
@52
@52 publish (5,3955)
@52 publish (1,811)
@52
@52 publish (5,1055)
@52
@52 approve (3,3139)
@52 publish (9,3139)
@52 publish (8,3515)
@52 approve (1,1301)
@52 publish (4,1301)
@52
@52 publish (5,3099)
@52 publish (9,2743)
@52 publish (9,4059)
@52
@52 publish (9,763)
@52 approve (10,3375)
@52 approve (10,861)
@52
@52
@52
@52 approve (1,3981)
@52
@52
@52
@52 approve (10,1665)
@52
@52
@52
@52 approve (10,4373)
@52 approve (1,947)
@52
@52
@52
@52
@52
@52 approve (0,3721)
@52
@52 approve (10,2101)
@52
@52
@52 approve (3,4707)
@52 approve (3,631)
@52
@52
@52
@52
@52 approve (10,1635)
@52 approve (10,131)
@52 approve (3,1927)
@52 approve (11,1459)
@52 approve (10,2313)
@52
@52 approve (3,353)
@52 approve (10,1151)
@52
@52 approve (10,2631)
@52 approve (0,2041)
@52 approve (3,4491)
@52
@52
@52
@52 approve (10,4893)
@52 approve (10,2593)
@53 acc_S (9)
@53 acc_S (3)
@53 acc_F (2)
@53 acc_F (3)
@53 mgr_S (8,3)
@53 mgr_S (3,9)
@53 mgr_F (7,6)
@53 mgr_F (7,8)
@53
@53
@53 publish (1,439)
@53 approve (3,1299)
@53 publish (9,1299)
@53
@53
@53 publish (8,3375)
@53
@53 publish (5,861)
@53 publish (9,893)
@53
@53
@53 publish (8,679)
@53 publish (9,2799)
@53 publish (8,2763)
@53 publish (6,4159)
@53 publish (8,4983)
@53 publish (8,2719)
@53
@53 publish (4,2283)
@53
@53
@53
@53
@53 publish (8,655)
@53
@53
@53
@53 publish (5,21)
@53 approve (10,1655)
@53 publish (9,1655)
@53 publish (1,1745)
@53
@53
@53
@53 publish (8,929)
@53
@53 publish (9,173)
@53 publish (5,3981)
@53
@53 approve (3,4423)
@53 publish (1,4423)
@53
@53 publish (4,1381)
@53
@53
@53
@53
@53 approve (10,4189)
@53
@53
@53
@53
@53
@53 approve (10,4321)
@53
@53 approve (10,4811)
@53
@53 approve (10,3535)
@53 approve (10,993)
@53
@53
@53
@53
@53
@53 approve (10,3345)
@53 approve (10,1941)
@53
@53 approve (10,2503)
@53 approve (10,3003)
@53 approve (11,1877)
@53
@53
@53 approve (1,2857)
@53
@53
@53
@53 approve (0,4297)
@53
@53 approve (10,25)
@53
@53 approve (3,2395)
@53
@53 approve (10,4005)
@53
@53 approve (0,2275)
@53 approve (10,4957)
@53
@53
@53 approve (3,1027)
@54 acc_S (2)
@54 acc_S (9)
@54 acc_F (7)
@54 acc_F (2)
@54 mgr_S (7,3)
@54 mgr_S (4,2)
@54 mgr_F (8,7)
@54 mgr_F (0,9)
@54 publish (5,3675)
@54 publish (1,1801)
@54
@54
@54
@54
@54
@54 publish (4,4559)
@54
@54 publish (5,3551)
@54 publish (8,4355)
@54
@54
@54
@54 publish (9,2001)
@54 publish (5,2973)
@54
@54 publish (5,4827)
@54 publish (5,267)
@54 publish (1,4819)
@54
@54
@54
@54 publish (4,4825)
@54 approve (1,1195)
@54 publish (5,1195)
@54
@54
@54
@54 publish (8,1659)
@54
@54 publish (5,4189)
@54
@54
@54 publish (5,885)
@54
@54
@54 publish (5,3303)
@54 publish (5,315)
@54
@54
@54 publish (6,4725)
@54
@54 publish (9,1947)
@54
@54 approve (0,4529)
@54
@54 approve (10,4153)
@54 approve (10,3623)
@54 approve (10,4129)
@54
@54 approve (1,3613)
@54
@54 approve (3,2607)
@54
@54 approve (3,793)
@54
@54
@54 approve (0,1645)
@54 approve (0,1473)
@54 approve (10,789)
@54 approve (1,875)
@54
@54
@54 approve (10,4615)
@54
@54 approve (1,987)
@54 approve (10,4667)
@54 approve (10,2933)
@54 approve (10,2743)
@54 approve (0,3105)
@54 approve (10,1659)
@54
@54 approve (3,4737)
@54 approve (10,1721)
@54
@55 acc_S (8)
@55 acc_S (0)
@55 acc_F (3)
@55 acc_F (7)
@55 mgr_S (7,8)
@55 mgr_S (5,8)
@55 mgr_F (2,3)
@55 mgr_F (1,8)
@55 publish (8,3545)
@55
@55
@55
@55
@55
@55
@55
@55 publish (5,3059)
@55 publish (5,3259)
@55 publish (4,707)
@55
@55
@55 publish (0,1203)
@55 publish (9,1665)
@55
@55
@55
@55
@55
@55 publish (9,1439)
@55
@55
@55 publish (6,4529)
@55 publish (6,1637)
@55
@55
@55
@55 publish (4,3659)
@55
@55
@55
@55
@55 publish (9,561)
@55
@55
@55
@55 publish (0,4373)
@55
@55 publish (5,633)
@55 publish (6,1991)
@55
@55
@55
@55 publish (5,3761)
@55 publish (0,2671)
@55 publish (5,573)
@55 publish (4,2713)
@55
@55 approve (11,1143)
@55 approve (10,1157)
@55 approve (10,3495)
@55 approve (10,3227)
@55
@55
@55 approve (0,2365)
@55
@55
@55
@55 approve (10,1165)
@55 approve (3,3877)
@55 approve (1,633)
@55
@55
@55
@55
@55
@55 approve (1,1615)
@55 approve (0,2179)
@55 approve (0,1323)
@55 approve (0,2255)
@55 approve (10,2695)
@55
@55 approve (3,3771)
@55 approve (0,3513)
@55 approve (3,2803)
@55 approve (3,1887)
@55
@55 approve (3,2775)
@55
@55 approve (3,1547)
@55
@55
@55
@55
@55 approve (10,3091)
@55
@55 approve (11,2271)
@55 approve (10,4667)
@55
@55 approve (3,175)
@55 approve (0,3655)
@55
@55 approve (1,4381)
@56 acc_S (8)
@56 acc_S (4)
@56 acc_F (7)
@56 acc_F (8)
@56 mgr_S (4,9)
@56 mgr_S (1,4)
@56 mgr_F (7,0)
@56 mgr_F (9,8)
@56
@56 publish (0,1751)
@56 publish (5,947)
@56 publish (4,659)
@56
@56 publish (4,2773)
@56
@56
@56
@56
@56
@56 publish (6,4153)
@56
@56 publish (4,3623)
@56 publish (9,2353)
@56 publish (1,4403)
@56 publish (4,2709)
@56 publish (6,611)
@56 publish (1,4129)
@56
@56
@56 publish (9,4281)
@56 publish (9,3213)
@56
@56 publish (1,4321)
@56
@56
@56
@56 publish (6,1143)
@56
@56 publish (0,1865)
@56 publish (1,601)
@56
@56
@56 publish (0,1261)
@56
@56 publish (5,3613)
@56
@56 publish (9,4199)
@56 publish (9,721)
@56 publish (5,4911)
@56
@56
@56
@56
@56
@56
@56
@56 approve (0,597)
@56
@56 approve (10,1441)
@56 approve (10,4381)
@56 approve (10,749)
@56 approve (10,2903)
@56
@56 approve (1,4925)
@56
@56
@56 approve (10,2661)
@56 approve (10,2573)
@56
@56 approve (0,2865)
@56
@56
@56
@56 approve (10,4601)
@56
@56 approve (10,279)
@56 approve (10,367)
@56 approve (10,173)
@56
@56
@56 approve (11,3055)
@56 approve (0,4357)
@56
@56
@56 approve (0,1921)
@56
@56
@56
@56
@56 approve (0,2359)
@56 approve (3,637)
@56
@56
@56 approve (10,4071)
@56 approve (0,503)
@56 approve (1,1389)
@56
@56
@56 approve (3,33)
@57 acc_S (2)
@57 acc_S (3)
@57 acc_F (8)
@57 acc_F (7)
@57 mgr_S (7,0)
@57 mgr_S (1,6)
@57 mgr_F (1,5)
@57 mgr_F (0,0)
@57 publish (1,1157)
@57 publish (0,4811)
@57
@57
@57 publish (3,4385)
@57 approve (0,4807)
@57 publish (6,4807)
@57
@57 publish (4,3495)
@57
@57
@57 publish (9,2607)
@57
@57 publish (9,4099)
@57
@57
@57 publish (3,3903)
@57 approve (0,1367)
@57 publish (3,1367)
@57
@57 publish (3,3227)
@57 publish (6,981)
@57
@57
@57 publish (3,3721)
@57
@57 publish (6,3527)
@57
@57
@57
@57
@57
@57
@57
@57 publish (9,4683)
@57
@57 approve (1,4377)
@57 publish (4,4377)
@57
@57
@57 publish (0,3535)
@57 publish (9,2101)
@57
@57
@57
@57 publish (2,597)
@57
@57 publish (1,4345)
@57 publish (6,2365)
@57
@57
@57
@57 approve (1,2373)
@57
@57
@57
@57 approve (10,271)
@57 approve (3,3313)
@57
@57
@57 approve (10,2059)
@57
@57 approve (10,2647)
@57
@57
@57
@57 approve (11,2001)
@57
@57 approve (10,3035)
@57
@57 approve (3,4481)
@57 approve (3,3511)
@57
@57
@57 approve (1,2877)
@57 approve (10,2623)
@57
@57
@57 approve (0,2285)
@57 approve (3,1049)
@57 approve (1,2129)
@57
@57 approve (10,2079)
@57 approve (3,683)
@57 approve (11,2103)
@57 approve (3,135)
@57
@57 approve (0,3081)
@57 approve (3,2777)
@58 acc_S (6)
@58 acc_S (8)
@58 acc_F (2)
@58 acc_F (0)
@58 mgr_S (5,6)
@58 mgr_S (7,9)
@58 mgr_F (7,3)
@58 mgr_F (1,0)
@58 publish (1,993)
@58
@58 publish (4,1523)
@58
@58
@58
@58
@58
@58
@58
@58 publish (1,4551)
@58 publish (1,793)
@58
@58
@58
@58
@58
@58 publish (3,1441)
@58
@58
@58 approve (0,1921)
@58 publish (8,1921)
@58 publish (8,1645)
@58 approve (0,3471)
@58 publish (6,3471)
@58
@58
@58
@58 publish (6,1473)
@58
@58
@58 publish (1,4381)
@58 publish (5,4141)
@58 publish (3,711)
@58
@58 publish (4,2373)
@58 publish (4,749)
@58
@58
@58
@58 publish (4,789)
@58 publish (4,2903)
@58
@58
@58 publish (4,4925)
@58
@58
@58 publish (9,4707)
@58
@58
@58 approve (10,1849)
@58
@58 approve (10,1331)
@58 approve (10,2043)
@58
@58
@58 approve (10,2855)
@58
@58 approve (3,3901)
@58 approve (3,2529)
@58
@58 approve (3,4781)
@58
@58
@58 approve (0,749)
@58
@58
@58 approve (2,457)
@58
@58 approve (10,169)
@58 approve (0,4405)
@58 approve (3,2551)
@58
@58
@58
@58 approve (10,923)
@58 approve (0,759)
@58
@58
@58 approve (0,1773)
@58 approve (2,587)
@58
@58
@58 approve (10,1909)
@59 acc_S (4)
@59 acc_S (7)
@59 acc_F (5)
@59 acc_F (3)
@59 mgr_S (7,1)
@59 mgr_S (8,7)
@59 mgr_F (9,0)
@59 mgr_F (8,1)
@59 publish (7,2829)
@59
@59
@59 publish (1,1323)
@59
@59
@59
@59
@59 publish (1,3345)
@59
@59 publish (9,1849)
@59 publish (4,875)
@59
@59
@59 publish (6,1165)
@59 publish (9,631)
@59 publish (8,927)
@59 publish (9,271)
@59 publish (8,2273)
@59 publish (9,1941)
@59 publish (7,3877)
@59
@59
@59
@59 publish (7,3877)
@59
@59 publish (9,2661)
@59
@59 publish (4,633)
@59 publish (8,3769)
@59
@59
@59 publish (4,4593)
@59 publish (9,3313)
@59 publish (6,1331)
@59
@59
@59 publish (8,2573)
@59
@59
@59
@59
@59 publish (4,4393)
@59 publish (6,1635)
@59
@59 publish (1,2043)
@59
@59
@59 approve (10,4147)
@59 approve (10,1465)
@59 approve (10,897)
@59 approve (0,2391)
@59
@59 approve (10,1289)
@59 approve (10,3779)
@59 approve (10,4005)
@59 approve (10,2657)
@59
@59
@59
@59
@59 approve (10,4415)
@59
@59 approve (0,3611)
@59 approve (0,527)
@59 approve (3,2907)
@59 approve (10,159)
@59 approve (0,3973)
@59
@59 approve (10,733)
@59 approve (0,1317)
@59
@59 approve (2,3137)
@59
@59 approve (0,2389)
@59 approve (2,4525)
@59
@59
@59 approve (10,3439)
@59
@59
@59
@59 approve (10,997)
@59 approve (0,959)
@59
@59 approve (0,795)
@59
@59 approve (10,4649)
@59
@59 approve (0,3479)
@59
@59
@59
@59
@59
@59
@59
@60 acc_S (4)
@60 acc_S (8)
@60 acc_F (5)
@60 acc_F (2)
@60 mgr_S (4,5)
@60 mgr_S (7,5)
@60 mgr_F (9,0)
@60 mgr_F (8,0)
@60
@60 publish (6,2865)
@60
@60 publish (6,2503)
@60
@60
@60 publish (7,4615)
@60 publish (7,131)
@60 publish (9,1739)
@60 publish (1,1927)
@60 publish (8,4147)
@60 publish (6,3003)
@60 publish (6,1465)
@60 publish (1,1877)
@60
@60
@60 approve (11,817)
@60 publish (7,817)
@60 publish (6,133)
@60
@60
@60
@60
@60
@60
@60
@60 approve (10,4619)
@60 publish (8,4619)
@60
@60
@60 publish (4,919)
@60
@60
@60
@60
@60 publish (8,2059)
@60
@60 publish (4,2857)
@60
@60 publish (6,897)
@60 publish (1,2567)
@60
@60 publish (6,2391)
@60 publish (8,1459)
@60
@60
@60
@60 approve (0,4963)
@60 approve (3,4949)
@60 approve (3,3401)
@60
@60
@60
@60
@60 approve (10,583)
@60
@60
@60 approve (10,4609)
@60 approve (10,2057)
@60 approve (10,4367)
@60 approve (10,2467)
@60 approve (0,3241)
@60
@60
@60
@60
@60
@60 approve (10,225)
@60
@60 approve (2,2571)
@60
@60
@60
@60 approve (10,3685)
@61 acc_S (8)
@61 acc_S (0)
@61 acc_F (9)
@61 acc_F (3)
@61 mgr_S (7,0)
@61 mgr_S (2,8)
@61 mgr_F (1,8)
@61 mgr_F (2,2)
@61 publish (4,987)
@61 publish (1,4839)
@61
@61 publish (4,1615)
@61
@61 publish (6,3331)
@61 publish (1,2647)
@61
@61 publish (6,2179)
@61 publish (8,1289)
@61
@61 publish (6,1323)
@61
@61
@61 publish (7,3779)
@61 publish (6,2255)
@61
@61 publish (4,2695)
@61 publish (6,2313)
@61
@61 publish (1,4601)
@61 publish (6,4297)
@61
@61 publish (7,4005)
@61 publish (0,2657)
@61 publish (6,4389)
@61
@61
@61
@61
@61 publish (0,4667)
@61
@61
@61
@61
@61 publish (7,353)
@61 publish (1,1151)
@61
@61
@61
@61
@61 publish (7,3771)
@61
@61
@61
@61 publish (6,3513)
@61
@61
@61
@61 approve (3,4641)
@61
@61
@61 approve (3,1675)
@61 approve (3,4153)
@61 approve (3,1801)
@61 approve (10,2609)
@61
@61
@61
@61
@61 approve (10,2547)
@61 approve (10,2103)
@61 approve (10,99)
@61
@61 approve (10,4923)
@61 approve (0,883)
@61
@61 approve (11,1259)
@61 approve (3,2445)
@61 approve (3,883)
@61
@61
@61
@61 approve (3,983)
@62 acc_S (9)
@62 acc_S (4)
@62 acc_F (2)
@62 acc_F (4)
@62 mgr_S (5,2)
@62 mgr_S (7,1)
@62 mgr_F (5,3)
@62 mgr_F (7,6)
@62
@62 publish (8,2933)
@62 publish (8,25)
@62 publish (1,2803)
@62 publish (6,2631)
@62 publish (6,2041)
@62 publish (1,4491)
@62 approve (10,1499)
@62 publish (8,1499)
@62 publish (7,1887)
@62
@62
@62
@62 approve (10,3281)
@62 publish (9,3281)
@62
@62 publish (1,2395)
@62 publish (1,279)
@62
@62 publish (1,4415)
@62 publish (0,2855)
@62
@62
@62 approve (10,4865)
@62 publish (8,4865)
@62
@62
@62 approve (0,4447)
@62 publish (8,4447)
@62
@62 publish (1,2743)
@62
@62 publish (0,3105)
@62
@62 approve (11,2367)
@62 publish (8,2367)
@62
@62 approve (0,3105)
@62 publish (6,3105)
@62 approve (10,4733)
@62 publish (1,4733)
@62
@62
@62 publish (6,4963)
@62 publish (9,2775)
@62
@62
@62 publish (0,4005)
@62 publish (8,2001)
@62 publish (8,367)
@62 publish (8,4893)
@62
@62
@62 approve (10,4353)
@62 approve (10,2021)
@62
@62
@62
@62
@62 approve (3,1725)
@62
@62
@62
@62 approve (10,1819)
@62 approve (10,3071)
@62 approve (0,4363)
@62
@62
@62 approve (3,2223)
@62 approve (1,4175)
@62 approve (10,4561)
@62 approve (3,2729)
@62
@62
@62 approve (10,613)
@62 approve (0,3917)
@62
@62
@62 approve (10,2745)
@62
@62
@62
@62
@62
@62 approve (0,4001)
@62 approve (10,1607)
@62
@62 approve (0,4755)
@62 approve (3,1165)
@62 approve (3,995)
@62
@62
@62
@62 approve (0,4445)
@62 approve (10,2333)
@62
@62
@62
@62
@62
@62
@62 approve (2,1883)
@62
@62
@63 acc_S (9)
@63 acc_S (7)
@63 acc_F (1)
@63 acc_F (8)
@63 mgr_S (9,4)
@63 mgr_S (6,2)
@63 mgr_F (6,6)
@63 mgr_F (4,9)
@63 approve (10,3953)
@63 publish (7,3953)
@63
@63
@63 publish (0,1659)
@63
@63 publish (9,3035)
@63
@63 publish (7,1547)
@63
@63 publish (7,3901)
@63
@63 publish (6,2275)
@63 publish (7,173)
@63
@63
@63
@63 publish (6,3611)
@63 publish (0,2529)
@63 publish (7,4957)
@63 publish (7,4737)
@63
@63
@63 publish (9,4353)
@63
@63 publish (10,527)
@63 publish (9,4481)
@63
@63
@63
@63 publish (7,2021)
@63 publish (7,3511)
@63
@63 publish (9,2907)
@63 publish (0,4949)
@63
@63
@63
@63
@63 approve (3,1111)
@63 publish (7,1111)
@63 approve (10,4495)
@63 publish (0,4495)
@63
@63 publish (0,3055)
@63 publish (7,3091)
@63
@63
@63 publish (7,4641)
@63 publish (7,2593)
@63 publish (0,3401)
@63
@63 approve (10,4035)
@63 approve (10,2481)
@63 approve (11,2075)
@63 approve (10,3743)
@63
@63
@63 approve (10,2963)
@63
@63
@63 approve (10,3751)
@63 approve (11,3573)
@63
@63 approve (10,2451)
@63 approve (0,4971)
@63 approve (3,3633)
@63
@63
@63
@63 approve (3,1715)
@63 approve (10,4539)
@63
@63
@63 approve (2,581)
@63
@63
@63
@63
@63 approve (10,3933)
@63
@63
@63 approve (3,1253)
@63
@63 approve (0,1605)
@63
@63 approve (3,2205)
@63 approve (0,3419)
@63
@63
@63
@63 approve (0,1279)
@63
@63 approve (10,3293)
@63
@63
@63 approve (10,363)
@63 approve (10,1187)
@63 approve (3,1103)
@63
@63 approve (10,3073)
@64 acc_S (0)
@64 acc_S (6)
@64 acc_F (7)
@64 acc_F (2)
@64 mgr_S (9,3)
@64 mgr_S (9,9)
@64 mgr_F (6,6)
@64 mgr_F (5,6)
@64
@64
@64 publish (9,4781)
@64 approve (0,75)
@64 publish (6,75)
@64 publish (6,4357)
@64 approve (10,2283)
@64 publish (0,2283)
@64
@64 publish (9,2271)
@64 publish (10,4035)
@64
@64 publish (6,2481)
@64 publish (6,1721)
@64 publish (10,1675)
@64 approve (10,4523)
@64 publish (9,4523)
@64
@64 publish (9,159)
@64 publish (0,1027)
@64 approve (10,1797)
@64 publish (6,1797)
@64
@64 publish (6,749)
@64
@64 publish (10,4667)
@64 publish (9,4153)
@64 publish (6,3973)
@64
@64 publish (9,1725)
@64 publish (6,2075)
@64 approve (10,2311)
@64 publish (9,2311)
@64 publish (0,2877)
@64
@64
@64
@64 publish (6,3743)
@64
@64 publish (0,1921)
@64
@64
@64
@64 publish (9,733)
@64
@64 approve (10,4489)
@64 publish (0,4489)
@64
@64
@64 publish (0,2623)
@64
@64
@64 approve (1,589)
@64
@64
@64
@64 approve (0,265)
@64 approve (2,2127)
@64
@64
@64
@64 approve (2,463)
@64 approve (10,1155)
@64 approve (10,3843)
@64
@64 approve (10,229)
@64
@64 approve (10,2907)
@64 approve (10,775)
@64
@64
@64
@64
@64 approve (3,2307)
@64
@64 approve (0,4197)
@64
@64 approve (10,4561)
@64
@64
@64 approve (10,421)
@64 approve (10,3653)
@65 acc_S (3)
@65 acc_S (5)
@65 acc_F (4)
@65 acc_F (0)
@65 mgr_S (9,2)
@65 mgr_S (7,9)
@65 mgr_F (9,5)
@65 mgr_F (8,4)
@65 publish (6,1317)
@65
@65 publish (9,175)
@65
@65 publish (3,17)
@65 publish (6,3655)
@65
@65
@65
@65
@65 publish (9,1801)
@65
@65
@65
@65 publish (9,1819)
@65 publish (9,3071)
@65
@65
@65
@65 publish (5,457)
@65
@65 publish (3,169)
@65 publish (3,2285)
@65 publish (6,4405)
@65 publish (6,2609)
@65
@65 publish (3,4363)
@65 publish (9,1049)
@65 approve (10,89)
@65 publish (6,89)
@65 publish (3,583)
@65
> save_and_exit right-es <