@0 mgr_S (1,2)
@0 mgr_S (1,6)
@0 mgr_S (3,2)
@0 mgr_S (5,4)
@0 mgr_S (10,0)
@0 mgr_S (10,4)
@0 mgr_S (10,5)
@1 mgr_S (10,1)
@1 mgr_S (10,6)
@2 mgr_S (2,8)
@2 mgr_S (6,0)
@2 mgr_S (6,8)
@2 mgr_S (8,2)
@3 acc_S (4)
@3 mgr_S (0,4)
@3 mgr_S (1,4)
@3 mgr_S (2,2)
@3 mgr_S (4,2)
@3 mgr_S (5,8)
@3 mgr_S (9,4)
@3 mgr_S (10,7)
@4 mgr_S (1,0)
@4 mgr_S (7,8)
@4 mgr_S (8,4)
@5 mgr_S (3,6)
@5 mgr_S (10,2)
@6 mgr_S (0,0)
@6 mgr_S (2,0)
@6 mgr_S (5,2)
@6 mgr_S (10,8)
@7 mgr_S (0,2)
@7 mgr_S (0,8)
@7 mgr_S (4,4)
@7 mgr_S (6,4)
@7 mgr_S (9,8)
@8 acc_S (2)
@8 acc_S (6)
@8 mgr_S (3,8)
@8 mgr_S (7,2)
@8 mgr_S (8,0)
@10 mgr_S (4,6)
@10 mgr_S (9,6)
@10 mgr_S (10,9)
@11 mgr_S (3,0)
@11 mgr_S (9,2)
@12 mgr_S (9,0)
@13 mgr_S (7,6)
@13 mgr_S (8,6)
@14 mgr_S (10,3)
@15 mgr_S (3,4)
@15 mgr_S (8,8)
@16 mgr_S (0,6)
@16 mgr_S (1,8)
@16 mgr_S (4,0)
@17 mgr_S (4,8)
@17 mgr_S (7,4)
@18 acc_S (0)
@18 mgr_S (2,6)
@18 mgr_S (5,0)
@18 mgr_S (6,6)
@19 acc_S (8)
@19 mgr_S (2,4)
@19 mgr_S (5,6)
@19 mgr_S (6,2)
@19 mgr_S (7,0)
@22 approve (0,3642)
@22 approve (10,1499)
@22 approve (10,892)
@22 approve (10,3579)
@22 approve (10,488)
@22 approve (10,4719)
@23 approve (0,2779)
@23 approve (10,1577)
@23 approve (10,3870)
@23 approve (0,3280)
@23 approve (0,2660)
@23 approve (0,2072)
@23 approve (0,1401)
@23 approve (0,2298)
@23 approve (0,495)
@23 approve (0,3400)
@24 approve (0,4755)
@24 approve (11,1642)
@24 approve (11,633)
@24 approve (10,2266)
@24 approve (0,1692)
@24 approve (10,2010)
@24 approve (0,237)
@24 approve (10,716)
@24 approve (10,2993)
@24 approve (0,1652)
@24 approve (0,3242)
@24 approve (10,1012)
@24 approve (10,1869)
@24 approve (10,1858)
@25 approve (10,1366)
@25 approve (10,498)
@25 approve (10,4988)
@25 approve (10,1056)
@25 approve (10,3497)
@25 approve (10,4566)
@25 approve (0,1581)
@25 approve (10,789)
@25 approve (10,266)
@25 approve (10,89)
@25 approve (0,1049)
@25 approve (0,3453)
@25 approve (10,3144)
@25 approve (0,1756)
@26 approve (10,2519)
@26 approve (0,4242)
@26 approve (0,2747)
@26 approve (0,1410)
@26 approve (10,2442)
@26 approve (10,497)
@26 approve (10,2626)
@26 approve (10,1581)
@26 approve (0,113)
@26 approve (0,2060)
@26 approve (10,3236)
@26 approve (0,2250)
@26 approve (0,4894)
@26 approve (10,112)
@26 approve (10,879)
@26 approve (10,609)
@26 approve (10,1625)
@26 approve (0,670)
@26 approve (10,3942)
@26 approve (10,2069)
@26 approve (0,3979)
@26 approve (10,2974)
@26 approve (10,1511)
@26 approve (0,1763)
@26 approve (10,2953)
@26 approve (0,1909)
@27 approve (10,4888)
@27 approve (0,2438)
@27 approve (10,148)
@27 approve (10,3196)
@27 approve (10,439)
@27 approve (10,2248)
@27 approve (0,4368)
@27 approve (10,262)
@27 approve (0,3914)
@27 approve (10,1593)
@27 approve (10,1479)
@27 approve (10,4498)
@27 approve (0,1331)
@27 approve (10,1961)
@27 approve (0,3748)
@27 approve (0,1513)
@27 approve (0,3055)
@27 approve (10,1224)
@27 approve (10,4710)
@27 approve (10,1011)
@27 approve (10,4185)
@27 approve (0,1851)
@27 approve (10,1702)
@27 approve (10,3766)
@27 approve (0,1712)
@27 approve (10,4790)
@28 approve (10,1752)
@28 approve (10,4160)
@28 approve (10,799)
@28 approve (10,979)
@28 approve (0,4038)
@28 approve (10,566)
@28 approve (0,22)
@28 approve (10,4433)
@28 approve (0,1505)
@28 approve (0,340)
@28 approve (10,2129)
@28 approve (10,4451)
@28 approve (0,2191)
@28 approve (0,4076)
@28 approve (0,710)
@28 approve (0,563)
@28 approve (0,630)
@28 approve (0,3680)
@28 approve (0,3358)
@28 approve (0,4805)
@28 approve (10,3544)
@28 approve (10,4546)
@28 approve (0,1342)
@29 approve (0,45)
@29 approve (10,3853)
@29 approve (10,566)
@29 approve (10,176)
@29 approve (0,3024)
@29 approve (0,3971)
@29 approve (10,842)
@29 approve (10,4552)
@29 approve (0,3097)
@29 approve (10,4050)
@29 approve (10,1745)
@29 approve (10,3809)
@29 approve (0,1630)
@29 approve (10,4839)
@29 approve (10,1327)
@29 approve (10,3227)
@29 approve (10,3500)
@29 approve (10,2779)
@29 approve (10,3848)
@29 approve (10,3134)
@29 approve (10,4023)
@29 approve (10,2447)
@29 approve (10,2596)
@29 approve (0,2567)
@29 approve (11,4641)
@29 approve (0,937)
@29 approve (10,3437)
@29 approve (0,2449)
@29 approve (0,3200)
@29 approve (10,766)
@29 approve (10,4818)
@29 approve (0,2012)
@29 approve (10,675)
@29 approve (10,1578)
@29 approve (0,4716)
@29 approve (0,1612)
@29 approve (0,4934)
@29 approve (0,371)
@30 approve (0,1060)
@30 approve (10,3824)
@30 approve (10,1566)
@30 approve (0,439)
@30 approve (0,2836)
@30 approve (0,4731)
@30 approve (10,1313)
@30 approve (10,4024)
@30 approve (0,3352)
@30 approve (0,4068)
@30 approve (0,4016)
@30 approve (0,2580)
@30 approve (10,4846)
@30 approve (10,340)
@30 approve (10,522)
@30 approve (10,1995)
@30 approve (10,652)
@30 approve (10,561)
@30 approve (10,3659)
@30 approve (10,626)
@30 approve (10,277)
@30 approve (10,1797)
@30 approve (10,1384)
@30 approve (0,1034)
@30 approve (10,479)
@30 approve (0,4370)
@30 approve (0,2418)
@30 approve (0,4881)
@30 approve (0,1566)
@30 approve (10,1923)
@30 approve (0,2140)
@30 approve (10,4430)
@30 approve (0,995)
@30 approve (0,1499)
@30 approve (10,1647)
@30 approve (0,1370)
@31 approve (10,3017)
@31 approve (11,209)
@31 approve (0,1357)
@31 approve (10,4725)
@31 approve (10,1995)
@31 approve (10,4180)
@31 approve (10,160)
@31 approve (0,2732)
@31 approve (10,1431)
@31 approve (0,2535)
@31 approve (0,919)
@31 approve (11,179)
@31 approve (10,1774)
@31 approve (10,3843)
@31 approve (0,2518)
@31 approve (10,4672)
@31 approve (10,1812)
@31 approve (10,1368)
@31 approve (0,91)
@31 approve (10,1767)
@31 approve (0,1353)
@31 approve (10,4383)
@31 approve (0,4054)
@31 approve (10,3680)
@31 approve (10,4373)
@31 approve (10,1128)
@31 approve (11,3051)
@31 approve (0,3220)
@31 approve (11,40)
@31 approve (10,2220)
@31 approve (0,3195)
@31 approve (0,4529)
@31 approve (10,4316)
@31 approve (10,617)
@31 approve (0,3340)
@31 approve (0,1317)
@31 approve (0,2561)
@31 approve (0,2801)
@31 approve (0,2216)
@31 approve (0,978)
@31 approve (0,3030)
@31 approve (10,868)
@31 approve (0,1120)
@31 approve (10,890)
@31 approve (0,1936)
@31 approve (10,2195)
@31 approve (10,2527)
@31 approve (10,71)
@31 approve (10,3449)
@32 publish (0,2519)
@32 publish (0,2779)
@32 approve (10,2047)
@32 publish (2,2047)
@32 publish (4,1366)
@32 publish (2,3017)
@32 approve (0,404)
@32 publish (2,404)
@32 publish (8,4242)
@32 publish (2,4755)
@32 publish (4,1060)
@32 publish (4,2747)
@32 publish (6,209)
@32 publish (8,1642)
@32 publish (8,498)
@32 publish (8,3824)
@32 publish (6,45)
@32 publish (0,1577)
@32 publish (2,3642)
@32 publish (0,1566)
@32 publish (2,3870)
@32 publish (10,439)
@32 publish (8,1410)
@32 publish (4,3280)
@32 publish (0,2836)
@32 publish (0,4988)
@32 publish (4,1499)
@32 publish (8,633)
@32 publish (4,734)
@32 publish (6,1357)
@32 publish (8,2266)
@32 publish (8,1692)
@32 publish (6,4725)
@32 publish (0,2452)
@32 publish (8,892)
@32 publish (8,2442)
@32 publish (2,3579)
@32 approve (10,306)
@32 publish (0,306)
@32 publish (2,2660)
@32 publish (0,4888)
@32 publish (0,1995)
@32 publish (4,4731)
@32 publish (2,488)
@32 approve (10,2107)
@32 publish (6,2107)
@32 approve (10,3258)
@32 approve (0,3418)
@32 approve (0,134)
@32 approve (10,3918)
@32 approve (0,1076)
@32 approve (0,2282)
@32 approve (0,3687)
@32 approve (10,3168)
@32 approve (10,367)
@32 approve (0,4665)
@32 approve (10,2625)
@32 approve (10,171)
@32 approve (0,2699)
@32 approve (0,4219)
@32 approve (10,39)
@32 approve (10,4646)
@32 approve (10,887)
@32 approve (0,4132)
@32 approve (10,1296)
@32 approve (0,2043)
@32 approve (10,1123)
@32 approve (10,327)
@32 approve (10,3789)
@32 approve (10,65)
@32 approve (10,4067)
@32 approve (0,1211)
@32 approve (0,2820)
@32 approve (0,1016)
@32 approve (10,3610)
@32 approve (10,1354)
@33 acc_S (0)
@33 acc_S (8)
@33 acc_F (5)
@33 acc_F (2)
@33 mgr_S (5,7)
@33 mgr_S (4,6)
@33 mgr_F (0,3)
@33 mgr_F (9,4)
@33 publish (6,3853)
@33 publish (6,1752)
@33 publish (0,1313)
@33 approve (0,4877)
@33 publish (6,4877)
@33 publish (4,4024)
@33 publish (10,566)
@33 publish (8,3258)
@33 publish (6,1056)
@33 publish (6,4180)
@33 publish (0,497)
@33 approve (10,261)
@33 publish (8,261)
@33 publish (6,176)
@33 publish (8,3497)
@33 publish (4,3418)
@33 publish (6,134)
@33 publish (8,3352)
@33 publish (6,160)
@33 publish (10,2072)
@33 publish (6,1401)
@33 approve (10,51)
@33 publish (6,51)
@33 publish (0,4719)
@33 publish (0,2298)
@33 publish (10,3918)
@33 publish (0,1076)
@33 publish (4,4068)
@33 publish (4,2438)
@33 publish (4,4566)
@33 publish (4,4016)
@33 publish (0,1581)
@33 publish (0,3024)
@33 publish (8,2282)
@33 publish (8,2010)
@33 approve (10,559)
@33 publish (6,559)
@33 publish (8,148)
@33 publish (8,3971)
@33 publish (6,2626)
@33 publish (6,237)
@33 publish (8,3196)
@33 approve (0,1652)
@33 publish (8,1652)
@33 publish (0,495)
@33 approve (10,3285)
@33 publish (10,3285)
@33 publish (6,1581)
@33 publish (4,842)
@33 publish (0,439)
@33 approve (10,825)
@33 approve (10,3946)
@33 approve (0,3381)
@33 approve (0,2960)
@33 approve (10,2194)
@33 approve (10,4520)
@33 approve (10,577)
@33 approve (10,3370)
@33 approve (10,2404)
@33 approve (11,4300)
@33 approve (10,4933)
@33 approve (10,2012)
@33 approve (10,494)
@33 approve (10,4909)
@33 approve (10,4991)
@33 approve (0,435)
@33 approve (0,1841)
@33 approve (10,4961)
@33 approve (10,2341)
@33 approve (0,1263)
@33 approve (0,3767)
@33 approve (0,2104)
@33 approve (10,645)
@33 approve (0,2296)
@33 approve (0,1666)
@33 approve (10,4895)
@33 approve (10,379)
@33 approve (10,4444)
@33 approve (10,719)
@33 approve (10,1907)
@33 approve (10,4102)
@33 approve (3,4294)
@34 acc_S (9)
@34 acc_S (4)
@34 acc_F (1)
@34 acc_F (3)
@34 mgr_S (3,2)
@34 mgr_S (1,8)
@34 mgr_F (7,7)
@34 mgr_F (7,7)
@34 publish (10,2580)
@34 publish (9,789)
@34 publish (0,113)
@34 publish (8,266)
@34 publish (9,716)
@34 publish (8,2732)
@34 publish (0,825)
@34 publish (9,4160)
@34 publish (4,3687)
@34 publish (9,2248)
@34 publish (4,3168)
@34 publish (9,4846)
@34 publish (8,340)
@34 publish (8,1426)
@34 publish (6,2060)
@34 publish (0,3400)
@34 publish (9,3946)
@34 publish (6,799)
@34 approve (10,4373)
@34 publish (0,4373)
@34 publish (6,89)
@34 publish (8,4368)
@34 publish (8,3236)
@34 publish (4,2250)
@34 publish (0,1431)
@34 publish (6,4894)
@34 publish (9,2993)
@34 publish (9,979)
@34 publish (8,112)
@34 publish (8,3820)
@34 publish (9,262)
@34 publish (8,3914)
@34 publish (9,879)
@34 publish (8,4552)
@34 approve (10,2767)
@34 publish (8,2767)
@34 publish (9,522)
@34 approve (10,4285)
@34 publish (0,4285)
@34 publish (8,2535)
@34 publish (0,919)
@34 publish (8,1652)
@34 publish (4,179)
@34 publish (4,367)
@34 publish (0,1049)
@34 publish (4,1593)
@34 publish (6,4038)
@34 publish (8,1479)
@34 publish (9,1995)
@34 approve (10,4089)
@34 publish (6,4089)
@34 approve (10,3240)
@34 approve (0,4301)
@34 approve (10,3595)
@34 approve (0,3025)
@34 approve (10,2860)
@34 approve (10,1667)
@34 approve (10,3324)
@34 approve (0,3381)
@34 approve (10,4915)
@34 approve (0,1617)
@34 approve (10,4095)
@34 approve (10,2561)
@34 approve (0,3378)
@34 approve (0,2307)
@34 approve (0,2926)
@34 approve (0,3537)
@34 approve (10,2125)
@34 approve (0,4925)
@34 approve (0,4062)
@34 approve (0,1564)
@34 approve (10,4105)
@34 approve (11,2410)
@34 approve (10,2147)
@34 approve (10,2869)
@34 approve (0,3428)
@34 approve (10,4211)
@34 approve (10,3746)
@34 approve (0,3988)
@34 approve (10,4338)
@34 approve (0,3246)
@34 approve (10,1641)
@34 approve (10,33)
@34 approve (10,2722)
@34 approve (10,519)
@34 approve (10,2593)
@35 acc_S (4)
@35 acc_S (2)
@35 acc_F (7)
@35 acc_F (8)
@35 mgr_S (2,4)
@35 mgr_S (6,1)
@35 mgr_F (5,3)
@35 mgr_F (5,9)
@35 publish (6,3097)
@35 publish (9,4050)
@35 publish (0,3240)
@35 publish (0,566)
@35 publish (0,22)
@35 publish (9,4433)
@35 publish (4,3381)
@35 publish (0,1745)
@35 publish (4,2960)
@35 publish (4,652)
@35 publish (6,2194)
@35 publish (9,3809)
@35 publish (6,1505)
@35 publish (9,561)
@35 publish (2,609)
@35 publish (9,1625)
@35 publish (0,1774)
@35 publish (2,4301)
@35 publish (2,1630)
@35 publish (2,4839)
@35 publish (0,3843)
@35 publish (0,3242)
@35 publish (9,4520)
@35 publish (6,4498)
@35 publish (0,1327)
@35 publish (4,3595)
@35 publish (6,3227)
@35 publish (0,1012)
@35 publish (4,1331)
@35 publish (9,3659)
@35 publish (4,3453)
@35 publish (2,712)
@35 publish (0,577)
@35 publish (6,2518)
@35 publish (0,4665)
@35 publish (6,670)
@35 approve (10,4578)
@35 publish (6,4578)
@35 publish (4,3025)
@35 publish (6,340)
@35 publish (4,2129)
@35 publish (9,3144)
@35 publish (9,626)
@35 publish (9,1869)
@35 publish (4,1858)
@35 publish (9,4672)
@35 approve (10,2898)
@35 approve (10,1335)
@35 approve (10,1299)
@35 approve (10,2056)
@35 approve (10,1603)
@35 approve (10,4022)
@35 approve (10,2748)
@35 approve (0,1403)
@35 approve (0,3573)
@35 approve (10,1713)
@35 approve (0,2071)
@35 approve (10,3945)
@35 approve (10,171)
@35 approve (10,3937)
@35 approve (0,1887)
@35 approve (0,18)
@35 approve (10,275)
@35 approve (0,4692)
@35 approve (10,3747)
@35 approve (0,2046)
@35 approve (0,309)
@35 approve (10,3154)
@35 approve (10,4106)
@35 approve (11,1984)
@35 approve (0,117)
@35 approve (10,370)
@35 approve (10,4264)
@35 approve (0,685)
@35 approve (0,4494)
@35 approve (0,532)
@35 approve (10,1723)
@35 approve (0,1514)
@35 approve (0,1620)
@35 approve (10,3620)
@35 approve (10,3170)
@35 approve (0,2522)
@35 approve (0,4128)
@35 approve (10,4318)
@35 approve (6,3218)
@35 approve (10,1772)
@35 approve (10,3223)
@36 acc_S (5)
@36 acc_S (5)
@36 acc_F (2)
@36 acc_F (8)
@36 mgr_S (2,2)
@36 mgr_S (7,1)
@36 mgr_F (5,2)
@36 mgr_F (5,2)
@36 publish (5,1812)
@36 publish (9,3500)
@36 publish (6,3370)
@36 publish (5,277)
@36 publish (5,1368)
@36 publish (6,2779)
@36 publish (9,2625)
@36 publish (6,3942)
@36 publish (10,2069)
@36 publish (9,171)
@36 publish (4,3848)
@36 publish (9,1961)
@36 publish (6,91)
@36 publish (9,1797)
@36 publish (5,1767)
@36 publish (5,2898)
@36 publish (4,1353)
@36 publish (4,3748)
@36 publish (6,2404)
@36 publish (9,2860)
@36 publish (4,1335)
@36 publish (6,3979)
@36 publish (0,1513)
@36 publish (0,2699)
@36 publish (4,2974)
@36 publish (9,4451)
@36 publish (0,1511)
@36 publish (5,3134)
@36 publish (0,2191)
@36 publish (0,1763)
@36 publish (0,4300)
@36 approve (10,3704)
@36 publish (9,3704)
@36 publish (0,1756)
@36 publish (4,4383)
@36 publish (5,4933)
@36 publish (5,2012)
@36 publish (5,1667)
@36 publish (0,4076)
@36 publish (6,2953)
@36 publish (4,4054)
@36 publish (9,3680)
@36 publish (0,4219)
@36 publish (9,3324)
@36 publish (4,1909)
@36 approve (10,2788)
@36 publish (5,2788)
@36 approve (10,3858)
@36 publish (5,3858)
@36 publish (6,710)
@36 publish (9,39)
@36 approve (10,4461)
@36 approve (0,1256)
@36 approve (10,4958)
@36 approve (10,4495)
@36 approve (0,3896)
@36 approve (10,320)
@36 approve (10,1545)
@36 approve (10,3592)
@36 approve (0,2919)
@36 approve (11,187)
@36 approve (0,4119)
@36 approve (0,766)
@36 approve (0,1249)
@36 approve (10,3579)
@36 approve (0,622)
@36 approve (0,2395)
@36 approve (0,269)
@36 approve (10,1961)
@36 approve (0,2801)
@36 approve (0,1961)
@36 approve (10,1010)
@36 approve (0,2264)
@36 approve (10,2098)
@36 approve (0,3791)
@36 approve (10,4840)
@36 approve (10,1232)
@36 approve (0,1844)
@36 approve (10,1027)
@36 approve (0,4718)
@36 approve (10,930)
@36 approve (0,2072)
@36 approve (10,4560)
@36 approve (10,2248)
@36 approve (0,1419)
@36 approve (10,2810)
@36 approve (0,3731)
@36 approve (0,3553)
@36 approve (6,2649)
@36 approve (10,4862)
@36 approve (10,4288)
@36 approve (0,4401)
@36 approve (0,4028)
@36 approve (6,326)
@36 approve (10,3563)
@36 approve (0,3935)
@36 approve (0,2064)
@36 approve (10,4184)
@37 acc_S (1)
@37 acc_S (2)
@37 acc_F (5)
@37 acc_F (1)
@37 mgr_S (5,4)
@37 mgr_S (5,0)
@37 mgr_F (2,0)
@37 mgr_F (5,4)
@37 publish (2,3055)
@37 publish (2,1299)
@37 publish (2,4373)
@37 publish (0,563)
@37 publish (4,630)
@37 publish (9,1128)
@37 publish (6,1384)
@37 publish (0,1034)
@37 publish (6,3680)
@37 publish (0,4023)
@37 approve (10,50)
@37 publish (2,50)
@37 publish (6,2056)
@37 publish (9,2447)
@37 publish (2,3381)
@37 publish (9,4461)
@37 publish (6,2596)
@37 publish (0,1224)
@37 publish (0,1256)
@37 approve (10,2406)
@37 publish (4,2406)
@37 publish (2,4958)
@37 publish (2,494)
@37 publish (2,3051)
@37 publish (9,1603)
@37 publish (6,2567)
@37 publish (6,4022)
@37 publish (0,3220)
@37 approve (0,2007)
@37 publish (6,2007)
@37 publish (2,40)
@37 publish (9,2748)
@37 publish (6,3358)
@37 approve (10,398)
@37 publish (6,398)
@37 publish (6,4641)
@37 publish (4,4710)
@37 publish (6,937)
@37 publish (9,4495)
@37 publish (2,3896)
@37 publish (4,4646)
@37 publish (9,479)
@37 publish (6,1011)
@37 publish (4,1403)
@37 publish (6,4185)
@37 publish (9,4915)
@37 publish (4,887)
@37 publish (2,1617)
@37 publish (2,1851)
@37 publish (4,4805)
@37 publish (9,3437)
@37 publish (9,4909)
@37 approve (0,4831)
@37 approve (11,373)
@37 approve (10,3258)
@37 approve (0,2033)
@37 approve (10,519)
@37 approve (10,120)
@37 approve (10,4752)
@37 approve (11,4396)
@37 approve (11,236)
@37 approve (10,2583)
@37 approve (0,2821)
@37 approve (0,3212)
@37 approve (0,3014)
@37 approve (10,2600)
@37 approve (10,175)
@37 approve (10,4271)
@37 approve (10,1039)
@37 approve (10,2412)
@37 approve (0,2937)
@37 approve (10,677)
@37 approve (6,402)
@37 approve (10,2674)
@37 approve (10,1593)
@37 approve (10,1099)
@37 approve (10,3669)
@37 approve (6,645)
@37 approve (10,3123)
@37 approve (10,1716)
@37 approve (10,2657)
@37 approve (0,3972)
@37 approve (0,588)
@37 approve (0,1847)
@37 approve (0,436)
@37 approve (10,3900)
@37 approve (0,1945)
@37 approve (10,3479)
@37 approve (1,3468)
@38 acc_S (9)
@38 acc_S (0)
@38 acc_F (4)
@38 acc_F (9)
@38 mgr_S (3,2)
@38 mgr_S (1,2)
@38 mgr_F (0,5)
@38 mgr_F (7,9)
@38 publish (2,3544)
@38 publish (0,4370)
@38 publish (0,320)
@38 publish (0,4991)
@38 publish (2,2449)
@38 publish (6,435)
@38 publish (6,4095)
@38 publish (6,2418)
@38 publish (2,3573)
@38 publish (0,4831)
@38 publish (6,4881)
@38 publish (0,2561)
@38 publish (0,1545)
@38 publish (6,4132)
@38 publish (6,2925)
@38 publish (6,1702)
@38 publish (0,373)
@38 publish (6,2220)
@38 publish (2,3195)
@38 publish (0,3378)
@38 publish (2,3258)
@38 publish (2,1566)
@38 publish (6,3766)
@38 publish (6,1712)
@38 publish (0,2033)
@38 publish (2,4790)
@38 approve (10,2016)
@38 publish (2,2016)
@38 publish (2,1713)
@38 publish (6,1296)
@38 publish (0,519)
@38 publish (10,3592)
@38 publish (0,2919)
@38 publish (0,120)
@38 publish (0,2071)
@38 publish (6,2043)
@38 publish (0,4529)
@38 publish (6,187)
@38 publish (2,3200)
@38 publish (0,766)
@38 publish (2,4546)
@38 publish (6,4119)
@38 publish (2,766)
@38 publish (6,3945)
@38 publish (0,171)
@38 publish (2,1123)
@38 approve (0,461)
@38 approve (11,1659)
@38 approve (0,2883)
@38 approve (10,3118)
@38 approve (10,1363)
@38 approve (0,1763)
@38 approve (10,1118)
@38 approve (10,1227)
@38 approve (10,561)
@38 approve (0,2464)
@38 approve (10,3151)
@38 approve (10,8)
@38 approve (0,371)
@38 approve (10,2741)
@38 approve (10,4817)
@38 approve (11,2308)
@38 approve (10,2573)
@38 approve (10,416)
@38 approve (0,4674)
@38 approve (0,2782)
@38 approve (0,1266)
@38 approve (0,2155)
@38 approve (10,164)
@38 approve (10,2601)
@38 approve (10,340)
@38 approve (10,2107)
@38 approve (6,1733)
@38 approve (0,3875)
@38 approve (0,2998)
@38 approve (0,1965)
@38 approve (11,2652)
@38 approve (10,2429)
@38 approve (6,3430)
@38 approve (6,634)
@38 approve (6,1734)
@38 approve (10,1950)
@38 approve (0,844)
@38 approve (6,4074)
@38 approve (0,2560)
@38 approve (6,1077)
@38 approve (10,3596)
@38 approve (10,2999)
@38 approve (10,519)
@38 approve (0,1357)
@38 approve (0,2404)
@38 approve (10,4384)
@38 approve (11,2962)
@39 acc_S (5)
@39 acc_S (5)
@39 acc_F (1)
@39 acc_F (5)
@39 mgr_S (1,2)
@39 mgr_S (8,0)
@39 mgr_F (1,5)
@39 mgr_F (9,5)
@39 publish (0,1841)
@39 approve (10,4913)
@39 publish (2,4913)
@39 publish (6,3937)
@39 publish (6,2307)
@39 publish (6,461)
@39 publish (6,4961)
@39 publish (2,1923)
@39 approve (0,397)
@39 publish (2,397)
@39 publish (2,1249)
@39 publish (2,2926)
@39 publish (0,4818)
@39 publish (10,4316)
@39 publish (6,3537)
@39 publish (6,2012)
@39 publish (6,3579)
@39 approve (0,89)
@39 publish (0,89)
@39 publish (2,327)
@39 publish (6,1887)
@39 approve (10,3620)
@39 publish (0,3620)
@39 publish (6,3789)
@39 publish (2,2140)
@39 publish (0,675)
@39 publish (2,1659)
@39 publish (6,2883)
@39 publish (2,1342)
@39 publish (6,3118)
@39 approve (0,3818)
@39 publish (2,3818)
@39 publish (2,4430)
@39 publish (2,2125)
@39 publish (0,1363)
@39 publish (0,617)
@39 publish (2,995)
@39 publish (0,2341)
@39 publish (0,3340)
@39 publish (6,622)
@39 approve (10,4565)
@39 publish (0,4565)
@39 publish (0,1317)
@39 publish (0,2395)
@39 publish (6,4925)
@39 publish (6,2561)
@39 publish (6,1578)
@39 publish (6,18)
@39 publish (2,2801)
@39 approve (0,3095)
@39 approve (0,3288)
@39 approve (10,4277)
@39 approve (10,4400)
@39 approve (10,2781)
@39 approve (10,234)
@39 approve (10,2237)
@39 approve (10,359)
@39 approve (11,4112)
@39 approve (10,3186)
@39 approve (10,4650)
@39 approve (10,2515)
@39 approve (10,1565)
@39 approve (0,3378)
@39 approve (10,4059)
@39 approve (10,1213)
@39 approve (10,2432)
@39 approve (0,924)
@39 approve (10,512)
@39 approve (0,3199)
@39 approve (10,926)
@39 approve (6,4784)
@39 approve (10,1204)
@39 approve (10,4944)
@39 approve (0,1588)
@39 approve (10,3722)
@39 approve (0,3903)
@39 approve (10,2222)
@39 approve (0,2631)
@39 approve (10,17)
@39 approve (10,1346)
@39 approve (10,3972)
@39 approve (0,2555)
@39 approve (10,1149)
@39 approve (10,2648)
@39 approve (10,2164)
@39 approve (0,2333)
@39 approve (10,2937)
@39 approve (10,3065)
@39 approve (10,4950)
@39 approve (0,1091)
@39 approve (10,4065)
@39 approve (0,63)
@39 approve (10,3110)
@39 approve (10,3514)
@40 acc_S (2)
@40 acc_S (6)
@40 acc_F (1)
@40 acc_F (0)
@40 mgr_S (2,8)
@40 mgr_S (3,1)
@40 mgr_F (5,5)
@40 mgr_F (6,3)
@40 publish (2,4062)
@40 approve (0,3924)
@40 publish (6,3924)
@40 publish (6,1763)
@40 publish (6,1263)
@40 publish (2,4716)
@40 publish (2,269)
@40 publish (6,275)
@40 publish (6,1564)
@40 publish (2,4692)
@40 approve (10,1304)
@40 publish (6,1304)
@40 publish (6,1612)
@40 approve (0,2543)
@40 publish (2,2543)
@40 publish (6,3998)
@40 publish (6,1453)
@40 publish (6,3767)
@40 publish (6,4752)
@40 publish (2,65)
@40 publish (6,2104)
@40 publish (2,4934)
@40 approve (11,319)
@40 publish (2,319)
@40 publish (2,3747)
@40 publish (2,3095)
@40 publish (6,3288)
@40 publish (6,1961)
@40 publish (6,2801)
@40 publish (2,1499)
@40 publish (2,1647)
@40 publish (6,4396)
@40 publish (2,2046)
@40 approve (0,4453)
@40 publish (2,4453)
@40 publish (2,645)
@40 publish (2,309)
@40 publish (2,1118)
@40 approve (10,2163)
@40 publish (6,2163)
@40 publish (2,2216)
@40 publish (6,236)
@40 publish (2,371)
@40 publish (6,978)
@40 publish (6,1227)
@40 publish (10,4067)
@40 publish (2,3154)
@40 publish (2,1961)
@40 approve (0,1515)
@40 publish (2,1515)
@40 publish (2,1010)
@40 publish (6,4106)
@40 publish (2,3030)
@40 publish (6,2296)
@40 approve (0,546)
@40 approve (10,4254)
@40 approve (10,909)
@40 approve (0,4560)
@40 approve (0,3992)
@40 approve (10,1129)
@40 approve (10,2480)
@40 approve (10,315)
@40 approve (10,856)
@40 approve (0,3785)
@40 approve (0,4647)
@40 approve (10,2609)
@40 approve (10,1678)
@40 approve (3,743)
@40 approve (3,4390)
@40 approve (10,1752)
@40 approve (0,3662)
@40 approve (10,2510)
@40 approve (10,3370)
@40 approve (0,169)
@40 approve (0,4995)
@40 approve (10,3106)
@40 approve (0,2133)
@40 approve (11,2862)
@40 approve (0,4714)
@40 approve (10,3525)
@40 approve (0,3189)
@40 approve (10,459)
@40 approve (0,3250)
@40 approve (0,3731)
@40 approve (0,474)
@40 approve (10,1547)
@40 approve (0,1798)
@40 approve (3,1599)
@40 approve (10,1639)
@40 approve (11,4164)
@40 approve (3,2709)
@40 approve (10,3201)
@40 approve (0,1319)
@41 acc_S (8)
@41 acc_S (8)
@41 acc_F (0)
@41 acc_F (4)
@41 mgr_S (0,9)
@41 mgr_S (8,3)
@41 mgr_F (5,5)
@41 mgr_F (8,3)
@41 publish (8,2264)
@41 publish (6,2583)
@41 approve (0,1662)
@41 publish (6,1662)
@41 publish (6,1211)
@41 publish (8,546)
@41 approve (10,3302)
@41 publish (6,3302)
@41 approve (10,925)
@41 publish (8,925)
@41 publish (8,868)
@41 publish (8,2098)
@41 publish (8,561)
@41 publish (6,2464)
@41 publish (8,1120)
@41 approve (0,2095)
@41 publish (10,2095)
@41 publish (2,4277)
@41 publish (2,3791)
@41 publish (6,4105)
@41 publish (8,4400)
@41 publish (2,3151)
@41 approve (0,3507)
@41 publish (10,3507)
@41 publish (2,8)
@41 publish (2,4840)
@41 publish (8,2410)
@41 publish (6,1984)
@41 publish (10,2820)
@41 publish (2,2147)
@41 publish (2,2781)
@41 publish (2,890)
@41 publish (2,1232)
@41 publish (2,2821)
@41 publish (8,1936)
@41 publish (8,117)
@41 approve (0,3255)
@41 publish (8,3255)
@41 publish (8,234)
@41 publish (6,1666)
@41 publish (6,371)
@41 publish (6,2195)
@41 publish (8,370)
@41 publish (6,1370)
@41 publish (8,4254)
@41 publish (8,1844)
@41 publish (8,2741)
@41 publish (6,3212)
@41 publish (6,1016)
@41 publish (2,2527)
@41 publish (6,3014)
@41 approve (0,3471)
@41 approve (10,2156)
@41 approve (0,452)
@41 approve (0,3385)
@41 approve (0,4609)
@41 approve (10,4041)
@41 approve (0,3979)
@41 approve (0,4384)
@41 approve (10,1055)
@41 approve (0,3913)
@41 approve (0,4639)
@41 approve (3,1266)
@41 approve (10,3944)
@41 approve (10,4666)
@41 approve (10,4094)
@41 approve (3,930)
@41 approve (10,514)
@41 approve (0,4483)
@41 approve (0,646)
@41 approve (0,3101)
@41 approve (10,1300)
@41 approve (10,141)
@41 approve (0,1406)
@41 approve (0,2267)
@41 approve (10,2997)
@41 approve (3,4)
@41 approve (10,3413)
@41 approve (10,2804)
@41 approve (3,173)
@41 approve (10,4723)
@41 approve (10,4739)
@41 approve (10,3760)
@41 approve (10,2051)
@41 approve (10,3481)
@41 approve (10,1024)
@41 approve (10,864)
@41 approve (10,4523)
@41 approve (3,4963)
@42 acc_S (1)
@42 acc_S (2)
@42 acc_F (5)
@42 acc_F (1)
@42 mgr_S (1,0)
@42 mgr_S (3,7)
@42 mgr_F (0,9)
@42 mgr_F (9,2)
@42 publish (2,909)
@42 publish (8,3610)
@42 approve (10,1286)
@42 publish (6,1286)
@42 publish (8,71)
@42 publish (6,4264)
@42 publish (8,4895)
@42 publish (8,2869)
@42 publish (6,2600)
@42 approve (10,4242)
@42 publish (6,4242)
@42 approve (0,3516)
@42 publish (6,3516)
@42 publish (8,175)
@42 publish (6,4560)
@42 publish (2,3428)
@42 publish (2,4817)
@42 publish (2,685)
@42 publish (8,4211)
@42 publish (2,4494)
@42 approve (0,4696)
@42 publish (2,4696)
@42 publish (8,4271)
@42 publish (6,2461)
@42 publish (8,532)
@42 publish (2,2308)
@42 approve (10,4406)
@42 publish (8,4406)
@42 publish (2,3449)
@42 publish (6,1723)
@42 publish (6,3471)
@42 approve (0,4113)
@42 publish (6,4113)
@42 publish (2,3746)
@42 publish (2,1039)
@42 publish (8,2156)
@42 publish (2,452)
@42 publish (2,3992)
@42 publish (8,2573)
@42 publish (2,1304)
@42 publish (2,1354)
@42 publish (6,2237)
@42 publish (6,1514)
@42 publish (2,359)
@42 publish (8,3385)
@42 publish (10,1620)
@42 publish (2,379)
@42 publish (6,4112)
@42 publish (8,3988)
@42 publish (2,4609)
@42 publish (2,4444)
@42 approve (10,2345)
@42 approve (0,1111)
@42 approve (0,653)
@42 approve (0,4431)
@42 approve (10,460)
@42 approve (3,240)
@42 approve (10,4505)
@42 approve (10,1140)
@42 approve (10,168)
@42 approve (10,1645)
@42 approve (3,204)
@42 approve (10,3826)
@42 approve (0,2099)
@42 approve (10,3477)
@42 approve (0,1548)
@42 approve (10,3247)
@42 approve (0,97)
@42 approve (10,3225)
@42 approve (10,791)
@42 approve (10,373)
@42 approve (0,1325)
@42 approve (10,1377)
@42 approve (10,2538)
@42 approve (3,1642)
@42 approve (10,1342)
@42 approve (0,2806)
@42 approve (3,3692)
@42 approve (10,2238)
@42 approve (10,2313)
@42 approve (10,2470)
@42 approve (10,1534)
@42 approve (10,1389)
@42 approve (0,569)
@42 approve (3,4889)
@42 approve (10,919)
@42 approve (10,4486)
@42 approve (10,2434)
@42 approve (0,1373)
@42 approve (10,782)
@42 approve (3,3659)
@42 approve (10,2601)
@42 approve (10,528)
@42 approve (3,4206)
@42 approve (0,655)
@42 approve (10,2126)
@43 acc_S (8)
@43 acc_S (6)
@43 acc_F (3)
@43 acc_F (1)
@43 mgr_S (1,5)
@43 mgr_S (8,0)
@43 mgr_F (4,2)
@43 mgr_F (1,6)
@43 publish (6,416)
@43 publish (2,3620)
@43 publish (2,1027)
@43 approve (0,3998)
@43 publish (8,3998)
@43 publish (2,4718)
@43 publish (8,1129)
@43 approve (0,2929)
@43 publish (2,2929)
@43 publish (6,3170)
@43 publish (8,2480)
@43 publish (2,3186)
@43 publish (8,930)
@43 publish (6,4650)
@43 publish (8,315)
@43 publish (2,2072)
@43 approve (0,1480)
@43 publish (2,1480)
@43 publish (10,856)
@43 publish (8,4338)
@43 publish (8,4674)
@43 publish (8,3246)
@43 publish (6,4560)
@43 publish (2,2345)
@43 publish (2,2782)
@43 publish (8,1111)
@43 publish (6,3785)
@43 publish (6,1266)
@43 publish (10,2412)
@43 publish (6,719)
@43 publish (6,4647)
@43 publish (6,2609)
@43 publish (6,1678)
@43 publish (8,2515)
@43 publish (6,1907)
@43 publish (8,4102)
@43 publish (8,1565)
@43 publish (2,2522)
@43 approve (10,1199)
@43 publish (6,1199)
@43 publish (6,2155)
@43 publish (2,4128)
@43 publish (2,4318)
@43 publish (2,3378)
@43 publish (8,4059)
@43 publish (2,164)
@43 publish (2,2248)
@43 publish (2,653)
@43 approve (0,1940)
@43 publish (10,1940)
@43 approve (10,4120)
@43 approve (10,2673)
@43 approve (3,2268)
@43 approve (10,3742)
@43 approve (10,232)
@43 approve (0,3997)
@43 approve (0,2536)
@43 approve (10,3201)
@43 approve (1,876)
@43 approve (10,4207)
@43 approve (10,3751)
@43 approve (10,3897)
@43 approve (0,1018)
@43 approve (0,2778)
@43 approve (10,3446)
@43 approve (1,408)
@43 approve (1,663)
@43 approve (3,1573)
@43 approve (10,4791)
@43 approve (10,1424)
@43 approve (10,4835)
@43 approve (10,157)
@43 approve (0,578)
@43 approve (1,4017)
@43 approve (10,1764)
@43 approve (10,3403)
@43 approve (10,4472)
@43 approve (11,951)
@43 approve (10,1893)
@43 approve (10,3336)
@43 approve (0,956)
@43 approve (10,3515)
@43 approve (10,2874)
@43 approve (10,3675)
@43 approve (10,2336)
@43 approve (1,2973)
@43 approve (10,1659)
@44 acc_S (1)
@44 acc_S (2)
@44 acc_F (8)
@44 acc_F (9)
@44 mgr_S (3,9)
@44 mgr_S (6,2)
@44 mgr_F (8,3)
@44 mgr_F (2,2)
@44 publish (1,2601)
@44 publish (6,1419)
@44 publish (2,2937)
@44 publish (2,4120)
@44 publish (2,2810)
@44 publish (6,677)
@44 publish (6,4431)
@44 publish (6,460)
@44 approve (3,3896)
@44 publish (1,3896)
@44 publish (2,3731)
@44 publish (10,1641)
@44 publish (1,33)
@44 publish (6,340)
@44 publish (1,3218)
@44 publish (1,240)
@44 publish (1,743)
@44 publish (2,4837)
@44 publish (1,402)
@44 publish (1,4505)
@44 publish (1,4390)
@44 publish (6,1213)
@44 publish (1,2722)
@44 publish (6,3553)
@44 publish (1,2107)
@44 publish (2,2432)
@44 publish (6,1752)
@44 publish (6,4041)
@44 publish (2,1140)
@44 approve (0,2538)
@44 publish (6,2538)
@44 publish (1,4294)
@44 publish (2,924)
@44 publish (1,2649)
@44 publish (6,4862)
@44 publish (1,519)
@44 publish (1,2673)
@44 publish (6,4288)
@44 publish (1,2268)
@44 publish (6,512)
@44 publish (6,168)
@44 publish (1,1733)
@44 publish (6,1645)
@44 publish (6,3875)
@44 publish (6,3979)
@44 publish (6,4401)
@44 publish (1,204)
@44 publish (6,2998)
@44 publish (6,3662)
@44 approve (0,4621)
@44 approve (0,374)
@44 approve (0,1164)
@44 approve (10,4660)
@44 approve (10,4562)
@44 approve (0,4963)
@44 approve (10,3314)
@44 approve (0,4624)
@44 approve (1,1632)
@44 approve (10,899)
@44 approve (10,1163)
@44 approve (0,4315)
@44 approve (10,1941)
@44 approve (0,1364)
@44 approve (0,1505)
@44 approve (1,4640)
@44 approve (10,290)
@44 approve (10,4167)
@44 approve (0,928)
@44 approve (10,3804)
@44 approve (0,460)
@44 approve (10,2271)
@44 approve (10,1017)
@44 approve (10,1683)
@44 approve (0,1126)
@44 approve (10,707)
@44 approve (10,893)
@44 approve (3,1968)
@44 approve (0,1762)
@44 approve (10,929)
@44 approve (0,4388)
@44 approve (10,2512)
@44 approve (0,4559)
@44 approve (11,2276)
@44 approve (0,1203)
@44 approve (10,3002)
@44 approve (10,561)
@45 acc_S (1)
@45 acc_S (4)
@45 acc_F (3)
@45 acc_F (3)
@45 mgr_S (0,2)
@45 mgr_S (2,5)
@45 mgr_F (6,9)
@45 mgr_F (6,9)
@45 publish (2,1965)
@45 publish (6,4621)
@45 publish (4,3199)
@45 publish (2,4028)
@45 publish (6,2652)
@45 publish (4,2429)
@45 publish (2,374)
@45 publish (2,2510)
@45 publish (6,3370)
@45 approve (10,1583)
@45 publish (2,1583)
@45 publish (1,326)
@45 publish (2,3826)
@45 publish (4,169)
@45 publish (6,1164)
@45 publish (4,4384)
@45 publish (4,2593)
@45 publish (6,4660)
@45 publish (1,1772)
@45 publish (2,1055)
@45 publish (4,3223)
@45 publish (4,926)
@45 publish (1,4784)
@45 publish (6,3913)
@45 publish (6,4639)
@45 publish (1,1266)
@45 publish (1,2674)
@45 publish (2,1593)
@45 publish (2,4995)
@45 approve (10,150)
@45 publish (1,150)
@45 publish (1,3430)
@45 publish (2,1204)
@45 publish (2,3742)
@45 publish (1,4944)
@45 publish (6,1099)
@45 publish (4,3669)
@45 publish (10,634)
@45 publish (2,1588)
@45 publish (4,3722)
@45 publish (4,3903)
@45 publish (1,1734)
@45 publish (2,1950)
@45 publish (1,2222)
@45 publish (1,3563)
@45 publish (1,645)
@45 publish (4,2631)
@45 approve (10,1486)
@45 approve (10,2045)
@45 approve (10,4177)
@45 approve (10,3221)
@45 approve (10,3108)
@45 approve (10,3485)
@45 approve (0,480)
@45 approve (10,2993)
@45 approve (0,3265)
@45 approve (10,3643)
@45 approve (10,4090)
@45 approve (10,1715)
@45 approve (10,1790)
@45 approve (1,3807)
@45 approve (10,2552)
@45 approve (10,2956)
@45 approve (10,4954)
@45 approve (10,3594)
@45 approve (10,54)
@45 approve (3,1093)
@45 approve (3,4959)
@45 approve (10,1512)
@45 approve (10,2428)
@45 approve (0,4516)
@45 approve (0,1150)
@45 approve (10,2658)
@45 approve (10,1530)
@45 approve (11,439)
@45 approve (10,679)
@45 approve (3,173)
@45 approve (10,674)
@45 approve (10,352)
@45 approve (10,4355)
@45 approve (1,3303)
@45 approve (10,3059)
@45 approve (10,2688)
@45 approve (10,2498)
@45 approve (10,1210)
@45 approve (10,4199)
@46 acc_S (8)
@46 acc_S (3)
@46 acc_F (7)
@46 acc_F (5)
@46 mgr_S (3,6)
@46 mgr_S (5,2)
@46 mgr_F (5,0)
@46 mgr_F (5,8)
@46 publish (2,2099)
@46 approve (10,2482)
@46 publish (3,2482)
@46 approve (10,1171)
@46 publish (8,1171)
@46 publish (4,3123)
@46 publish (8,4562)
@46 publish (8,844)
@46 publish (10,3477)
@46 publish (4,17)
@46 publish (6,1548)
@46 approve (10,726)
@46 publish (3,726)
@46 publish (1,3247)
@46 publish (8,97)
@46 publish (4,232)
@46 publish (1,3944)
@46 publish (1,3225)
@46 approve (10,1597)
@46 publish (8,1597)
@46 publish (3,102)
@46 publish (4,3935)
@46 publish (6,1716)
@46 publish (8,4666)
@46 publish (1,2657)
@46 approve (10,4630)
@46 publish (3,4630)
@46 publish (2,4963)
@46 publish (8,3106)
@46 publish (2,2064)
@46 publish (2,2133)
@46 publish (3,1486)
@46 publish (4,791)
@46 publish (6,373)
@46 publish (3,2045)
@46 publish (2,2862)
@46 publish (6,4094)
@46 publish (4,1325)
@46 publish (3,1346)
@46 publish (6,4177)
@46 publish (2,4714)
@46 publish (6,3221)
@46 publish (10,3972)
@46 publish (2,3972)
@46 publish (3,3525)
@46 publish (2,3108)
@46 publish (3,1377)
@46 approve (0,4549)
@46 approve (10,1086)
@46 approve (0,2239)
@46 approve (10,757)
@46 approve (10,1675)
@46 approve (0,2665)
@46 approve (10,4178)
@46 approve (0,4316)
@46 approve (10,805)
@46 approve (10,224)
@46 approve (3,1076)
@46 approve (0,2964)
@46 approve (11,4068)
@46 approve (0,4825)
@46 approve (10,2204)
@46 approve (10,60)
@46 approve (3,3092)
@46 approve (0,4961)
@46 approve (3,619)
@46 approve (10,1055)
@46 approve (11,763)
@46 approve (10,3090)
@46 approve (0,4983)
@46 approve (10,1754)
@46 approve (10,315)
@46 approve (0,2244)
@46 approve (0,214)
@46 approve (10,3259)
@46 approve (10,707)
@46 approve (0,3659)
@46 approve (0,659)
@46 approve (3,4403)
@46 approve (10,1865)
@46 approve (0,1261)
@47 acc_S (1)
@47 acc_S (4)
@47 acc_F (2)
@47 acc_F (3)
@47 mgr_S (9,8)
@47 mgr_S (3,6)
@47 mgr_F (8,6)
@47 mgr_F (7,9)
@47 publish (8,4549)
@47 publish (1,930)
@47 publish (8,2555)
@47 publish (4,3189)
@47 publish (6,1086)
@47 publish (6,3485)
@47 approve (10,252)
@47 publish (4,252)
@47 publish (4,480)
@47 publish (6,588)
@47 publish (1,4074)
@47 publish (8,459)
@47 publish (8,3997)
@47 publish (4,3250)
@47 publish (4,2239)
@47 publish (1,757)
@47 publish (4,1847)
@47 publish (8,2538)
@47 approve (10,1263)
@47 publish (4,1263)
@47 publish (8,436)
@47 publish (4,2993)
@47 approve (0,211)
@47 publish (4,211)
@47 publish (6,2560)
@47 publish (4,514)
@47 publish (6,1149)
@47 publish (4,3900)
@47 approve (0,4116)
@47 publish (6,4116)
@47 publish (6,1945)
@47 approve (10,850)
@47 publish (1,850)
@47 approve (11,411)
@47 publish (4,411)
@47 publish (1,1077)
@47 publish (1,1642)
@47 publish (6,2536)
@47 publish (4,3201)
@47 publish (4,4184)
@47 publish (1,1342)
@47 publish (6,3265)
@47 publish (8,4483)
@47 publish (4,3731)
@47 publish (10,3596)
@47 publish (4,3314)
@47 publish (4,3479)
@47 approve (10,970)
@47 publish (10,970)
@47 publish (1,2999)
@47 publish (8,646)
@47 publish (8,2806)
@47 publish (6,3101)
@47 approve (10,2117)
@47 publish (4,2117)
@47 publish (1,3692)
@47 approve (10,3214)
@47 approve (0,147)
@47 approve (0,4254)
@47 approve (10,2096)
@47 approve (10,2528)
@47 approve (10,3361)
@47 approve (10,2215)
@47 approve (10,1443)
@47 approve (0,153)
@47 approve (10,943)
@47 approve (3,2142)
@47 approve (10,4860)
@47 approve (10,3843)
@47 approve (0,3723)
@47 approve (0,1079)
@47 approve (0,1309)
@47 approve (0,3995)
@47 approve (1,175)
@47 approve (0,4485)
@47 approve (10,4043)
@47 approve (3,3932)
@47 approve (10,4059)
@47 approve (10,1602)
@47 approve (0,1381)
@47 approve (10,620)
@47 approve (10,3551)
@47 approve (3,2216)
@47 approve (3,1776)
@47 approve (1,267)
@47 approve (0,2362)
@47 approve (11,4614)
@47 approve (0,62)
@47 approve (10,573)
@47 approve (10,490)
@47 approve (10,3984)
@47 approve (10,4804)
@47 approve (10,2982)
@47 approve (3,4574)
@47 approve (3,2436)
@47 approve (11,3903)
@47 approve (0,981)
@47 approve (10,4000)
@47 approve (0,2192)
@47 approve (10,246)
@47 approve (3,3976)
@48 acc_S (5)
@48 acc_S (7)
@48 acc_F (3)
@48 acc_F (7)
@48 mgr_S (9,7)
@48 mgr_S (9,9)
@48 mgr_F (8,1)
@48 mgr_F (5,8)
@48 publish (1,3214)
@48 publish (5,519)
@48 publish (4,4624)
@48 publish (8,817)
@48 publish (4,1300)
@48 publish (5,1632)
@48 publish (8,1675)
@48 publish (5,876)
@48 publish (4,474)
@48 publish (8,899)
@48 publish (4,141)
@48 publish (6,4207)
@48 publish (4,1547)
@48 publish (8,1357)
@48 publish (4,2665)
@48 publish (4,1163)
@48 publish (1,2648)
@48 publish (1,4178)
@48 publish (5,4528)
@48 publish (6,147)
@48 publish (6,3643)
@48 publish (6,4316)
@48 publish (6,2238)
@48 publish (6,2404)
@48 publish (6,3751)
@48 publish (6,805)
@48 publish (1,2164)
@48 publish (4,2333)
@48 publish (8,4254)
@48 publish (1,2313)
@48 publish (8,4315)
@48 publish (5,1466)
@48 publish (4,2937)
@48 approve (3,4552)
@48 publish (1,4552)
@48 publish (5,224)
@48 publish (6,4090)
@48 publish (5,3468)
@48 publish (6,4384)
@48 publish (6,2962)
@48 approve (10,374)
@48 publish (5,374)
@48 publish (6,1406)
@48 publish (6,2267)
@48 publish (1,1715)
@48 publish (1,2096)
@48 publish (6,2528)
@48 approve (10,3760)
@48 approve (0,4107)
@48 approve (10,1284)
@48 approve (3,3657)
@48 approve (10,1124)
@48 approve (10,613)
@48 approve (10,634)
@48 approve (10,1338)
@48 approve (10,2871)
@48 approve (11,4900)
@48 approve (1,1403)
@48 approve (0,4403)
@48 approve (10,811)
@48 approve (11,3099)
@48 approve (10,2763)
@48 approve (0,2283)
@48 approve (10,1608)
@48 approve (10,1745)
@48 approve (3,3942)
@48 approve (10,3434)
@48 approve (10,3440)
@48 approve (10,4827)
@48 approve (3,4819)
@48 approve (10,3626)
@48 approve (0,1616)
@48 approve (10,1637)
@48 approve (10,60)
@48 approve (10,633)
@48 approve (10,2713)
@48 approve (0,611)
@48 approve (3,4281)
@48 approve (10,4462)
@48 approve (10,3588)
@48 approve (10,1134)
@48 approve (10,4345)
@48 approve (0,232)
@48 approve (1,4692)
@48 approve (10,4141)
@48 approve (10,912)
@49 acc_S (3)
@49 acc_S (5)
@49 acc_F (4)
@49 acc_F (0)
@49 mgr_S (7,0)
@49 mgr_S (4,6)
@49 mgr_F (2,6)
@49 mgr_F (5,6)
@49 publish (8,1798)
@49 publish (3,3361)
@49 publish (1,1076)
@49 publish (3,3760)
@49 publish (1,3065)
@49 approve (10,2432)
@49 publish (6,2432)
@49 publish (3,2997)
@49 publish (8,1941)
@49 publish (8,1790)
@49 publish (3,2215)
@49 approve (0,4718)
@49 publish (8,4718)
@49 publish (8,1364)
@49 publish (8,2964)
@49 publish (1,4950)
@49 approve (10,2804)
@49 publish (6,2804)
@49 publish (5,2470)
@49 publish (3,3897)
@49 publish (5,1536)
@49 publish (6,1091)
@49 publish (8,1018)
@49 publish (6,1443)
@49 publish (6,1505)
@49 publish (1,4)
@49 publish (1,1599)
@49 publish (8,1534)
@49 publish (6,4107)
@49 publish (6,2778)
@49 publish (1,4065)
@49 publish (1,3413)
@49 publish (6,4068)
@49 approve (1,1520)
@49 publish (5,1520)
@49 publish (5,3807)
@49 publish (5,2552)
@49 publish (6,63)
@49 publish (5,1284)
@49 publish (6,1639)
@49 publish (8,3446)
@49 publish (5,4640)
@49 publish (3,2956)
@49 publish (1,4954)
@49 publish (5,408)
@49 publish (5,663)
@49 publish (1,3657)
@49 publish (8,2804)
@49 approve (10,394)
@49 approve (10,1840)
@49 approve (10,4028)
@49 approve (3,895)
@49 approve (10,4483)
@49 approve (3,417)
@49 approve (10,307)
@49 approve (10,4297)
@49 approve (0,4063)
@49 approve (3,387)
@49 approve (10,2743)
@49 approve (11,2538)
@49 approve (10,21)
@49 approve (3,58)
@49 approve (10,954)
@49 approve (3,2888)
@49 approve (10,1408)
@49 approve (10,1991)
@49 approve (10,2671)
@49 approve (10,1751)
@49 approve (10,2773)
@49 approve (0,2798)
@49 approve (3,3213)
@49 approve (1,4911)
@49 approve (3,2380)
@49 approve (10,1666)
@49 approve (0,680)
@49 approve (0,2460)
@49 approve (10,2604)
@49 approve (3,4160)
@49 approve (10,4126)
@49 approve (10,1323)
@49 approve (10,3446)
@49 approve (3,4592)
@49 approve (10,4204)
@49 approve (0,133)
@49 approve (10,2567)
@50 acc_S (2)
@50 acc_S (2)
@50 acc_F (5)
@50 acc_F (2)
@50 mgr_S (4,7)
@50 mgr_S (0,0)
@50 mgr_F (1,1)
@50 mgr_F (6,2)
@50 publish (1,574)
@50 publish (1,1389)
@50 publish (1,173)
@50 publish (3,3594)
@50 approve (0,4423)
@50 publish (8,4423)
@50 publish (1,1124)
@50 publish (6,4164)
@50 publish (6,4825)
@50 publish (3,3110)
@50 publish (8,54)
@50 publish (6,569)
@50 publish (8,613)
@50 publish (6,153)
@50 publish (6,290)
@50 publish (8,4167)
@50 publish (1,1573)
@50 publish (6,4102)
@50 approve (10,4348)
@50 publish (3,4348)
@50 publish (1,926)
@50 publish (3,943)
@50 publish (6,4791)
@50 publish (8,4723)
@50 publish (6,3514)
@50 publish (8,1424)
@50 publish (6,928)
@50 approve (10,106)
@50 publish (1,106)
@50 publish (1,4739)
@50 publish (3,3804)
@50 approve (10,1417)
@50 publish (10,1417)
@50 publish (1,2142)
@50 publish (6,2204)
@50 publish (10,4860)
@50 publish (8,60)
@50 publish (1,4889)
@50 publish (10,3843)
@50 publish (6,3723)
@50 publish (8,460)
@50 publish (8,634)
@50 publish (1,2709)
@50 publish (1,3201)
@50 publish (3,4835)
@50 publish (1,3092)
@50 publish (3,3760)
@50 publish (6,2051)
@50 publish (6,3481)
@50 publish (3,394)
@50 publish (1,1093)
@50 publish (8,1024)
@50 approve (10,399)
@50 approve (10,3269)
@50 approve (10,3347)
@50 approve (0,1830)
@50 approve (10,2553)
@50 approve (10,2639)
@50 approve (10,4924)
@50 approve (0,3023)
@50 approve (10,898)
@50 approve (1,3955)
@50 approve (10,3694)
@50 approve (3,1801)
@50 approve (0,2394)
@50 approve (3,2001)
@50 approve (10,2442)
@50 approve (3,4990)
@50 approve (10,1947)
@50 approve (10,1204)
@50 approve (0,3130)
@50 approve (10,1984)
@50 approve (10,2353)
@50 approve (0,3408)
@50 approve (3,601)
@50 approve (3,721)
@50 approve (10,4099)
@50 approve (3,192)
@50 approve (3,488)
@50 approve (10,2536)
@50 approve (0,1248)
@50 approve (1,2432)
@50 approve (10,711)
@50 approve (0,1820)
@50 approve (10,927)
@50 approve (3,4720)
@50 approve (0,4582)
@50 approve (10,2282)
@50 approve (3,1739)
@50 approve (10,919)
@50 approve (3,3574)
@50 approve (0,4742)
@51 acc_S (5)
@51 acc_S (4)
@51 acc_F (3)
@51 acc_F (0)
@51 mgr_S (8,3)
@51 mgr_S (5,9)
@51 mgr_F (1,9)
@51 mgr_F (0,4)
@51 publish (1,4959)
@51 approve (0,1041)
@51 publish (6,1041)
@51 publish (5,399)
@51 publish (1,2271)
@51 publish (6,1319)
@51 publish (5,1840)
@51 publish (6,4028)
@51 publish (6,4961)
@51 publish (5,864)
@51 publish (8,1079)
@51 publish (4,157)
@51 publish (4,1512)
@51 publish (6,2428)
@51 publish (1,895)
@51 publish (5,4483)
@51 publish (1,3269)
@51 publish (6,578)
@51 publish (5,1338)
@51 publish (5,2871)
@51 publish (5,4017)
@51 publish (6,1309)
@51 publish (1,417)
@51 publish (8,1764)
@51 publish (1,307)
@51 approve (0,2031)
@51 publish (8,2031)
@51 publish (6,919)
@51 publish (8,3762)
@51 publish (5,4523)
@51 publish (5,4486)
@51 publish (6,1017)
@51 publish (1,4963)
@51 publish (4,4516)
@51 publish (4,3403)
@51 publish (6,3995)
@51 approve (3,1351)
@51 publish (1,1351)
@51 publish (8,3122)
@51 publish (1,4472)
@51 publish (5,175)
@51 publish (5,3347)
@51 publish (6,1150)
@51 publish (4,2434)
@51 publish (5,1683)
@51 publish (1,4297)
@51 approve (1,4626)
@51 approve (1,2988)
@51 approve (10,2799)
@51 approve (10,2719)
@51 approve (10,2082)
@51 approve (3,1806)
@51 approve (1,4825)
@51 approve (1,885)
@51 approve (0,4725)
@51 approve (0,2268)
@51 approve (10,3545)
@51 approve (0,3820)
@51 approve (1,2332)
@51 approve (10,1439)
@51 approve (10,1956)
@51 approve (0,1786)
@51 approve (10,3761)
@51 approve (1,2709)
> save_and_exit checkpoint <